Activate correct environment
This is the input directory: /athena/listonlab/scratch/dje4001/lightsheet_scratch/fostrapxai9tdtomato_watercontrol/lightsheet/destriped/20230606_14_05_11_Cage3976645_Animal1_FosCreERxAi9_Male_Cohort1_TMTWaterControl/
This is the output directory: /athena/listonlab/scratch/dje4001/lightsheet_scratch/fostrapxai9tdtomato_watercontrol/lightsheet/stitched/20230606_14_05_11_Cage3976645_Animal1_FosCreERxAi9_Male_Cohort1_TMTWaterControl/
This is the input directory: /athena/listonlab/scratch/dje4001/lightsheet_scratch/fostrapxai9tdtomato_watercontrol/lightsheet/destriped/20230606_14_05_11_Cage3976645_Animal1_FosCreERxAi9_Male_Cohort1_TMTWaterControl/Ex_647_Em_680/

Time elapsed: 1.0 seconds

[H[2J[3J[H[2J[3J[H[2J[3J[H[2J[3J[H[2J[3J[H[2J[3J[H[2J[3J[H[2J[3J[H[2J[3J[H[2J[3J[H[2J[3J[H[2J[3J[H[2J[3J[H[2J[3J[H[2J[3J[H[2J[3J[H[2J[3J[H[2J[3J[H[2J[3J[H[2J[3J[H[2J[3J[H[2J[3J[H[2J[3J[H[2J[3J[H[2J[3J[H[2J[3J[H[2J[3J[H[2J[3J[H[2J[3J[H[2J[3J[H[2J[3J[H[2J[3J[H[2J[3J[H[2J[3JOPERATION:	Pairwise displacement computation
PHASE:		Initializing...
TIME REMAINING:	0 minutes and 0 seconds
PROGRESS:	0%	::::::::::::::::::::::::::::::::::::::::::::::::::::::::::::::::::::::::::::::::::::::::::::::::::::

OPERATION:	Pairwise displacement computation
PHASE:		Displacement computation 1 of 266
TIME REMAINING:	1183 minutes and 40 seconds
PROGRESS:	0%	::::::::::::::::::::::::::::::::::::::::::::::::::::::::::::::::::::::::::::::::::::::::::::::::::::

OPERATION:	Pairwise displacement computation
PHASE:		Displacement computation 2 of 266
TIME REMAINING:	895 minutes and 24 seconds
PROGRESS:	0%	::::::::::::::::::::::::::::::::::::::::::::::::::::::::::::::::::::::::::::::::::::::::::::::::::::

OPERATION:	Pairwise displacement computation
PHASE:		Displacement computation 3 of 266
TIME REMAINING:	791 minutes and 55 seconds
PROGRESS:	1%	*:::::::::::::::::::::::::::::::::::::::::::::::::::::::::::::::::::::::::::::::::::::::::::::::::::

OPERATION:	Pairwise displacement computation
PHASE:		Displacement computation 4 of 266
TIME REMAINING:	740 minutes and 9 seconds
PROGRESS:	1%	*:::::::::::::::::::::::::::::::::::::::::::::::::::::::::::::::::::::::::::::::::::::::::::::::::::

OPERATION:	Pairwise displacement computation
PHASE:		Displacement computation 5 of 266
TIME REMAINING:	707 minutes and 18 seconds
PROGRESS:	1%	*:::::::::::::::::::::::::::::::::::::::::::::::::::::::::::::::::::::::::::::::::::::::::::::::::::

OPERATION:	Pairwise displacement computation
PHASE:		Displacement computation 6 of 266
TIME REMAINING:	689 minutes and 0 seconds
PROGRESS:	2%	**::::::::::::::::::::::::::::::::::::::::::::::::::::::::::::::::::::::::::::::::::::::::::::::::::

OPERATION:	Pairwise displacement computation
PHASE:		Displacement computation 7 of 266
TIME REMAINING:	674 minutes and 1 seconds
PROGRESS:	2%	**::::::::::::::::::::::::::::::::::::::::::::::::::::::::::::::::::::::::::::::::::::::::::::::::::

OPERATION:	Pairwise displacement computation
PHASE:		Displacement computation 8 of 266
TIME REMAINING:	587 minutes and 29 seconds
PROGRESS:	3%	***:::::::::::::::::::::::::::::::::::::::::::::::::::::::::::::::::::::::::::::::::::::::::::::::::

OPERATION:	Pairwise displacement computation
PHASE:		Displacement computation 9 of 266
TIME REMAINING:	586 minutes and 49 seconds
PROGRESS:	3%	***:::::::::::::::::::::::::::::::::::::::::::::::::::::::::::::::::::::::::::::::::::::::::::::::::

OPERATION:	Pairwise displacement computation
PHASE:		Displacement computation 10 of 266
TIME REMAINING:	526 minutes and 4 seconds
PROGRESS:	3%	***:::::::::::::::::::::::::::::::::::::::::::::::::::::::::::::::::::::::::::::::::::::::::::::::::

OPERATION:	Pairwise displacement computation
PHASE:		Displacement computation 11 of 266
TIME REMAINING:	530 minutes and 51 seconds
PROGRESS:	4%	****::::::::::::::::::::::::::::::::::::::::::::::::::::::::::::::::::::::::::::::::::::::::::::::::

OPERATION:	Pairwise displacement computation
PHASE:		Displacement computation 12 of 266
TIME REMAINING:	484 minutes and 43 seconds
PROGRESS:	4%	****::::::::::::::::::::::::::::::::::::::::::::::::::::::::::::::::::::::::::::::::::::::::::::::::

OPERATION:	Pairwise displacement computation
PHASE:		Displacement computation 13 of 266
TIME REMAINING:	493 minutes and 21 seconds
PROGRESS:	4%	****::::::::::::::::::::::::::::::::::::::::::::::::::::::::::::::::::::::::::::::::::::::::::::::::

OPERATION:	Pairwise displacement computation
PHASE:		Displacement computation 14 of 266
TIME REMAINING:	496 minutes and 48 seconds
PROGRESS:	5%	*****:::::::::::::::::::::::::::::::::::::::::::::::::::::::::::::::::::::::::::::::::::::::::::::::

OPERATION:	Pairwise displacement computation
PHASE:		Displacement computation 15 of 266
TIME REMAINING:	462 minutes and 7 seconds
PROGRESS:	5%	*****:::::::::::::::::::::::::::::::::::::::::::::::::::::::::::::::::::::::::::::::::::::::::::::::

OPERATION:	Pairwise displacement computation
PHASE:		Displacement computation 16 of 266
TIME REMAINING:	468 minutes and 29 seconds
PROGRESS:	6%	******::::::::::::::::::::::::::::::::::::::::::::::::::::::::::::::::::::::::::::::::::::::::::::::

OPERATION:	Pairwise displacement computation
PHASE:		Displacement computation 17 of 266
TIME REMAINING:	439 minutes and 24 seconds
PROGRESS:	6%	******::::::::::::::::::::::::::::::::::::::::::::::::::::::::::::::::::::::::::::::::::::::::::::::

OPERATION:	Pairwise displacement computation
PHASE:		Displacement computation 18 of 266
TIME REMAINING:	445 minutes and 56 seconds
PROGRESS:	6%	******::::::::::::::::::::::::::::::::::::::::::::::::::::::::::::::::::::::::::::::::::::::::::::::

OPERATION:	Pairwise displacement computation
PHASE:		Displacement computation 19 of 266
TIME REMAINING:	420 minutes and 59 seconds
PROGRESS:	7%	*******:::::::::::::::::::::::::::::::::::::::::::::::::::::::::::::::::::::::::::::::::::::::::::::

OPERATION:	Pairwise displacement computation
PHASE:		Displacement computation 20 of 266
TIME REMAINING:	426 minutes and 36 seconds
PROGRESS:	7%	*******:::::::::::::::::::::::::::::::::::::::::::::::::::::::::::::::::::::::::::::::::::::::::::::

OPERATION:	Pairwise displacement computation
PHASE:		Displacement computation 21 of 266
TIME REMAINING:	432 minutes and 3 seconds
PROGRESS:	7%	*******:::::::::::::::::::::::::::::::::::::::::::::::::::::::::::::::::::::::::::::::::::::::::::::

OPERATION:	Pairwise displacement computation
PHASE:		Displacement computation 22 of 266
TIME REMAINING:	410 minutes and 44 seconds
PROGRESS:	8%	********::::::::::::::::::::::::::::::::::::::::::::::::::::::::::::::::::::::::::::::::::::::::::::

OPERATION:	Pairwise displacement computation
PHASE:		Displacement computation 23 of 266
TIME REMAINING:	415 minutes and 23 seconds
PROGRESS:	8%	********::::::::::::::::::::::::::::::::::::::::::::::::::::::::::::::::::::::::::::::::::::::::::::

OPERATION:	Pairwise displacement computation
PHASE:		Displacement computation 24 of 266
TIME REMAINING:	396 minutes and 36 seconds
PROGRESS:	9%	*********:::::::::::::::::::::::::::::::::::::::::::::::::::::::::::::::::::::::::::::::::::::::::::

OPERATION:	Pairwise displacement computation
PHASE:		Displacement computation 25 of 266
TIME REMAINING:	401 minutes and 20 seconds
PROGRESS:	9%	*********:::::::::::::::::::::::::::::::::::::::::::::::::::::::::::::::::::::::::::::::::::::::::::

OPERATION:	Pairwise displacement computation
PHASE:		Displacement computation 26 of 266
TIME REMAINING:	384 minutes and 18 seconds
PROGRESS:	9%	*********:::::::::::::::::::::::::::::::::::::::::::::::::::::::::::::::::::::::::::::::::::::::::::

OPERATION:	Pairwise displacement computation
PHASE:		Displacement computation 27 of 266
TIME REMAINING:	388 minutes and 35 seconds
PROGRESS:	10%	**********::::::::::::::::::::::::::::::::::::::::::::::::::::::::::::::::::::::::::::::::::::::::::

OPERATION:	Pairwise displacement computation
PHASE:		Displacement computation 28 of 266
TIME REMAINING:	392 minutes and 8 seconds
PROGRESS:	10%	**********::::::::::::::::::::::::::::::::::::::::::::::::::::::::::::::::::::::::::::::::::::::::::

OPERATION:	Pairwise displacement computation
PHASE:		Displacement computation 29 of 266
TIME REMAINING:	377 minutes and 9 seconds
PROGRESS:	10%	**********::::::::::::::::::::::::::::::::::::::::::::::::::::::::::::::::::::::::::::::::::::::::::

OPERATION:	Pairwise displacement computation
PHASE:		Displacement computation 30 of 266
TIME REMAINING:	380 minutes and 36 seconds
PROGRESS:	11%	***********:::::::::::::::::::::::::::::::::::::::::::::::::::::::::::::::::::::::::::::::::::::::::

OPERATION:	Pairwise displacement computation
PHASE:		Displacement computation 31 of 266
TIME REMAINING:	366 minutes and 54 seconds
PROGRESS:	11%	***********:::::::::::::::::::::::::::::::::::::::::::::::::::::::::::::::::::::::::::::::::::::::::

OPERATION:	Pairwise displacement computation
PHASE:		Displacement computation 32 of 266
TIME REMAINING:	370 minutes and 30 seconds
PROGRESS:	12%	************::::::::::::::::::::::::::::::::::::::::::::::::::::::::::::::::::::::::::::::::::::::::

OPERATION:	Pairwise displacement computation
PHASE:		Displacement computation 33 of 266
TIME REMAINING:	35[H[2J[3J[H[2J[3J[H[2J[3J[H[2J[3J[H[2J[3J[H[2J[3J[H[2J[3J[H[2J[3J[H[2J[3J[H[2J[3J[H[2J[3J[H[2J[3J[H[2J[3J[H[2J[3J[H[2J[3J[H[2J[3J[H[2J[3J[H[2J[3J[H[2J[3J[H[2J[3J[H[2J[3J[H[2J[3J[H[2J[3J[H[2J[3J[H[2J[3J[H[2J[3J[H[2J[3J[H[2J[3J[H[2J[3J[H[2J[3J[H[2J[3J[H[2J[3J[H[2J[3J7 minutes and 51 seconds
PROGRESS:	12%	************::::::::::::::::::::::::::::::::::::::::::::::::::::::::::::::::::::::::::::::::::::::::

OPERATION:	Pairwise displacement computation
PHASE:		Displacement computation 34 of 266
TIME REMAINING:	361 minutes and 18 seconds
PROGRESS:	12%	************::::::::::::::::::::::::::::::::::::::::::::::::::::::::::::::::::::::::::::::::::::::::

OPERATION:	Pairwise displacement computation
PHASE:		Displacement computation 35 of 266
TIME REMAINING:	364 minutes and 6 seconds
PROGRESS:	13%	*************:::::::::::::::::::::::::::::::::::::::::::::::::::::::::::::::::::::::::::::::::::::::

OPERATION:	Pairwise displacement computation
PHASE:		Displacement computation 36 of 266
TIME REMAINING:	352 minutes and 33 seconds
PROGRESS:	13%	*************:::::::::::::::::::::::::::::::::::::::::::::::::::::::::::::::::::::::::::::::::::::::

OPERATION:	Pairwise displacement computation
PHASE:		Displacement computation 37 of 266
TIME REMAINING:	341 minutes and 32 seconds
PROGRESS:	13%	*************:::::::::::::::::::::::::::::::::::::::::::::::::::::::::::::::::::::::::::::::::::::::

OPERATION:	Pairwise displacement computation
PHASE:		Displacement computation 38 of 266
TIME REMAINING:	331 minutes and 12 seconds
PROGRESS:	14%	**************::::::::::::::::::::::::::::::::::::::::::::::::::::::::::::::::::::::::::::::::::::::

OPERATION:	Pairwise displacement computation
PHASE:		Displacement computation 39 of 266
TIME REMAINING:	348 minutes and 4 seconds
PROGRESS:	14%	**************::::::::::::::::::::::::::::::::::::::::::::::::::::::::::::::::::::::::::::::::::::::

OPERATION:	Pairwise displacement computation
PHASE:		Displacement computation 40 of 266
TIME REMAINING:	350 minutes and 46 seconds
PROGRESS:	15%	***************:::::::::::::::::::::::::::::::::::::::::::::::::::::::::::::::::::::::::::::::::::::

OPERATION:	Pairwise displacement computation
PHASE:		Displacement computation 41 of 266
TIME REMAINING:	353 minutes and 19 seconds
PROGRESS:	15%	***************:::::::::::::::::::::::::::::::::::::::::::::::::::::::::::::::::::::::::::::::::::::

OPERATION:	Pairwise displacement computation
PHASE:		Displacement computation 42 of 266
TIME REMAINING:	356 minutes and 48 seconds
PROGRESS:	15%	***************:::::::::::::::::::::::::::::::::::::::::::::::::::::::::::::::::::::::::::::::::::::

OPERATION:	Pairwise displacement computation
PHASE:		Displacement computation 43 of 266
TIME REMAINING:	359 minutes and 2 seconds
PROGRESS:	16%	****************::::::::::::::::::::::::::::::::::::::::::::::::::::::::::::::::::::::::::::::::::::

OPERATION:	Pairwise displacement computation
PHASE:		Displacement computation 44 of 266
TIME REMAINING:	361 minutes and 45 seconds
PROGRESS:	16%	****************::::::::::::::::::::::::::::::::::::::::::::::::::::::::::::::::::::::::::::::::::::

OPERATION:	Pairwise displacement computation
PHASE:		Displacement computation 45 of 266
TIME REMAINING:	363 minutes and 25 seconds
PROGRESS:	16%	****************::::::::::::::::::::::::::::::::::::::::::::::::::::::::::::::::::::::::::::::::::::

OPERATION:	Pairwise displacement computation
PHASE:		Displacement computation 46 of 266
TIME REMAINING:	353 minutes and 59 seconds
PROGRESS:	17%	*****************:::::::::::::::::::::::::::::::::::::::::::::::::::::::::::::::::::::::::::::::::::

OPERATION:	Pairwise displacement computation
PHASE:		Displacement computation 47 of 266
TIME REMAINING:	355 minutes and 40 seconds
PROGRESS:	17%	*****************:::::::::::::::::::::::::::::::::::::::::::::::::::::::::::::::::::::::::::::::::::

OPERATION:	Pairwise displacement computation
PHASE:		Displacement computation 48 of 266
TIME REMAINING:	346 minutes and 45 seconds
PROGRESS:	18%	******************::::::::::::::::::::::::::::::::::::::::::::::::::::::::::::::::::::::::::::::::::

OPERATION:	Pairwise displacement computation
PHASE:		Displacement computation 49 of 266
TIME REMAINING:	348 minutes and 40 seconds
PROGRESS:	18%	******************::::::::::::::::::::::::::::::::::::::::::::::::::::::::::::::::::::::::::::::::::

OPERATION:	Pairwise displacement computation
PHASE:		Displacement computation 50 of 266
TIME REMAINING:	340 minutes and 11 seconds
PROGRESS:	18%	******************::::::::::::::::::::::::::::::::::::::::::::::::::::::::::::::::::::::::::::::::::

OPERATION:	Pairwise displacement computation
PHASE:		Displacement computation 51 of 266
TIME REMAINING:	342 minutes and 31 seconds
PROGRESS:	19%	*******************:::::::::::::::::::::::::::::::::::::::::::::::::::::::::::::::::::::::::::::::::

OPERATION:	Pairwise displacement computation
PHASE:		Displacement computation 52 of 266
TIME REMAINING:	344 minutes and 11 seconds
PROGRESS:	19%	*******************:::::::::::::::::::::::::::::::::::::::::::::::::::::::::::::::::::::::::::::::::

OPERATION:	Pairwise displacement computation
PHASE:		Displacement computation 53 of 266
TIME REMAINING:	336 minutes and 10 seconds
PROGRESS:	19%	*******************:::::::::::::::::::::::::::::::::::::::::::::::::::::::::::::::::::::::::::::::::

OPERATION:	Pairwise displacement computation
PHASE:		Displacement computation 54 of 266
TIME REMAINING:	337 minutes and 53 seconds
PROGRESS:	20%	********************::::::::::::::::::::::::::::::::::::::::::::::::::::::::::::::::::::::::::::::::

OPERATION:	Pairwise displacement computation
PHASE:		Displacement computation 55 of 266
TIME REMAINING:	330 minutes and 14 seconds
PROGRESS:	20%	********************::::::::::::::::::::::::::::::::::::::::::::::::::::::::::::::::::::::::::::::::

OPERATION:	Pairwise displacement computation
PHASE:		Displacement computation 56 of 266
TIME REMAINING:	331 minutes and 48 seconds
PROGRESS:	21%	*********************:::::::::::::::::::::::::::::::::::::::::::::::::::::::::::::::::::::::::::::::

OPERATION:	Pairwise displacement computation
PHASE:		Displacement computation 57 of 266
TIME REMAINING:	324 minutes and 29 seconds
PROGRESS:	21%	*********************:::::::::::::::::::::::::::::::::::::::::::::::::::::::::::::::::::::::::::::::

OPERATION:	Pairwise displacement computation
PHASE:		Displacement computation 58 of 266
TIME REMAINING:	325 minutes and 51 seconds
PROGRESS:	21%	*********************:::::::::::::::::::::::::::::::::::::::::::::::::::::::::::::::::::::::::::::::

OPERATION:	Pairwise displacement computation
PHASE:		Displacement computation 59 of 266
TIME REMAINING:	327 minutes and 20 seconds
PROGRESS:	22%	**********************::::::::::::::::::::::::::::::::::::::::::::::::::::::::::::::::::::::::::::::

OPERATION:	Pairwise displacement computation
PHASE:		Displacement computation 60 of 266
TIME REMAINING:	320 minutes and 23 seconds
PROGRESS:	22%	**********************::::::::::::::::::::::::::::::::::::::::::::::::::::::::::::::::::::::::::::::

OPERATION:	Pairwise displacement computation
PHASE:		Displacement computation 61 of 266
TIME REMAINING:	321 minutes and 26 seconds
PROGRESS:	22%	**********************::::::::::::::::::::::::::::::::::::::::::::::::::::::::::::::::::::::::::::::

OPERATION:	Pairwise displacement computation
PHASE:		Displacement computation 62 of 266
TIME REMAINING:	314 minutes and 46 seconds
PROGRESS:	23%	***********************:::::::::::::::::::::::::::::::::::::::::::::::::::::::::::::::::::::::::::::

OPERATION:	Pairwise displacement computation
PHASE:		Displacement computation 63 of 266
TIME REMAINING:	315 minutes and 46 seconds
PROGRESS:	23%	***********************:::::::::::::::::::::::::::::::::::::::::::::::::::::::::::::::::::::::::::::

OPERATION:	Pairwise displacement computation
PHASE:		Displacement computation 64 of 266
TIME REMAINING:	309 minutes and 21 seconds
PROGRESS:	24%	************************::::::::::::::::::::::::::::::::::::::::::::::::::::::::::::::::::::::::::::

OPERATION:	Pairwise displacement computation
PHASE:		Displacement computation 65 of 266
TIME REMAINING:	310 minutes and 18 seconds
PROGRESS:	24%	************************::::::::::::::::::::::::::::::::::::::::::::::::::::::::::::::::::::::::::::

OPERATION:	Pairwise displacement computation
PHASE:		Displacement computation 66 of 266
TIME REMAINING:	311 minutes and 6 seconds
PROGRESS:	24%	******[H[2J[3J[H[2J[3J[H[2J[3J[H[2J[3J[H[2J[3J[H[2J[3J[H[2J[3J[H[2J[3J[H[2J[3J[H[2J[3J[H[2J[3J[H[2J[3J[H[2J[3J[H[2J[3J[H[2J[3J[H[2J[3J[H[2J[3J[H[2J[3J[H[2J[3J[H[2J[3J[H[2J[3J[H[2J[3J[H[2J[3J[H[2J[3J[H[2J[3J[H[2J[3J[H[2J[3J[H[2J[3J[H[2J[3J[H[2J[3J[H[2J[3J[H[2J[3J[H[2J[3J******************::::::::::::::::::::::::::::::::::::::::::::::::::::::::::::::::::::::::::::

OPERATION:	Pairwise displacement computation
PHASE:		Displacement computation 67 of 266
TIME REMAINING:	304 minutes and 59 seconds
PROGRESS:	25%	*************************:::::::::::::::::::::::::::::::::::::::::::::::::::::::::::::::::::::::::::

OPERATION:	Pairwise displacement computation
PHASE:		Displacement computation 68 of 266
TIME REMAINING:	305 minutes and 23 seconds
PROGRESS:	25%	*************************:::::::::::::::::::::::::::::::::::::::::::::::::::::::::::::::::::::::::::

OPERATION:	Pairwise displacement computation
PHASE:		Displacement computation 69 of 266
TIME REMAINING:	299 minutes and 26 seconds
PROGRESS:	25%	*************************:::::::::::::::::::::::::::::::::::::::::::::::::::::::::::::::::::::::::::

OPERATION:	Pairwise displacement computation
PHASE:		Displacement computation 70 of 266
TIME REMAINING:	299 minutes and 55 seconds
PROGRESS:	26%	**************************::::::::::::::::::::::::::::::::::::::::::::::::::::::::::::::::::::::::::

OPERATION:	Pairwise displacement computation
PHASE:		Displacement computation 71 of 266
TIME REMAINING:	294 minutes and 11 seconds
PROGRESS:	26%	**************************::::::::::::::::::::::::::::::::::::::::::::::::::::::::::::::::::::::::::

OPERATION:	Pairwise displacement computation
PHASE:		Displacement computation 72 of 266
TIME REMAINING:	295 minutes and 7 seconds
PROGRESS:	27%	***************************:::::::::::::::::::::::::::::::::::::::::::::::::::::::::::::::::::::::::

OPERATION:	Pairwise displacement computation
PHASE:		Displacement computation 73 of 266
TIME REMAINING:	295 minutes and 34 seconds
PROGRESS:	27%	***************************:::::::::::::::::::::::::::::::::::::::::::::::::::::::::::::::::::::::::

OPERATION:	Pairwise displacement computation
PHASE:		Displacement computation 74 of 266
TIME REMAINING:	290 minutes and 7 seconds
PROGRESS:	27%	***************************:::::::::::::::::::::::::::::::::::::::::::::::::::::::::::::::::::::::::

OPERATION:	Pairwise displacement computation
PHASE:		Displacement computation 75 of 266
TIME REMAINING:	284 minutes and 45 seconds
PROGRESS:	28%	****************************::::::::::::::::::::::::::::::::::::::::::::::::::::::::::::::::::::::::

OPERATION:	Pairwise displacement computation
PHASE:		Displacement computation 76 of 266
TIME REMAINING:	279 minutes and 35 seconds
PROGRESS:	28%	****************************::::::::::::::::::::::::::::::::::::::::::::::::::::::::::::::::::::::::

OPERATION:	Pairwise displacement computation
PHASE:		Displacement computation 77 of 266
TIME REMAINING:	285 minutes and 40 seconds
PROGRESS:	28%	****************************::::::::::::::::::::::::::::::::::::::::::::::::::::::::::::::::::::::::

OPERATION:	Pairwise displacement computation
PHASE:		Displacement computation 78 of 266
TIME REMAINING:	286 minutes and 8 seconds
PROGRESS:	29%	*****************************:::::::::::::::::::::::::::::::::::::::::::::::::::::::::::::::::::::::

OPERATION:	Pairwise displacement computation
PHASE:		Displacement computation 79 of 266
TIME REMAINING:	286 minutes and 36 seconds
PROGRESS:	29%	*****************************:::::::::::::::::::::::::::::::::::::::::::::::::::::::::::::::::::::::

OPERATION:	Pairwise displacement computation
PHASE:		Displacement computation 80 of 266
TIME REMAINING:	287 minutes and 12 seconds
PROGRESS:	30%	******************************::::::::::::::::::::::::::::::::::::::::::::::::::::::::::::::::::::::

OPERATION:	Pairwise displacement computation
PHASE:		Displacement computation 81 of 266
TIME REMAINING:	287 minutes and 7 seconds
PROGRESS:	30%	******************************::::::::::::::::::::::::::::::::::::::::::::::::::::::::::::::::::::::

OPERATION:	Pairwise displacement computation
PHASE:		Displacement computation 82 of 266
TIME REMAINING:	287 minutes and 35 seconds
PROGRESS:	30%	******************************::::::::::::::::::::::::::::::::::::::::::::::::::::::::::::::::::::::

OPERATION:	Pairwise displacement computation
PHASE:		Displacement computation 83 of 266
TIME REMAINING:	287 minutes and 48 seconds
PROGRESS:	31%	*******************************:::::::::::::::::::::::::::::::::::::::::::::::::::::::::::::::::::::

OPERATION:	Pairwise displacement computation
PHASE:		Displacement computation 84 of 266
TIME REMAINING:	282 minutes and 51 seconds
PROGRESS:	31%	*******************************:::::::::::::::::::::::::::::::::::::::::::::::::::::::::::::::::::::

OPERATION:	Pairwise displacement computation
PHASE:		Displacement computation 85 of 266
TIME REMAINING:	282 minutes and 55 seconds
PROGRESS:	31%	*******************************:::::::::::::::::::::::::::::::::::::::::::::::::::::::::::::::::::::

OPERATION:	Pairwise displacement computation
PHASE:		Displacement computation 86 of 266
TIME REMAINING:	278 minutes and 7 seconds
PROGRESS:	32%	********************************::::::::::::::::::::::::::::::::::::::::::::::::::::::::::::::::::::

OPERATION:	Pairwise displacement computation
PHASE:		Displacement computation 87 of 266
TIME REMAINING:	278 minutes and 12 seconds
PROGRESS:	32%	********************************::::::::::::::::::::::::::::::::::::::::::::::::::::::::::::::::::::

OPERATION:	Pairwise displacement computation
PHASE:		Displacement computation 88 of 266
TIME REMAINING:	273 minutes and 32 seconds
PROGRESS:	33%	*********************************:::::::::::::::::::::::::::::::::::::::::::::::::::::::::::::::::::

OPERATION:	Pairwise displacement computation
PHASE:		Displacement computation 89 of 266
TIME REMAINING:	273 minutes and 49 seconds
PROGRESS:	33%	*********************************:::::::::::::::::::::::::::::::::::::::::::::::::::::::::::::::::::

OPERATION:	Pairwise displacement computation
PHASE:		Displacement computation 90 of 266
TIME REMAINING:	274 minutes and 8 seconds
PROGRESS:	33%	*********************************:::::::::::::::::::::::::::::::::::::::::::::::::::::::::::::::::::

OPERATION:	Pairwise displacement computation
PHASE:		Displacement computation 91 of 266
TIME REMAINING:	269 minutes and 36 seconds
PROGRESS:	34%	**********************************::::::::::::::::::::::::::::::::::::::::::::::::::::::::::::::::::

OPERATION:	Pairwise displacement computation
PHASE:		Displacement computation 92 of 266
TIME REMAINING:	269 minutes and 47 seconds
PROGRESS:	34%	**********************************::::::::::::::::::::::::::::::::::::::::::::::::::::::::::::::::::

OPERATION:	Pairwise displacement computation
PHASE:		Displacement computation 93 of 266
TIME REMAINING:	265 minutes and 21 seconds
PROGRESS:	34%	**********************************::::::::::::::::::::::::::::::::::::::::::::::::::::::::::::::::::

OPERATION:	Pairwise displacement computation
PHASE:		Displacement computation 94 of 266
TIME REMAINING:	265 minutes and 20 seconds
PROGRESS:	35%	***********************************:::::::::::::::::::::::::::::::::::::::::::::::::::::::::::::::::

OPERATION:	Pairwise displacement computation
PHASE:		Displacement computation 95 of 266
TIME REMAINING:	261 minutes and 1 seconds
PROGRESS:	35%	***********************************:::::::::::::::::::::::::::::::::::::::::::::::::::::::::::::::::

OPERATION:	Pairwise displacement computation
PHASE:		Displacement computation 96 of 266
TIME REMAINING:	260 minutes and 57 seconds
PROGRESS:	36%	************************************::::::::::::::::::::::::::::::::::::::::::::::::::::::::::::::::

OPERATION:	Pairwise displacement computation
PHASE:		Displacement computation 97 of 266
TIME REMAINING:	261 minutes and 4 seconds
PROGRESS:	36%	************************************::::::::::::::::::::::::::::::::::::::::::::::::::::::::::::::::

OPERATION:	Pairwise displacement computation
PHASE:		Displacement computation 98 of 266
TIME REMAINING:	256 minutes and 53 seconds
PROGRESS:	36%	************************************::::::::::::::::::::::::::::::::::::::::::::::::::::::::::::::::

OPERATION:	Pairwise displacement computation
PHASE:		Displacement computation 99 of 266
TIME REMAINING:	256 minutes and 41 seconds
PROGRESS:	37%	*************************************::::::::::::::::::[H[2J[3J[H[2J[3J[H[2J[3J[H[2J[3J[H[2J[3J[H[2J[3J[H[2J[3J[H[2J[3J[H[2J[3J[H[2J[3J[H[2J[3J[H[2J[3J[H[2J[3J[H[2J[3J[H[2J[3J[H[2J[3J[H[2J[3J[H[2J[3J[H[2J[3J[H[2J[3J[H[2J[3J[H[2J[3J[H[2J[3J[H[2J[3J[H[2J[3J[H[2J[3J[H[2J[3J[H[2J[3J[H[2J[3J[H[2J[3J[H[2J[3J[H[2J[3J[H[2J[3J:::::::::::::::::::::::::::::::::::::::::::::

OPERATION:	Pairwise displacement computation
PHASE:		Displacement computation 100 of 266
TIME REMAINING:	252 minutes and 37 seconds
PROGRESS:	37%	*************************************:::::::::::::::::::::::::::::::::::::::::::::::::::::::::::::::

OPERATION:	Pairwise displacement computation
PHASE:		Displacement computation 101 of 266
TIME REMAINING:	252 minutes and 33 seconds
PROGRESS:	37%	*************************************:::::::::::::::::::::::::::::::::::::::::::::::::::::::::::::::

OPERATION:	Pairwise displacement computation
PHASE:		Displacement computation 102 of 266
TIME REMAINING:	248 minutes and 34 seconds
PROGRESS:	38%	**************************************::::::::::::::::::::::::::::::::::::::::::::::::::::::::::::::

OPERATION:	Pairwise displacement computation
PHASE:		Displacement computation 103 of 266
TIME REMAINING:	248 minutes and 27 seconds
PROGRESS:	38%	**************************************::::::::::::::::::::::::::::::::::::::::::::::::::::::::::::::

OPERATION:	Pairwise displacement computation
PHASE:		Displacement computation 104 of 266
TIME REMAINING:	248 minutes and 19 seconds
PROGRESS:	39%	***************************************:::::::::::::::::::::::::::::::::::::::::::::::::::::::::::::

OPERATION:	Pairwise displacement computation
PHASE:		Displacement computation 105 of 266
TIME REMAINING:	244 minutes and 27 seconds
PROGRESS:	39%	***************************************:::::::::::::::::::::::::::::::::::::::::::::::::::::::::::::

OPERATION:	Pairwise displacement computation
PHASE:		Displacement computation 106 of 266
TIME REMAINING:	244 minutes and 4 seconds
PROGRESS:	39%	***************************************:::::::::::::::::::::::::::::::::::::::::::::::::::::::::::::

OPERATION:	Pairwise displacement computation
PHASE:		Displacement computation 107 of 266
TIME REMAINING:	240 minutes and 18 seconds
PROGRESS:	40%	****************************************::::::::::::::::::::::::::::::::::::::::::::::::::::::::::::

OPERATION:	Pairwise displacement computation
PHASE:		Displacement computation 108 of 266
TIME REMAINING:	239 minutes and 54 seconds
PROGRESS:	40%	****************************************::::::::::::::::::::::::::::::::::::::::::::::::::::::::::::

OPERATION:	Pairwise displacement computation
PHASE:		Displacement computation 109 of 266
TIME REMAINING:	236 minutes and 13 seconds
PROGRESS:	40%	****************************************::::::::::::::::::::::::::::::::::::::::::::::::::::::::::::

OPERATION:	Pairwise displacement computation
PHASE:		Displacement computation 110 of 266
TIME REMAINING:	236 minutes and 3 seconds
PROGRESS:	41%	*****************************************:::::::::::::::::::::::::::::::::::::::::::::::::::::::::::

OPERATION:	Pairwise displacement computation
PHASE:		Displacement computation 111 of 266
TIME REMAINING:	235 minutes and 41 seconds
PROGRESS:	41%	*****************************************:::::::::::::::::::::::::::::::::::::::::::::::::::::::::::

OPERATION:	Pairwise displacement computation
PHASE:		Displacement computation 112 of 266
TIME REMAINING:	232 minutes and 4 seconds
PROGRESS:	42%	******************************************::::::::::::::::::::::::::::::::::::::::::::::::::::::::::

OPERATION:	Pairwise displacement computation
PHASE:		Displacement computation 113 of 266
TIME REMAINING:	228 minutes and 33 seconds
PROGRESS:	42%	******************************************::::::::::::::::::::::::::::::::::::::::::::::::::::::::::

OPERATION:	Pairwise displacement computation
PHASE:		Displacement computation 114 of 266
TIME REMAINING:	225 minutes and 5 seconds
PROGRESS:	42%	******************************************::::::::::::::::::::::::::::::::::::::::::::::::::::::::::

OPERATION:	Pairwise displacement computation
PHASE:		Displacement computation 115 of 266
TIME REMAINING:	227 minutes and 38 seconds
PROGRESS:	43%	*******************************************:::::::::::::::::::::::::::::::::::::::::::::::::::::::::

OPERATION:	Pairwise displacement computation
PHASE:		Displacement computation 116 of 266
TIME REMAINING:	227 minutes and 24 seconds
PROGRESS:	43%	*******************************************:::::::::::::::::::::::::::::::::::::::::::::::::::::::::

OPERATION:	Pairwise displacement computation
PHASE:		Displacement computation 117 of 266
TIME REMAINING:	226 minutes and 53 seconds
PROGRESS:	43%	*******************************************:::::::::::::::::::::::::::::::::::::::::::::::::::::::::

OPERATION:	Pairwise displacement computation
PHASE:		Displacement computation 118 of 266
TIME REMAINING:	226 minutes and 24 seconds
PROGRESS:	44%	********************************************::::::::::::::::::::::::::::::::::::::::::::::::::::::::

OPERATION:	Pairwise displacement computation
PHASE:		Displacement computation 119 of 266
TIME REMAINING:	225 minutes and 49 seconds
PROGRESS:	44%	********************************************::::::::::::::::::::::::::::::::::::::::::::::::::::::::

OPERATION:	Pairwise displacement computation
PHASE:		Displacement computation 120 of 266
TIME REMAINING:	225 minutes and 29 seconds
PROGRESS:	45%	*********************************************:::::::::::::::::::::::::::::::::::::::::::::::::::::::

OPERATION:	Pairwise displacement computation
PHASE:		Displacement computation 121 of 266
TIME REMAINING:	224 minutes and 53 seconds
PROGRESS:	45%	*********************************************:::::::::::::::::::::::::::::::::::::::::::::::::::::::

OPERATION:	Pairwise displacement computation
PHASE:		Displacement computation 122 of 266
TIME REMAINING:	221 minutes and 31 seconds
PROGRESS:	45%	*********************************************:::::::::::::::::::::::::::::::::::::::::::::::::::::::

OPERATION:	Pairwise displacement computation
PHASE:		Displacement computation 123 of 266
TIME REMAINING:	221 minutes and 1 seconds
PROGRESS:	46%	**********************************************::::::::::::::::::::::::::::::::::::::::::::::::::::::

OPERATION:	Pairwise displacement computation
PHASE:		Displacement computation 124 of 266
TIME REMAINING:	217 minutes and 44 seconds
PROGRESS:	46%	**********************************************::::::::::::::::::::::::::::::::::::::::::::::::::::::

OPERATION:	Pairwise displacement computation
PHASE:		Displacement computation 125 of 266
TIME REMAINING:	216 minutes and 59 seconds
PROGRESS:	46%	**********************************************::::::::::::::::::::::::::::::::::::::::::::::::::::::

OPERATION:	Pairwise displacement computation
PHASE:		Displacement computation 126 of 266
TIME REMAINING:	213 minutes and 45 seconds
PROGRESS:	47%	***********************************************:::::::::::::::::::::::::::::::::::::::::::::::::::::

OPERATION:	Pairwise displacement computation
PHASE:		Displacement computation 127 of 266
TIME REMAINING:	213 minutes and 25 seconds
PROGRESS:	47%	***********************************************:::::::::::::::::::::::::::::::::::::::::::::::::::::

OPERATION:	Pairwise displacement computation
PHASE:		Displacement computation 128 of 266
TIME REMAINING:	212 minutes and 49 seconds
PROGRESS:	48%	************************************************::::::::::::::::::::::::::::::::::::::::::::::::::::

OPERATION:	Pairwise displacement computation
PHASE:		Displacement computation 129 of 266
TIME REMAINING:	209 minutes and 39 seconds
PROGRESS:	48%	************************************************::::::::::::::::::::::::::::::::::::::::::::::::::::

OPERATION:	Pairwise displacement computation
PHASE:		Displacement computation 130 of 266
TIME REMAINING:	209 minutes and 4 seconds
PROGRESS:	48%	************************************************::::::::::::::::::::::::::::::::::::::::::::::::::::

OPERATION:	Pairwise displacement computation
PHASE:		Displacement computation 131 of 266
TIME REMAINING:	205 minutes and 58 seconds
PROGRESS:	49%	*************************************************:::::::::::::::::::::::::::::::::::::::::::::::::::

OPERATION:	Pairwise displacement computation
PHASE:		Displacement computation 132 of 266
TIME REMAINING:	205 minutes and 17 seconds
PROGRESS:	49%	*************************************************::::::::::::::::::::[H[2J[3J[H[2J[3J[H[2J[3J[H[2J[3J[H[2J[3J[H[2J[3J[H[2J[3J[H[2J[3J[H[2J[3J[H[2J[3J[H[2J[3J[H[2J[3J[H[2J[3J[H[2J[3J[H[2J[3J[H[2J[3J[H[2J[3J[H[2J[3J[H[2J[3J[H[2J[3J[H[2J[3J[H[2J[3J[H[2J[3J[H[2J[3J[H[2J[3J[H[2J[3J[H[2J[3J[H[2J[3J[H[2J[3J[H[2J[3J[H[2J[3J[H[2J[3J[H[2J[3J:::::::::::::::::::::::::::::::

OPERATION:	Pairwise displacement computation
PHASE:		Displacement computation 133 of 266
TIME REMAINING:	202 minutes and 14 seconds
PROGRESS:	50%	**************************************************::::::::::::::::::::::::::::::::::::::::::::::::::

OPERATION:	Pairwise displacement computation
PHASE:		Displacement computation 134 of 266
TIME REMAINING:	201 minutes and 31 seconds
PROGRESS:	50%	**************************************************::::::::::::::::::::::::::::::::::::::::::::::::::

OPERATION:	Pairwise displacement computation
PHASE:		Displacement computation 135 of 266
TIME REMAINING:	200 minutes and 51 seconds
PROGRESS:	50%	**************************************************::::::::::::::::::::::::::::::::::::::::::::::::::

OPERATION:	Pairwise displacement computation
PHASE:		Displacement computation 136 of 266
TIME REMAINING:	197 minutes and 52 seconds
PROGRESS:	51%	***************************************************:::::::::::::::::::::::::::::::::::::::::::::::::

OPERATION:	Pairwise displacement computation
PHASE:		Displacement computation 137 of 266
TIME REMAINING:	197 minutes and 16 seconds
PROGRESS:	51%	***************************************************:::::::::::::::::::::::::::::::::::::::::::::::::

OPERATION:	Pairwise displacement computation
PHASE:		Displacement computation 138 of 266
TIME REMAINING:	194 minutes and 20 seconds
PROGRESS:	51%	***************************************************:::::::::::::::::::::::::::::::::::::::::::::::::

OPERATION:	Pairwise displacement computation
PHASE:		Displacement computation 139 of 266
TIME REMAINING:	193 minutes and 37 seconds
PROGRESS:	52%	****************************************************::::::::::::::::::::::::::::::::::::::::::::::::

OPERATION:	Pairwise displacement computation
PHASE:		Displacement computation 140 of 266
TIME REMAINING:	190 minutes and 44 seconds
PROGRESS:	52%	****************************************************::::::::::::::::::::::::::::::::::::::::::::::::

OPERATION:	Pairwise displacement computation
PHASE:		Displacement computation 141 of 266
TIME REMAINING:	189 minutes and 58 seconds
PROGRESS:	53%	*****************************************************:::::::::::::::::::::::::::::::::::::::::::::::

OPERATION:	Pairwise displacement computation
PHASE:		Displacement computation 142 of 266
TIME REMAINING:	189 minutes and 12 seconds
PROGRESS:	53%	*****************************************************:::::::::::::::::::::::::::::::::::::::::::::::

OPERATION:	Pairwise displacement computation
PHASE:		Displacement computation 143 of 266
TIME REMAINING:	186 minutes and 21 seconds
PROGRESS:	53%	*****************************************************:::::::::::::::::::::::::::::::::::::::::::::::

OPERATION:	Pairwise displacement computation
PHASE:		Displacement computation 144 of 266
TIME REMAINING:	185 minutes and 28 seconds
PROGRESS:	54%	******************************************************::::::::::::::::::::::::::::::::::::::::::::::

OPERATION:	Pairwise displacement computation
PHASE:		Displacement computation 145 of 266
TIME REMAINING:	182 minutes and 41 seconds
PROGRESS:	54%	******************************************************::::::::::::::::::::::::::::::::::::::::::::::

OPERATION:	Pairwise displacement computation
PHASE:		Displacement computation 146 of 266
TIME REMAINING:	181 minutes and 43 seconds
PROGRESS:	54%	******************************************************::::::::::::::::::::::::::::::::::::::::::::::

OPERATION:	Pairwise displacement computation
PHASE:		Displacement computation 147 of 266
TIME REMAINING:	178 minutes and 59 seconds
PROGRESS:	55%	*******************************************************:::::::::::::::::::::::::::::::::::::::::::::

OPERATION:	Pairwise displacement computation
PHASE:		Displacement computation 148 of 266
TIME REMAINING:	178 minutes and 15 seconds
PROGRESS:	55%	*******************************************************:::::::::::::::::::::::::::::::::::::::::::::

OPERATION:	Pairwise displacement computation
PHASE:		Displacement computation 149 of 266
TIME REMAINING:	177 minutes and 21 seconds
PROGRESS:	56%	********************************************************::::::::::::::::::::::::::::::::::::::::::::

OPERATION:	Pairwise displacement computation
PHASE:		Displacement computation 150 of 266
TIME REMAINING:	174 minutes and 40 seconds
PROGRESS:	56%	********************************************************::::::::::::::::::::::::::::::::::::::::::::

OPERATION:	Pairwise displacement computation
PHASE:		Displacement computation 151 of 266
TIME REMAINING:	172 minutes and 1 seconds
PROGRESS:	56%	********************************************************::::::::::::::::::::::::::::::::::::::::::::

OPERATION:	Pairwise displacement computation
PHASE:		Displacement computation 152 of 266
TIME REMAINING:	169 minutes and 25 seconds
PROGRESS:	57%	*********************************************************:::::::::::::::::::::::::::::::::::::::::::

OPERATION:	Pairwise displacement computation
PHASE:		Displacement computation 153 of 266
TIME REMAINING:	170 minutes and 13 seconds
PROGRESS:	57%	*********************************************************:::::::::::::::::::::::::::::::::::::::::::

OPERATION:	Pairwise displacement computation
PHASE:		Displacement computation 154 of 266
TIME REMAINING:	169 minutes and 19 seconds
PROGRESS:	57%	*********************************************************:::::::::::::::::::::::::::::::::::::::::::

OPERATION:	Pairwise displacement computation
PHASE:		Displacement computation 155 of 266
TIME REMAINING:	168 minutes and 26 seconds
PROGRESS:	58%	**********************************************************::::::::::::::::::::::::::::::::::::::::::

OPERATION:	Pairwise displacement computation
PHASE:		Displacement computation 156 of 266
TIME REMAINING:	167 minutes and 35 seconds
PROGRESS:	58%	**********************************************************::::::::::::::::::::::::::::::::::::::::::

OPERATION:	Pairwise displacement computation
PHASE:		Displacement computation 157 of 266
TIME REMAINING:	166 minutes and 34 seconds
PROGRESS:	59%	***********************************************************:::::::::::::::::::::::::::::::::::::::::

OPERATION:	Pairwise displacement computation
PHASE:		Displacement computation 158 of 266
TIME REMAINING:	165 minutes and 45 seconds
PROGRESS:	59%	***********************************************************:::::::::::::::::::::::::::::::::::::::::

OPERATION:	Pairwise displacement computation
PHASE:		Displacement computation 159 of 266
TIME REMAINING:	164 minutes and 47 seconds
PROGRESS:	59%	***********************************************************:::::::::::::::::::::::::::::::::::::::::

OPERATION:	Pairwise displacement computation
PHASE:		Displacement computation 160 of 266
TIME REMAINING:	162 minutes and 14 seconds
PROGRESS:	60%	************************************************************::::::::::::::::::::::::::::::::::::::::

OPERATION:	Pairwise displacement computation
PHASE:		Displacement computation 161 of 266
TIME REMAINING:	161 minutes and 16 seconds
PROGRESS:	60%	************************************************************::::::::::::::::::::::::::::::::::::::::

OPERATION:	Pairwise displacement computation
PHASE:		Displacement computation 162 of 266
TIME REMAINING:	158 minutes and 45 seconds
PROGRESS:	60%	************************************************************::::::::::::::::::::::::::::::::::::::::

OPERATION:	Pairwise displacement computation
PHASE:		Displacement computation 163 of 266
TIME REMAINING:	157 minutes and 45 seconds
PROGRESS:	61%	*************************************************************:::::::::::::::::::::::::::::::::::::::

OPERATION:	Pairwise displacement computation
PHASE:		Displacement computation 164 of 266
TIME REMAINING:	155 minutes and 17 seconds
PROGRESS:	61%	*************************************************************:::::::::::::::::::::::::::::::::::::::

OPERATION:	Pairwise displacement computation
PHASE:		Displacement computation 165 of 266
TIME REMAINING:	154 minutes and 23 seconds
PROGRESS:	62%	**************************************************************::::::::::::::::[H[2J[3J[H[2J[3J[H[2J[3J[H[2J[3J[H[2J[3J[H[2J[3J[H[2J[3J[H[2J[3J[H[2J[3J[H[2J[3J[H[2J[3J[H[2J[3J[H[2J[3J[H[2J[3J[H[2J[3J[H[2J[3J[H[2J[3J[H[2J[3J[H[2J[3J[H[2J[3J[H[2J[3J[H[2J[3J[H[2J[3J[H[2J[3J[H[2J[3J[H[2J[3J[H[2J[3J[H[2J[3J[H[2J[3J[H[2J[3J[H[2J[3J[H[2J[3J[H[2J[3J::::::::::::::::::::::

OPERATION:	Pairwise displacement computation
PHASE:		Displacement computation 166 of 266
TIME REMAINING:	153 minutes and 23 seconds
PROGRESS:	62%	**************************************************************::::::::::::::::::::::::::::::::::::::

OPERATION:	Pairwise displacement computation
PHASE:		Displacement computation 167 of 266
TIME REMAINING:	150 minutes and 57 seconds
PROGRESS:	62%	**************************************************************::::::::::::::::::::::::::::::::::::::

OPERATION:	Pairwise displacement computation
PHASE:		Displacement computation 168 of 266
TIME REMAINING:	149 minutes and 59 seconds
PROGRESS:	63%	***************************************************************:::::::::::::::::::::::::::::::::::::

OPERATION:	Pairwise displacement computation
PHASE:		Displacement computation 169 of 266
TIME REMAINING:	147 minutes and 35 seconds
PROGRESS:	63%	***************************************************************:::::::::::::::::::::::::::::::::::::

OPERATION:	Pairwise displacement computation
PHASE:		Displacement computation 170 of 266
TIME REMAINING:	146 minutes and 30 seconds
PROGRESS:	63%	***************************************************************:::::::::::::::::::::::::::::::::::::

OPERATION:	Pairwise displacement computation
PHASE:		Displacement computation 171 of 266
TIME REMAINING:	144 minutes and 8 seconds
PROGRESS:	64%	****************************************************************::::::::::::::::::::::::::::::::::::

OPERATION:	Pairwise displacement computation
PHASE:		Displacement computation 172 of 266
TIME REMAINING:	143 minutes and 4 seconds
PROGRESS:	64%	****************************************************************::::::::::::::::::::::::::::::::::::

OPERATION:	Pairwise displacement computation
PHASE:		Displacement computation 173 of 266
TIME REMAINING:	142 minutes and 1 seconds
PROGRESS:	65%	*****************************************************************:::::::::::::::::::::::::::::::::::

OPERATION:	Pairwise displacement computation
PHASE:		Displacement computation 174 of 266
TIME REMAINING:	139 minutes and 40 seconds
PROGRESS:	65%	*****************************************************************:::::::::::::::::::::::::::::::::::

OPERATION:	Pairwise displacement computation
PHASE:		Displacement computation 175 of 266
TIME REMAINING:	138 minutes and 37 seconds
PROGRESS:	65%	*****************************************************************:::::::::::::::::::::::::::::::::::

OPERATION:	Pairwise displacement computation
PHASE:		Displacement computation 176 of 266
TIME REMAINING:	136 minutes and 19 seconds
PROGRESS:	66%	******************************************************************::::::::::::::::::::::::::::::::::

OPERATION:	Pairwise displacement computation
PHASE:		Displacement computation 177 of 266
TIME REMAINING:	135 minutes and 15 seconds
PROGRESS:	66%	******************************************************************::::::::::::::::::::::::::::::::::

OPERATION:	Pairwise displacement computation
PHASE:		Displacement computation 178 of 266
TIME REMAINING:	132 minutes and 59 seconds
PROGRESS:	66%	******************************************************************::::::::::::::::::::::::::::::::::

OPERATION:	Pairwise displacement computation
PHASE:		Displacement computation 179 of 266
TIME REMAINING:	131 minutes and 52 seconds
PROGRESS:	67%	*******************************************************************:::::::::::::::::::::::::::::::::

OPERATION:	Pairwise displacement computation
PHASE:		Displacement computation 180 of 266
TIME REMAINING:	130 minutes and 45 seconds
PROGRESS:	67%	*******************************************************************:::::::::::::::::::::::::::::::::

OPERATION:	Pairwise displacement computation
PHASE:		Displacement computation 181 of 266
TIME REMAINING:	128 minutes and 31 seconds
PROGRESS:	68%	********************************************************************::::::::::::::::::::::::::::::::

OPERATION:	Pairwise displacement computation
PHASE:		Displacement computation 182 of 266
TIME REMAINING:	127 minutes and 22 seconds
PROGRESS:	68%	********************************************************************::::::::::::::::::::::::::::::::

OPERATION:	Pairwise displacement computation
PHASE:		Displacement computation 183 of 266
TIME REMAINING:	125 minutes and 9 seconds
PROGRESS:	68%	********************************************************************::::::::::::::::::::::::::::::::

OPERATION:	Pairwise displacement computation
PHASE:		Displacement computation 184 of 266
TIME REMAINING:	124 minutes and 0 seconds
PROGRESS:	69%	*********************************************************************:::::::::::::::::::::::::::::::

OPERATION:	Pairwise displacement computation
PHASE:		Displacement computation 185 of 266
TIME REMAINING:	121 minutes and 50 seconds
PROGRESS:	69%	*********************************************************************:::::::::::::::::::::::::::::::

OPERATION:	Pairwise displacement computation
PHASE:		Displacement computation 186 of 266
TIME REMAINING:	120 minutes and 45 seconds
PROGRESS:	69%	*********************************************************************:::::::::::::::::::::::::::::::

OPERATION:	Pairwise displacement computation
PHASE:		Displacement computation 187 of 266
TIME REMAINING:	119 minutes and 37 seconds
PROGRESS:	70%	**********************************************************************::::::::::::::::::::::::::::::

OPERATION:	Pairwise displacement computation
PHASE:		Displacement computation 188 of 266
TIME REMAINING:	117 minutes and 29 seconds
PROGRESS:	70%	**********************************************************************::::::::::::::::::::::::::::::

OPERATION:	Pairwise displacement computation
PHASE:		Displacement computation 189 of 266
TIME REMAINING:	115 minutes and 21 seconds
PROGRESS:	71%	***********************************************************************:::::::::::::::::::::::::::::

OPERATION:	Pairwise displacement computation
PHASE:		Displacement computation 190 of 266
TIME REMAINING:	113 minutes and 16 seconds
PROGRESS:	71%	***********************************************************************:::::::::::::::::::::::::::::

OPERATION:	Pairwise displacement computation
PHASE:		Displacement computation 191 of 266
TIME REMAINING:	113 minutes and 1 seconds
PROGRESS:	71%	***********************************************************************:::::::::::::::::::::::::::::

OPERATION:	Pairwise displacement computation
PHASE:		Displacement computation 192 of 266
TIME REMAINING:	111 minutes and 48 seconds
PROGRESS:	72%	************************************************************************::::::::::::::::::::::::::::

OPERATION:	Pairwise displacement computation
PHASE:		Displacement computation 193 of 266
TIME REMAINING:	110 minutes and 37 seconds
PROGRESS:	72%	************************************************************************::::::::::::::::::::::::::::

OPERATION:	Pairwise displacement computation
PHASE:		Displacement computation 194 of 266
TIME REMAINING:	109 minutes and 27 seconds
PROGRESS:	72%	************************************************************************::::::::::::::::::::::::::::

OPERATION:	Pairwise displacement computation
PHASE:		Displacement computation 195 of 266
TIME REMAINING:	108 minutes and 13 seconds
PROGRESS:	73%	*************************************************************************:::::::::::::::::::::::::::

OPERATION:	Pairwise displacement computation
PHASE:		Displacement computation 196 of 266
TIME REMAINING:	107 minutes and 1 seconds
PROGRESS:	73%	*************************************************************************:::::::::::::::::::::::::::

OPERATION:	Pairwise displacement computation
PHASE:		Displacement computation 197 of 266
TIME REMAINING:	105 minutes and 47 seconds
PROGRESS:	74%	**************************************************************************::::::::::::::::::::::::::

OPERATION:	Pairwise displacement computation
PHASE:		Displacement computation 198 of 266
TIME REMAINING:	103 minutes and 44 seconds
PROGRESS:	74%	**************************************************************************:::::::::::::::::::[H[2J[3J[H[2J[3J[H[2J[3J[H[2J[3J[H[2J[3J[H[2J[3J[H[2J[3J[H[2J[3J[H[2J[3J[H[2J[3J[H[2J[3J[H[2J[3J[H[2J[3J[H[2J[3J[H[2J[3J[H[2J[3J[H[2J[3J[H[2J[3J[H[2J[3J[H[2J[3J[H[2J[3J[H[2J[3J[H[2J[3J[H[2J[3J[H[2J[3J[H[2J[3J[H[2J[3J[H[2J[3J[H[2J[3J[H[2J[3J[H[2J[3J[H[2J[3J[H[2J[3J[H[2J[3J:::::::

OPERATION:	Pairwise displacement computation
PHASE:		Displacement computation 199 of 266
TIME REMAINING:	102 minutes and 28 seconds
PROGRESS:	74%	**************************************************************************::::::::::::::::::::::::::

OPERATION:	Pairwise displacement computation
PHASE:		Displacement computation 200 of 266
TIME REMAINING:	100 minutes and 26 seconds
PROGRESS:	75%	***************************************************************************:::::::::::::::::::::::::

OPERATION:	Pairwise displacement computation
PHASE:		Displacement computation 201 of 266
TIME REMAINING:	99 minutes and 13 seconds
PROGRESS:	75%	***************************************************************************:::::::::::::::::::::::::

OPERATION:	Pairwise displacement computation
PHASE:		Displacement computation 202 of 266
TIME REMAINING:	97 minutes and 13 seconds
PROGRESS:	75%	***************************************************************************:::::::::::::::::::::::::

OPERATION:	Pairwise displacement computation
PHASE:		Displacement computation 203 of 266
TIME REMAINING:	96 minutes and 0 seconds
PROGRESS:	76%	****************************************************************************::::::::::::::::::::::::

OPERATION:	Pairwise displacement computation
PHASE:		Displacement computation 204 of 266
TIME REMAINING:	94 minutes and 43 seconds
PROGRESS:	76%	****************************************************************************::::::::::::::::::::::::

OPERATION:	Pairwise displacement computation
PHASE:		Displacement computation 205 of 266
TIME REMAINING:	92 minutes and 44 seconds
PROGRESS:	77%	*****************************************************************************:::::::::::::::::::::::

OPERATION:	Pairwise displacement computation
PHASE:		Displacement computation 206 of 266
TIME REMAINING:	91 minutes and 28 seconds
PROGRESS:	77%	*****************************************************************************:::::::::::::::::::::::

OPERATION:	Pairwise displacement computation
PHASE:		Displacement computation 207 of 266
TIME REMAINING:	89 minutes and 30 seconds
PROGRESS:	77%	*****************************************************************************:::::::::::::::::::::::

OPERATION:	Pairwise displacement computation
PHASE:		Displacement computation 208 of 266
TIME REMAINING:	88 minutes and 14 seconds
PROGRESS:	78%	******************************************************************************::::::::::::::::::::::

OPERATION:	Pairwise displacement computation
PHASE:		Displacement computation 209 of 266
TIME REMAINING:	86 minutes and 18 seconds
PROGRESS:	78%	******************************************************************************::::::::::::::::::::::

OPERATION:	Pairwise displacement computation
PHASE:		Displacement computation 210 of 266
TIME REMAINING:	85 minutes and 1 seconds
PROGRESS:	78%	******************************************************************************::::::::::::::::::::::

OPERATION:	Pairwise displacement computation
PHASE:		Displacement computation 211 of 266
TIME REMAINING:	83 minutes and 43 seconds
PROGRESS:	79%	*******************************************************************************:::::::::::::::::::::

OPERATION:	Pairwise displacement computation
PHASE:		Displacement computation 212 of 266
TIME REMAINING:	81 minutes and 48 seconds
PROGRESS:	79%	*******************************************************************************:::::::::::::::::::::

OPERATION:	Pairwise displacement computation
PHASE:		Displacement computation 213 of 266
TIME REMAINING:	80 minutes and 31 seconds
PROGRESS:	80%	********************************************************************************::::::::::::::::::::

OPERATION:	Pairwise displacement computation
PHASE:		Displacement computation 214 of 266
TIME REMAINING:	78 minutes and 38 seconds
PROGRESS:	80%	********************************************************************************::::::::::::::::::::

OPERATION:	Pairwise displacement computation
PHASE:		Displacement computation 215 of 266
TIME REMAINING:	77 minutes and 20 seconds
PROGRESS:	80%	********************************************************************************::::::::::::::::::::

OPERATION:	Pairwise displacement computation
PHASE:		Displacement computation 216 of 266
TIME REMAINING:	75 minutes and 28 seconds
PROGRESS:	81%	*********************************************************************************:::::::::::::::::::

OPERATION:	Pairwise displacement computation
PHASE:		Displacement computation 217 of 266
TIME REMAINING:	74 minutes and 9 seconds
PROGRESS:	81%	*********************************************************************************:::::::::::::::::::

OPERATION:	Pairwise displacement computation
PHASE:		Displacement computation 218 of 266
TIME REMAINING:	72 minutes and 49 seconds
PROGRESS:	81%	*********************************************************************************:::::::::::::::::::

OPERATION:	Pairwise displacement computation
PHASE:		Displacement computation 219 of 266
TIME REMAINING:	70 minutes and 58 seconds
PROGRESS:	82%	**********************************************************************************::::::::::::::::::

OPERATION:	Pairwise displacement computation
PHASE:		Displacement computation 220 of 266
TIME REMAINING:	69 minutes and 37 seconds
PROGRESS:	82%	**********************************************************************************::::::::::::::::::

OPERATION:	Pairwise displacement computation
PHASE:		Displacement computation 221 of 266
TIME REMAINING:	67 minutes and 48 seconds
PROGRESS:	83%	***********************************************************************************:::::::::::::::::

OPERATION:	Pairwise displacement computation
PHASE:		Displacement computation 222 of 266
TIME REMAINING:	66 minutes and 27 seconds
PROGRESS:	83%	***********************************************************************************:::::::::::::::::

OPERATION:	Pairwise displacement computation
PHASE:		Displacement computation 223 of 266
TIME REMAINING:	64 minutes and 40 seconds
PROGRESS:	83%	***********************************************************************************:::::::::::::::::

OPERATION:	Pairwise displacement computation
PHASE:		Displacement computation 224 of 266
TIME REMAINING:	63 minutes and 21 seconds
PROGRESS:	84%	************************************************************************************::::::::::::::::

OPERATION:	Pairwise displacement computation
PHASE:		Displacement computation 225 of 266
TIME REMAINING:	61 minutes and 59 seconds
PROGRESS:	84%	************************************************************************************::::::::::::::::

OPERATION:	Pairwise displacement computation
PHASE:		Displacement computation 226 of 266
TIME REMAINING:	60 minutes and 13 seconds
PROGRESS:	84%	************************************************************************************::::::::::::::::

OPERATION:	Pairwise displacement computation
PHASE:		Displacement computation 227 of 266
TIME REMAINING:	58 minutes and 27 seconds
PROGRESS:	85%	*************************************************************************************:::::::::::::::

OPERATION:	Pairwise displacement computation
PHASE:		Displacement computation 228 of 266
TIME REMAINING:	56 minutes and 42 seconds
PROGRESS:	85%	*************************************************************************************:::::::::::::::

OPERATION:	Pairwise displacement computation
PHASE:		Displacement computation 229 of 266
TIME REMAINING:	55 minutes and 43 seconds
PROGRESS:	86%	**************************************************************************************::::::::::::::

OPERATION:	Pairwise displacement computation
PHASE:		Displacement computation 230 of 266
TIME REMAINING:	54 minutes and 19 seconds
PROGRESS:	86%	**************************************************************************************::::::::::::::

OPERATION:	Pairwise displacement computation
PHASE:		Displacement computation 231 of 266
TIME REMAINING:	52 minutes and 56 seconds
PROGRESS:	86%	**************************************************************************************::::::::::::::

OPERATION:	Pairwise displacement [H[2J[3J[H[2J[3J[H[2J[3J[H[2J[3J[H[2J[3J[H[2J[3J[H[2J[3J[H[2J[3J[H[2J[3J[H[2J[3J[H[2J[3J[H[2J[3J[H[2J[3J[H[2J[3J[H[2J[3J[H[2J[3J[H[2J[3J[H[2J[3J[H[2J[3J[H[2J[3J[H[2J[3J[H[2J[3J[H[2J[3J[H[2J[3J[H[2J[3J[H[2J[3J[H[2J[3J[H[2J[3J[H[2J[3J[H[2J[3J[H[2J[3J[H[2J[3J[H[2J[3Jcomputation
PHASE:		Displacement computation 232 of 266
TIME REMAINING:	51 minutes and 33 seconds
PROGRESS:	87%	***************************************************************************************:::::::::::::

OPERATION:	Pairwise displacement computation
PHASE:		Displacement computation 233 of 266
TIME REMAINING:	50 minutes and 9 seconds
PROGRESS:	87%	***************************************************************************************:::::::::::::

OPERATION:	Pairwise displacement computation
PHASE:		Displacement computation 234 of 266
TIME REMAINING:	48 minutes and 44 seconds
PROGRESS:	87%	***************************************************************************************:::::::::::::

OPERATION:	Pairwise displacement computation
PHASE:		Displacement computation 235 of 266
TIME REMAINING:	47 minutes and 19 seconds
PROGRESS:	88%	****************************************************************************************::::::::::::

OPERATION:	Pairwise displacement computation
PHASE:		Displacement computation 236 of 266
TIME REMAINING:	45 minutes and 36 seconds
PROGRESS:	88%	****************************************************************************************::::::::::::

OPERATION:	Pairwise displacement computation
PHASE:		Displacement computation 237 of 266
TIME REMAINING:	44 minutes and 10 seconds
PROGRESS:	89%	*****************************************************************************************:::::::::::

OPERATION:	Pairwise displacement computation
PHASE:		Displacement computation 238 of 266
TIME REMAINING:	42 minutes and 28 seconds
PROGRESS:	89%	*****************************************************************************************:::::::::::

OPERATION:	Pairwise displacement computation
PHASE:		Displacement computation 239 of 266
TIME REMAINING:	41 minutes and 2 seconds
PROGRESS:	89%	*****************************************************************************************:::::::::::

OPERATION:	Pairwise displacement computation
PHASE:		Displacement computation 240 of 266
TIME REMAINING:	39 minutes and 21 seconds
PROGRESS:	90%	******************************************************************************************::::::::::

OPERATION:	Pairwise displacement computation
PHASE:		Displacement computation 241 of 266
TIME REMAINING:	37 minutes and 56 seconds
PROGRESS:	90%	******************************************************************************************::::::::::

OPERATION:	Pairwise displacement computation
PHASE:		Displacement computation 242 of 266
TIME REMAINING:	36 minutes and 29 seconds
PROGRESS:	90%	******************************************************************************************::::::::::

OPERATION:	Pairwise displacement computation
PHASE:		Displacement computation 243 of 266
TIME REMAINING:	34 minutes and 49 seconds
PROGRESS:	91%	*******************************************************************************************:::::::::

OPERATION:	Pairwise displacement computation
PHASE:		Displacement computation 244 of 266
TIME REMAINING:	33 minutes and 23 seconds
PROGRESS:	91%	*******************************************************************************************:::::::::

OPERATION:	Pairwise displacement computation
PHASE:		Displacement computation 245 of 266
TIME REMAINING:	31 minutes and 44 seconds
PROGRESS:	92%	********************************************************************************************::::::::

OPERATION:	Pairwise displacement computation
PHASE:		Displacement computation 246 of 266
TIME REMAINING:	30 minutes and 17 seconds
PROGRESS:	92%	********************************************************************************************::::::::

OPERATION:	Pairwise displacement computation
PHASE:		Displacement computation 247 of 266
TIME REMAINING:	28 minutes and 39 seconds
PROGRESS:	92%	********************************************************************************************::::::::

OPERATION:	Pairwise displacement computation
PHASE:		Displacement computation 248 of 266
TIME REMAINING:	27 minutes and 13 seconds
PROGRESS:	93%	*********************************************************************************************:::::::

OPERATION:	Pairwise displacement computation
PHASE:		Displacement computation 249 of 266
TIME REMAINING:	25 minutes and 46 seconds
PROGRESS:	93%	*********************************************************************************************:::::::

OPERATION:	Pairwise displacement computation
PHASE:		Displacement computation 250 of 266
TIME REMAINING:	24 minutes and 9 seconds
PROGRESS:	93%	*********************************************************************************************:::::::

OPERATION:	Pairwise displacement computation
PHASE:		Displacement computation 251 of 266
TIME REMAINING:	22 minutes and 42 seconds
PROGRESS:	94%	**********************************************************************************************::::::

OPERATION:	Pairwise displacement computation
PHASE:		Displacement computation 252 of 266
TIME REMAINING:	21 minutes and 6 seconds
PROGRESS:	94%	**********************************************************************************************::::::

OPERATION:	Pairwise displacement computation
PHASE:		Displacement computation 253 of 266
TIME REMAINING:	19 minutes and 38 seconds
PROGRESS:	95%	***********************************************************************************************:::::

OPERATION:	Pairwise displacement computation
PHASE:		Displacement computation 254 of 266
TIME REMAINING:	18 minutes and 3 seconds
PROGRESS:	95%	***********************************************************************************************:::::

OPERATION:	Pairwise displacement computation
PHASE:		Displacement computation 255 of 266
TIME REMAINING:	16 minutes and 35 seconds
PROGRESS:	95%	***********************************************************************************************:::::

OPERATION:	Pairwise displacement computation
PHASE:		Displacement computation 256 of 266
TIME REMAINING:	15 minutes and 6 seconds
PROGRESS:	96%	************************************************************************************************::::

OPERATION:	Pairwise displacement computation
PHASE:		Displacement computation 257 of 266
TIME REMAINING:	13 minutes and 32 seconds
PROGRESS:	96%	************************************************************************************************::::

OPERATION:	Pairwise displacement computation
PHASE:		Displacement computation 258 of 266
TIME REMAINING:	12 minutes and 4 seconds
PROGRESS:	96%	************************************************************************************************::::

OPERATION:	Pairwise displacement computation
PHASE:		Displacement computation 259 of 266
TIME REMAINING:	10 minutes and 31 seconds
PROGRESS:	97%	*************************************************************************************************:::

OPERATION:	Pairwise displacement computation
PHASE:		Displacement computation 260 of 266
TIME REMAINING:	9 minutes and 1 seconds
PROGRESS:	97%	*************************************************************************************************:::

OPERATION:	Pairwise displacement computation
PHASE:		Displacement computation 261 of 266
TIME REMAINING:	7 minutes and 29 seconds
PROGRESS:	98%	**************************************************************************************************::

OPERATION:	Pairwise displacement computation
PHASE:		Displacement computation 262 of 266
TIME REMAINING:	6 minutes and 0 seconds
PROGRESS:	98%	**************************************************************************************************::

OPERATION:	Pairwise displacement computation
PHASE:		Displacement computation 263 of 266
TIME REMAINING:	4 minutes and 31 seconds
PROGRESS:	98%	**************************************************************************************************::

OPERATION:	Pairwise displacement computation
PHASE:		Displacement computation 264 of 266
TIME REMAINING:	3 minutes and 0 seconds
PROGRESS:	99%	***************************************************************************************************:

OPERATION:	Pairwise displacement computation
PHASE:		Displacement computation 265 of 266
[H[2J[3J[H[2J[3JTIME REMAINING:	1 minutes and 29 seconds
PROGRESS:	99%	***************************************************************************************************:

OPERATION:	Pairwise displacement computation
PHASE:		Displacement computation 266 of 266
TIME REMAINING:	0 minutes and 0 seconds
PROGRESS:	100%	****************************************************************************************************

OPERATION:	Pairwise displacement computation
PHASE:		Ended!
TIME REMAINING:	0 minutes and 0 seconds
PROGRESS:	100%	****************************************************************************************************


Time elapsed: 23777.0 seconds

chmod: cannot access '/athena/listonlab/scratch/dje4001/lightsheet_scratch/fostrapxai9tdtomato_watercontrol/lightsheet/destriped/20230606_14_05_11_Cage3976645_Animal1_FosCreERxAi9_Male_Cohort1_TMTWaterControl/Ex_647_Em_680/xml_merging.xml': No such file or directory
copying the xml_displcomp file to all channels
This is the file we are copying: /athena/listonlab/scratch/dje4001/lightsheet_scratch/fostrapxai9tdtomato_watercontrol/lightsheet/destriped/20230606_14_05_11_Cage3976645_Animal1_FosCreERxAi9_Male_Cohort1_TMTWaterControl/Ex_647_Em_680/xml_displcomp.xml
This is the place it is going: /athena/listonlab/scratch/dje4001/lightsheet_scratch/fostrapxai9tdtomato_watercontrol/lightsheet/destriped/20230606_14_05_11_Cage3976645_Animal1_FosCreERxAi9_Male_Cohort1_TMTWaterControl/Ex_647_Em_680/

Time elapsed: 1.0 seconds


Time elapsed: 0.0 seconds


Time elapsed: 0.0 seconds

/athena/cayuga_0015/scratch/dje4001/TeraStitcher-portable-1.11.10-Linux/teraconverter
/athena/cayuga_0015/scratch/dje4001/TeraStitcher-portable-1.11.10-Linux/teraconverter
in VolumeConverter::createDirectoryHierarchyVaa3DRaw(path = "/athena/listonlab/scratch/dje4001/lightsheet_scratch/fostrapxai9tdtomato_watercontrol/lightsheet/stitched/20230606_14_05_11_Cage3976645_Animal1_FosCreERxAi9_Male_Cohort1_TMTWaterControl/Ex_647_Em_680", resolutions = 1000000000, block_height = 150000, block_width = 100000, block_depth = -1, method = 1, show_progress_bar = true, saved_img_format = tif, saved_img_depth = 16, frame_dir = "")

Time elapsed: 0.0 seconds

in VolumeConverter::generateTiles(path = "/athena/listonlab/scratch/dje4001/lightsheet_scratch/fostrapxai9tdtomato_watercontrol/lightsheet/stitched/20230606_14_05_11_Cage3976645_Animal1_FosCreERxAi9_Male_Cohort1_TMTWaterControl/Ex_647_Em_680", resolutions = 1000000000, slice_height = 150000, slice_width = 100000, method = 1, show_progress_bar = true, saved_img_format = tif, saved_img_depth = 16, frame_dir = "")

Time elapsed: 2579.0 seconds

in VolumeConverter::generateTiles(path = "/athena/listonlab/scratch/dje4001/lightsheet_scratch/fostrapxai9tdtomato_watercontrol/lightsheet/stitched/20230606_14_05_11_Cage3976645_Animal1_FosCreERxAi9_Male_Cohort1_TMTWaterControl/Ex_647_Em_680", resolutions = 1000000000, slice_height = 150000, slice_width = 100000, method = 1, show_progress_bar = true, saved_img_format = tif, saved_img_depth = 16, frame_dir = "")

Time elapsed: 2716.0 seconds

in VolumeConverter::generateTiles(path = "/athena/listonlab/scratch/dje4001/lightsheet_scratch/fostrapxai9tdtomato_watercontrol/lightsheet/stitched/20230606_14_05_11_Cage3976645_Animal1_FosCreERxAi9_Male_Cohort1_TMTWaterControl/Ex_647_Em_680", resolutions = 1000000000, slice_height = 150000, slice_width = 100000, method = 1, show_progress_bar = true, saved_img_format = tif, saved_img_depth = 16, frame_dir = "")

Time elapsed: 2789.0 seconds

in VolumeConverter::generateTiles(path = "/athena/listonlab/scratch/dje4001/lightsheet_scratch/fostrapxai9tdtomato_watercontrol/lightsheet/stitched/20230606_14_05_11_Cage3976645_Animal1_FosCreERxAi9_Male_Cohort1_TMTWaterControl/Ex_647_Em_680", resolutions = 1000000000, slice_height = 150000, slice_width = 100000, method = 1, show_progress_bar = true, saved_img_format = tif, saved_img_depth = 16, frame_dir = "")

Time elapsed: 2782.0 seconds

in VolumeConverter::generateTiles(path = "/athena/listonlab/scratch/dje4001/lightsheet_scratch/fostrapxai9tdtomato_watercontrol/lightsheet/stitched/20230606_14_05_11_Cage3976645_Animal1_FosCreERxAi9_Male_Cohort1_TMTWaterControl/Ex_647_Em_680", resolutions = 1000000000, slice_height = 150000, slice_width = 100000, method = 1, show_progress_bar = true, saved_img_format = tif, saved_img_depth = 16, frame_dir = "")

Time elapsed: 2793.0 seconds

in VolumeConverter::generateTiles(path = "/athena/listonlab/scratch/dje4001/lightsheet_scratch/fostrapxai9tdtomato_watercontrol/lightsheet/stitched/20230606_14_05_11_Cage3976645_Animal1_FosCreERxAi9_Male_Cohort1_TMTWaterControl/Ex_647_Em_680", resolutions = 1000000000, slice_height = 150000, slice_width = 100000, method = 1, show_progress_bar = true, saved_img_format = tif, saved_img_depth = 16, frame_dir = "")

Time elapsed: 2769.0 seconds

in VolumeConverter::generateTiles(path = "/athena/listonlab/scratch/dje4001/lightsheet_scratch/fostrapxai9tdtomato_watercontrol/lightsheet/stitched/20230606_14_05_11_Cage3976645_Animal1_FosCreERxAi9_Male_Cohort1_TMTWaterControl/Ex_647_Em_680", resolutions = 1000000000, slice_height = 150000, slice_width = 100000, method = 1, show_progress_bar = true, saved_img_format = tif, saved_img_depth = 16, frame_dir = "")

Time elapsed: 2773.0 seconds

in VolumeConverter::generateTiles(path = "/athena/listonlab/scratch/dje4001/lightsheet_scratch/fostrapxai9tdtomato_watercontrol/lightsheet/stitched/20230606_14_05_11_Cage3976645_Animal1_FosCreERxAi9_Male_Cohort1_TMTWaterControl/Ex_647_Em_680", resolutions = 1000000000, slice_height = 150000, slice_width = 100000, method = 1, show_progress_bar = true, saved_img_format = tif, saved_img_depth = 16, frame_dir = "")

Time elapsed: 2757.0 seconds

in VolumeConverter::generateTiles(path = "/athena/listonlab/scratch/dje4001/lightsheet_scratch/fostrapxai9tdtomato_watercontrol/lightsheet/stitched/20230606_14_05_11_Cage3976645_Animal1_FosCreERxAi9_Male_Cohort1_TMTWaterControl/Ex_647_Em_680", resolutions = 1000000000, slice_height = 150000, slice_width = 100000, method = 1, show_progress_bar = true, saved_img_format = tif, saved_img_depth = 16, frame_dir = "")

Time elapsed: 2766.0 seconds

in VolumeConverter::generateTiles(path = "/athena/listonlab/scratch/dje4001/lightsheet_scratch/fostrapxai9tdtomato_watercontrol/lightsheet/stitched/20230606_14_05_11_Cage3976645_Animal1_FosCreERxAi9_Male_Cohort1_TMTWaterControl/Ex_647_Em_680", resolutions = 1000000000, slice_height = 150000, slice_width = 100000, method = 1, show_progress_bar = true, saved_img_format = tif, saved_img_depth = 16, frame_dir = "")

Time elapsed: 2781.0 seconds

in VolumeConverter::generateTiles(path = "/athena/listonlab/scratch/dje4001/lightsheet_scratch/fostrapxai9tdtomato_watercontrol/lightsheet/stitched/20230606_14_05_11_Cage3976645_Animal1_FosCreERxAi9_Male_Cohort1_TMTWaterControl/Ex_647_Em_680", resolutions = 1000000000, slice_height = 150000, slice_width = 100000, method = 1, show_progress_bar = true, saved_img_format = tif, saved_img_depth = 16, frame_dir = "")

Time elapsed: 2776.0 seconds

The value for  --info  was not declared. It will be set to no_info by default.
Scheduled job n.  0  is executed by rank:  1
./teraconverter --height=150000 --width=100000 --depth=256 --sfmt="TIFF (unstitched, 3D)" --dfmt="TIFF (tiled, 2D)" --resolutions=0 -s="/athena/listonlab/scratch/dje4001/lightsheet_scratch/fostrapxai9tdtomato_watercontrol/lightsheet/destriped/20230606_14_05_11_Cage3976645_Animal1_FosCreERxAi9_Male_Cohort1_TMTWaterControl/Ex_647_Em_680/xml_placetiles.xml" -d="/athena/listonlab/scratch/dje4001/lightsheet_scratch/fostrapxai9tdtomato_watercontrol/lightsheet/stitched/20230606_14_05_11_Cage3976645_Animal1_FosCreERxAi9_Male_Cohort1_TMTWaterControl/Ex_647_Em_680"  --parallel --H0=0 --H1=7465 --V0=0 --V1=8852 --D0=0 --D1=245
 ---> Processor  1  has calculated for  2579.2478024959564
Scheduled job n.  1  is executed by rank:  1
./teraconverter --height=150000 --width=100000 --depth=256 --sfmt="TIFF (unstitched, 3D)" --dfmt="TIFF (tiled, 2D)" --resolutions=0 -s="/athena/listonlab/scratch/dje4001/lightsheet_scratch/fostrapxai9tdtomato_watercontrol/lightsheet/destriped/20230606_14_05_11_Cage3976645_Animal1_FosCreERxAi9_Male_Cohort1_TMTWaterControl/Ex_647_Em_680/xml_placetiles.xml" -d="/athena/listonlab/scratch/dje4001/lightsheet_scratch/fostrapxai9tdtomato_watercontrol/lightsheet/stitched/20230606_14_05_11_Cage3976645_Animal1_FosCreERxAi9_Male_Cohort1_TMTWaterControl/Ex_647_Em_680"  --parallel --H0=0 --H1=7465 --V0=0 --V1=8852 --D0=245 --D1=490
 ---> Processor  1  has calculated for  2715.542980194092
Scheduled job n.  2  is executed by rank:  1
./teraconverter --height=150000 --width=100000 --depth=256 --sfmt="TIFF (unstitched, 3D)" --dfmt="TIFF (tiled, 2D)" --resolutions=0 -s="/athena/listonlab/scratch/dje4001/lightsheet_scratch/fostrapxai9tdtomato_watercontrol/lightsheet/destriped/20230606_14_05_11_Cage3976645_Animal1_FosCreERxAi9_Male_Cohort1_TMTWaterControl/Ex_647_Em_680/xml_placetiles.xml" -d="/athena/listonlab/scratch/dje4001/lightsheet_scratch/fostrapxai9tdtomato_watercontrol/lightsheet/stitched/20230606_14_05_11_Cage3976645_Animal1_FosCreERxAi9_Male_Cohort1_TMTWaterControl/Ex_647_Em_680"  --parallel --H0=0 --H1=7465 --V0=0 --V1=8852 --D0=490 --D1=735
 ---> Processor  1  has calculated for  2788.874498605728
Scheduled job n.  3  is executed by rank:  1
./teraconverter --height=150000 --width=100000 --depth=256 --sfmt="TIFF (unstitched, 3D)" --dfmt="TIFF (tiled, 2D)" --resolutions=0 -s="/athena/listonlab/scratch/dje4001/lightsheet_scratch/fostrapxai9tdtomato_watercontrol/lightsheet/destriped/20230606_14_05_11_Cage3976645_Animal1_FosCreERxAi9_Male_Cohort1_TMTWaterControl/Ex_647_Em_680/xml_placetiles.xml" -d="/athena/listonlab/scratch/dje4001/lightsheet_scratch/fostrapxai9tdtomato_watercontrol/lightsheet/stitched/20230606_14_05_11_Cage3976645_Animal1_FosCreERxAi9_Male_Cohort1_TMTWaterControl/Ex_647_Em_680"  --parallel --H0=0 --H1=7465 --V0=0 --V1=8852 --D0=735 --D1=980
 ---> Processor  1  has calculated for  2781.9712641239166
Scheduled job n.  4  is executed by rank:  1
./teraconverter --height=150000 --width=100000 --depth=256 --sfmt="TIFF (unstitched, 3D)" --dfmt="TIFF (tiled, 2D)" --resolutions=0 -s="/athena/listonlab/scratch/dje4001/lightsheet_scratch/fostrapxai9tdtomato_watercontrol/lightsheet/destriped/20230606_14_05_11_Cage3976645_Animal1_FosCreERxAi9_Male_Cohort1_TMTWaterControl/Ex_647_Em_680/xml_placetiles.xml" -d="/athena/listonlab/scratch/dje4001/lightsheet_scratch/fostrapxai9tdtomato_watercontrol/lightsheet/stitched/20230606_14_05_11_Cage3976645_Animal1_FosCreERxAi9_Male_Cohort1_TMTWaterControl/Ex_647_Em_680"  --parallel --H0=0 --H1=7465 --V0=0 --V1=8852 --D0=980 --D1=1225
 ---> Processor  1  has calculated for  2793.517369031906
Scheduled job n.  5  is executed by rank:  1
./teraconverter --height=150000 --width=100000 --depth=256 --sfmt="TIFF (unstitched, 3D)" --dfmt="TIFF (tiled, 2D)" --resolutions=0 -s="/athena/listonlab/scratch/dje4001/lightsheet_scratch/fostrapxai9tdtomato_watercontrol/lightsheet/destriped/20230606_14_05_11_Cage3976645_Animal1_FosCreERxAi9_Male_Cohort1_TMTWaterControl/Ex_647_Em_680/xml_placetiles.xml" -d="/athena/listonlab/scratch/dje4001/lightsheet_scratch/fostrapxai9tdtomato_watercontrol/lightsheet/stitched/20230606_14_05_11_Cage3976645_Animal1_FosCreERxAi9_Male_Cohort1_TMTWaterControl/Ex_647_Em_680"  --parallel --H0=0 --H1=7465 --V0=0 --V1=8852 --D0=1225 --D1=1470
 ---> Processor  1  has calculated for  2768.7905774116516
Scheduled job n.  6  is executed by rank:  1
./teraconverter --height=150000 --width=100000 --depth=256 --sfmt="TIFF (unstitched, 3D)" --dfmt="TIFF (tiled, 2D)" --resolutions=0 -s="/athena/listonlab/scratch/dje4001/lightsheet_scratch/fostrapxai9tdtomato_watercontrol/lightsheet/destriped/20230606_14_05_11_Cage3976645_Animal1_FosCreERxAi9_Male_Cohort1_TMTWaterControl/Ex_647_Em_680/xml_placetiles.xml" -d="/athena/listonlab/scratch/dje4001/lightsheet_scratch/fostrapxai9tdtomato_watercontrol/lightsheet/stitched/20230606_14_05_11_Cage3976645_Animal1_FosCreERxAi9_Male_Cohort1_TMTWaterControl/Ex_647_Em_680"  --parallel --H0=0 --H1=7465 --V0=0 --V1=8852 --D0=1470 --D1=1715
 ---> Processor  1  has calculated for  2772.81919670105
Scheduled job n.  7  is executed by rank:  1
./teraconverter --height=150000 --width=100000 --depth=256 --sfmt="TIFF (unstitched, 3D)" --dfmt="TIFF (tiled, 2D)" --resolutions=0 -s="/athena/listonlab/scratch/dje4001/lightsheet_scratch/fostrapxai9tdtomato_watercontrol/lightsheet/destriped/20230606_14_05_11_Cage3976645_Animal1_FosCreERxAi9_Male_Cohort1_TMTWaterControl/Ex_647_Em_680/xml_placetiles.xml" -d="/athena/listonlab/scratch/dje4001/lightsheet_scratch/fostrapxai9tdtomato_watercontrol/lightsheet/stitched/20230606_14_05_11_Cage3976645_Animal1_FosCreERxAi9_Male_Cohort1_TMTWaterControl/Ex_647_Em_680"  --parallel --H0=0 --H1=7465 --V0=0 --V1=8852 --D0=1715 --D1=1960
 ---> Processor  1  has calculated for  2757.0979328155518
Scheduled job n.  8  is executed by rank:  1
./teraconverter --height=150000 --width=100000 --depth=256 --sfmt="TIFF (unstitched, 3D)" --dfmt="TIFF (tiled, 2D)" --resolutions=0 -s="/athena/listonlab/scratch/dje4001/lightsheet_scratch/fostrapxai9tdtomato_watercontrol/lightsheet/destriped/20230606_14_05_11_Cage3976645_Animal1_FosCreERxAi9_Male_Cohort1_TMTWaterControl/Ex_647_Em_680/xml_placetiles.xml" -d="/athena/listonlab/scratch/dje4001/lightsheet_scratch/fostrapxai9tdtomato_watercontrol/lightsheet/stitched/20230606_14_05_11_Cage3976645_Animal1_FosCreERxAi9_Male_Cohort1_TMTWaterControl/Ex_647_Em_680"  --parallel --H0=0 --H1=7465 --V0=0 --V1=8852 --D0=1960 --D1=2205
 ---> Processor  1  has calculated for  2765.904392719269
Scheduled job n.  9  is executed by rank:  1
./teraconverter --height=150000 --width=100000 --depth=256 --sfmt="TIFF (unstitched, 3D)" --dfmt="TIFF (tiled, 2D)" --resolutions=0 -s="/athena/listonlab/scratch/dje4001/lightsheet_scratch/fostrapxai9tdtomato_watercontrol/lightsheet/destriped/20230606_14_05_11_Cage3976645_Animal1_FosCreERxAi9_Male_Cohort1_TMTWaterControl/Ex_647_Em_680/xml_placetiles.xml" -d="/athena/listonlab/scratch/dje4001/lightsheet_scratch/fostrapxai9tdtomato_watercontrol/lightsheet/stitched/20230606_14_05_11_Cage3976645_Animal1_FosCreERxAi9_Male_Cohort1_TMTWaterControl/Ex_647_Em_680"  --parallel --H0=0 --H1=7465 --V0=0 --V1=8852 --D0=2205 --D1=2450
 ---> Processor  1  has calculated for  2781.012573480606
Scheduled job n.  10  is executed by rank:  1
./teraconverter --height=150000 --width=100000 --depth=256 --sfmt="TIFF (unstitched, 3D)" --dfmt="TIFF (tiled, 2D)" --resolutions=0 -s="/athena/listonlab/scratch/dje4001/lightsheet_scratch/fostrapxai9tdtomato_watercontrol/lightsheet/destriped/20230606_14_05_11_Cage3976645_Animal1_FosCreERxAi9_Male_Cohort1_TMTWaterControl/Ex_647_Em_680/xml_placetiles.xml" -d="/athena/listonlab/scratch/dje4001/lightsheet_scratch/fostrapxai9tdtomato_watercontrol/lightsheet/stitched/20230606_14_05_11_Cage3976645_Animal1_FosCreERxAi9_Male_Cohort1_TMTWaterControl/Ex_647_Em_680"  --parallel --H0=0 --H1=7465 --V0=0 --V1=8852 --D0=2450 --D1=2695
 ---> Processor  1  has calculated for  2776.554042816162
Scheduled job n.  11  is executed by rank:  1
./teraconverter --height=150000 --width=100000 --depth=256 --sfmt="TIFF (unstitched, 3D)" --dfmt="TIFF (tiled, 2D)" --resolutions=0 -s="/athena/listonlab/scratch/dje4001/lightsheet_scratch/fostrapxai9tdtomato_watercontrol/lightsheet/destriped/20230606_14_05_11_Cage3976645_Animal1_FosCreERxAi9_Male_Cohort1_TMTWaterControl/Ex_647_Em_680/xml_placetiles.xml" -d="/athena/listonlab/scratch/dje4001/lightsheet_scratch/fostrapxai9tdtomato_watercontrol/lightsheet/stitched/20230606_14_05_11_Cage3976645_Animal1_FosCreERxAi9_Male_Cohort1_TMTWaterControl/Ex_647_Em_680"  --parallel --H0=0 --H1=7465 --V0=0 --V1=8852 --D0=2695 --D1=2940in VolumeConverter::generateTiles(path = "/athena/listonlab/scratch/dje4001/lightsheet_scratch/fostrapxai9tdtomato_watercontrol/lightsheet/stitched/20230606_14_05_11_Cage3976645_Animal1_FosCreERxAi9_Male_Cohort1_TMTWaterControl/Ex_647_Em_680", resolutions = 1000000000, slice_height = 150000, slice_width = 100000, method = 1, show_progress_bar = true, saved_img_format = tif, saved_img_depth = 16, frame_dir = "")

Time elapsed: 2752.0 seconds

in VolumeConverter::generateTiles(path = "/athena/listonlab/scratch/dje4001/lightsheet_scratch/fostrapxai9tdtomato_watercontrol/lightsheet/stitched/20230606_14_05_11_Cage3976645_Animal1_FosCreERxAi9_Male_Cohort1_TMTWaterControl/Ex_647_Em_680", resolutions = 1000000000, slice_height = 150000, slice_width = 100000, method = 1, show_progress_bar = true, saved_img_format = tif, saved_img_depth = 16, frame_dir = "")

Time elapsed: 2759.0 seconds

in VolumeConverter::generateTiles(path = "/athena/listonlab/scratch/dje4001/lightsheet_scratch/fostrapxai9tdtomato_watercontrol/lightsheet/stitched/20230606_14_05_11_Cage3976645_Animal1_FosCreERxAi9_Male_Cohort1_TMTWaterControl/Ex_647_Em_680", resolutions = 1000000000, slice_height = 150000, slice_width = 100000, method = 1, show_progress_bar = true, saved_img_format = tif, saved_img_depth = 16, frame_dir = "")

Time elapsed: 2635.0 seconds

in VolumeConverter::generateTiles(path = "/athena/listonlab/scratch/dje4001/lightsheet_scratch/fostrapxai9tdtomato_watercontrol/lightsheet/stitched/20230606_14_05_11_Cage3976645_Animal1_FosCreERxAi9_Male_Cohort1_TMTWaterControl/Ex_647_Em_680", resolutions = 1000000000, slice_height = 150000, slice_width = 100000, method = 1, show_progress_bar = true, saved_img_format = tif, saved_img_depth = 16, frame_dir = "")

Time elapsed: 2456.0 seconds

in VolumeConverter::mdataGenerator(path = "/athena/listonlab/scratch/dje4001/lightsheet_scratch/fostrapxai9tdtomato_watercontrol/lightsheet/stitched/20230606_14_05_11_Cage3976645_Animal1_FosCreERxAi9_Male_Cohort1_TMTWaterControl/Ex_647_Em_680", resolutions = 1000000000, block_height = 150000, block_width = 100000, block_depth = -1, method = 1, show_progress_bar = true, saved_img_format = tif, saved_img_depth = 16, frame_dir = "")

Time elapsed: 0.0 seconds

The value for  --info  was not declared. It will be set to no_info by default.
********************************************************************************
2023-11-01 21:29:29.362674  -- Calculation started on  2 - 1 cores.
********************************************************************************
./teraconverter  --sfmt="TIFF (unstitched, 3D)" --dfmt="TIFF (tiled, 3D)" -s="/athena/listonlab/scratch/dje4001/lightsheet_scratch/fostrapxai9tdtomato_watercontrol/lightsheet/destriped/20230606_14_05_11_Cage3976645_Animal1_FosCreERxAi9_Male_Cohort1_TMTWaterControl/Ex_647_Em_680/xml_placetiles.xml" -d=/ --info="/athena/cayuga_0015/scratch/dje4001/TeraStitcher-portable-1.11.10-Linux/__dims__.txt"
The value for  --origin=  was not declared. It will be set to /athena/cayuga_0015/scratch/dje4001/TeraStitcher-portable-1.11.10-Linux/__dims__.txt by default.
Origin file is:  /athena/cayuga_0015/scratch/dje4001/TeraStitcher-portable-1.11.10-Linux/__dims__.txt
The value for  --slicedepth=  was not declared. It will be set to 0 by default.
The value for  --resolutions=  was not declared. It will be set to 0 by default.
The value for  --isotropic  was not declared. It will be set to False by default.
vxl_V, vxl_H, vxl_D, isotropic, h, max_res, max_res_D : 1.83 1.83 2.0 False 0 0 0
################################################################################
Input file =  /athena/listonlab/scratch/dje4001/lightsheet_scratch/fostrapxai9tdtomato_watercontrol/lightsheet/destriped/20230606_14_05_11_Cage3976645_Animal1_FosCreERxAi9_Male_Cohort1_TMTWaterControl/Ex_647_Em_680/xml_placetiles.xml
Output directory /athena/listonlab/scratch/dje4001/lightsheet_scratch/fostrapxai9tdtomato_watercontrol/lightsheet/stitched/20230606_14_05_11_Cage3976645_Animal1_FosCreERxAi9_Male_Cohort1_TMTWaterControl/Ex_647_Em_680
Rough depth for the tiles in width direction =  100000
Rough depth for the tiles in height direction =  150000
Rough depth for the tiles in depth direction =  256
Source Format =  "TIFF (unstitched, 3D)"
Destination Format =  "TIFF (tiled, 2D)"
Resolutions =  [0]
Max Resolutions 0
Width (in voxel) of the immage =  7465
Height (in voxel) of the immage =  8852
Depth (in voxel) of the immage =  3661
[]
Last input elements of the original string =  
################################################################################
-------->  TIFF (unstitched, 3D) TIFF (tiled, 2D) True True True
number of work units (Depth, Height, Width):  15 1 1
size of work units (Depth, Height, Width):  [245, 245, 245, 245, 245, 245, 245, 245, 245, 245, 245, 245, 245, 245, 231] [8852] [7465]
./teraconverter --height=150000 --width=100000 --depth=256 --sfmt="TIFF (unstitched, 3D)" --dfmt="TIFF (tiled, 2D)" --resolutions=0 -s="/athena/listonlab/scratch/dje4001/lightsheet_scratch/fostrapxai9tdtomato_watercontrol/lightsheet/destriped/20230606_14_05_11_Cage3976645_Animal1_FosCreERxAi9_Male_Cohort1_TMTWaterControl/Ex_647_Em_680/xml_placetiles.xml" -d="/athena/listonlab/scratch/dje4001/lightsheet_scratch/fostrapxai9tdtomato_watercontrol/lightsheet/stitched/20230606_14_05_11_Cage3976645_Animal1_FosCreERxAi9_Male_Cohort1_TMTWaterControl/Ex_647_Em_680"  --makedirs
MASTER: first loop terminated
MASTER: second loop terminated
MASTER: third loop terminated
./teraconverter --height=150000 --width=100000 --depth=256 --sfmt="TIFF (unstitched, 3D)" --dfmt="TIFF (tiled, 2D)" --resolutions=0 -s="/athena/listonlab/scratch/dje4001/lightsheet_scratch/fostrapxai9tdtomato_watercontrol/lightsheet/destriped/20230606_14_05_11_Cage3976645_Animal1_FosCreERxAi9_Male_Cohort1_TMTWaterControl/Ex_647_Em_680/xml_placetiles.xml" -d="/athena/listonlab/scratch/dje4001/lightsheet_scratch/fostrapxai9tdtomato_watercontrol/lightsheet/stitched/20230606_14_05_11_Cage3976645_Animal1_FosCreERxAi9_Male_Cohort1_TMTWaterControl/Ex_647_Em_680"  --metadata
********************************************************************************
2023-11-02 08:50:52.498633 -- Calculation ended after  40883.13597416878  seconds
********************************************************************************

 ---> Processor  1  has calculated for  2752.1211457252502
Scheduled job n.  12  is executed by rank:  1
./teraconverter --height=150000 --width=100000 --depth=256 --sfmt="TIFF (unstitched, 3D)" --dfmt="TIFF (tiled, 2D)" --resolutions=0 -s="/athena/listonlab/scratch/dje4001/lightsheet_scratch/fostrapxai9tdtomato_watercontrol/lightsheet/destriped/20230606_14_05_11_Cage3976645_Animal1_FosCreERxAi9_Male_Cohort1_TMTWaterControl/Ex_647_Em_680/xml_placetiles.xml" -d="/athena/listonlab/scratch/dje4001/lightsheet_scratch/fostrapxai9tdtomato_watercontrol/lightsheet/stitched/20230606_14_05_11_Cage3976645_Animal1_FosCreERxAi9_Male_Cohort1_TMTWaterControl/Ex_647_Em_680"  --parallel --H0=0 --H1=7465 --V0=0 --V1=8852 --D0=2940 --D1=3185
 ---> Processor  1  has calculated for  2758.8154079914093
Scheduled job n.  13  is executed by rank:  1
./teraconverter --height=150000 --width=100000 --depth=256 --sfmt="TIFF (unstitched, 3D)" --dfmt="TIFF (tiled, 2D)" --resolutions=0 -s="/athena/listonlab/scratch/dje4001/lightsheet_scratch/fostrapxai9tdtomato_watercontrol/lightsheet/destriped/20230606_14_05_11_Cage3976645_Animal1_FosCreERxAi9_Male_Cohort1_TMTWaterControl/Ex_647_Em_680/xml_placetiles.xml" -d="/athena/listonlab/scratch/dje4001/lightsheet_scratch/fostrapxai9tdtomato_watercontrol/lightsheet/stitched/20230606_14_05_11_Cage3976645_Animal1_FosCreERxAi9_Male_Cohort1_TMTWaterControl/Ex_647_Em_680"  --parallel --H0=0 --H1=7465 --V0=0 --V1=8852 --D0=3185 --D1=3430
 ---> Processor  1  has calculated for  2635.2455184459686
Scheduled job n.  14  is executed by rank:  1
./teraconverter --height=150000 --width=100000 --depth=256 --sfmt="TIFF (unstitched, 3D)" --dfmt="TIFF (tiled, 2D)" --resolutions=0 -s="/athena/listonlab/scratch/dje4001/lightsheet_scratch/fostrapxai9tdtomato_watercontrol/lightsheet/destriped/20230606_14_05_11_Cage3976645_Animal1_FosCreERxAi9_Male_Cohort1_TMTWaterControl/Ex_647_Em_680/xml_placetiles.xml" -d="/athena/listonlab/scratch/dje4001/lightsheet_scratch/fostrapxai9tdtomato_watercontrol/lightsheet/stitched/20230606_14_05_11_Cage3976645_Animal1_FosCreERxAi9_Male_Cohort1_TMTWaterControl/Ex_647_Em_680"  --parallel --H0=0 --H1=7465 --V0=0 --V1=8852 --D0=3430 --D1=3661
 ---> Processor  1  has calculated for  2455.456186771393
Exit cpu n.  1
