/athena/listonlab/scratch/dje4001/lightsheet_scratch/fostrapxai9tdtomato_vanillacontrol/lightsheet/converted/20240108_13_59_15_CAGE4422955_ANIMAL1316_STRAINFOSTRAP2XAI9TDTOMATO_SEXFEMALE_VANILLA/
Submitted batch job 103511
/athena/listonlab/scratch/dje4001/lightsheet_scratch/fostrapxai9tdtomato_vanillacontrol/lightsheet/converted/20240110_11_29_24_CAGE4423051_ANIMAL1750_STRAINFOSTRAP2xAI9TDTOMATO_SEXMALE_BEHAVIORVANILLA/
Submitted batch job 103512
/athena/listonlab/scratch/dje4001/lightsheet_scratch/fostrapxai9tdtomato_vanillacontrol/lightsheet/converted/20240110_14_07_47_CAGE4422955_ANIMAL1313_STRAINAI9TDTOMATO_SEXFEMALE_BEHAVIORVANILLA/
Submitted batch job 103513
/athena/listonlab/scratch/dje4001/lightsheet_scratch/fostrapxai9tdtomato_vanillacontrol/lightsheet/converted/20240110_17_15_46_CAGE4423051_ANIMAL1957_STRAINAi9TDtomato_SEXMALE_BEHAVIORVANILLA/
Submitted batch job 103514
/athena/listonlab/scratch/dje4001/lightsheet_scratch/fostrapxai9tdtomato_vanillacontrol/lightsheet/converted/20240111_14_31_52_CAGE4422955_ANIMAL1324_STRAINFOSTRAP2xAi9Tdtomato_SEXFEMALE_BEHAVIORVANILLA/
Submitted batch job 103515
/athena/listonlab/scratch/dje4001/lightsheet_scratch/fostrapxai9tdtomato_vanillacontrol/lightsheet/converted/20240111_17_37_51_CAGE4422955_ANIMAL1311_STRAINAI9TDTOMATO_SEXFEMALE_BEHAVIORVANILLA/
Submitted batch job 103516
/athena/listonlab/scratch/dje4001/lightsheet_scratch/fostrapxai9tdtomato_vanillacontrol/lightsheet/converted/20240111_21_39_53_CAGE4423051_ANIMAL1955_STRAINFOSTRAP2xAi9TDtomato_SEXMALE_BEHAVIORVANILLA/
Submitted batch job 103517
/athena/listonlab/scratch/dje4001/lightsheet_scratch/fostrapxai9tdtomato_vanillacontrol/lightsheet/converted/20240113_14_40_34_CAGE4422956__ANIMAL1398_STRAINAi9TDTOMATO_SEXFEMALE_BEHAVIORVANILLA/
Submitted batch job 103518
/athena/listonlab/scratch/dje4001/lightsheet_scratch/fostrapxai9tdtomato_vanillacontrol/lightsheet/converted/20240113_17_25_06_CAGE4423051_ANIMAL1740_STRAINAi9Tdtomato_SEXMALE_BEHAVIORVANILLA/
Submitted batch job 103519
/athena/listonlab/scratch/dje4001/lightsheet_scratch/fostrapxai9tdtomato_vanillacontrol/lightsheet/converted/20240113_19_58_04_CAGE4423051_ANIMAL1959_STRAINAi9Tdtomato_SEXMALE_BEHAVIORVANILLA/
Submitted batch job 103520
/athena/listonlab/scratch/dje4001/lightsheet_scratch/fostrapxai9tdtomato_vanillacontrol/lightsheet/converted/20240113_22_23_42_CAGE4467200_ANIMAL5_VIRUSRABIES_CORTEXPERIMENTAL_SEXFEMALE/
Submitted batch job 103521
/athena/listonlab/scratch/dje4001/lightsheet_scratch/fostrapxai9tdtomato_vanillacontrol/lightsheet/converted/20240114_14_49_10_CAGE4422956_ANIMALRIGHTCUT_STRAINAi9Tdtomato_SEXFEMALE_BEHAVIORVANILLA/
Submitted batch job 103522
/athena/listonlab/scratch/dje4001/lightsheet_scratch/fostrapxai9tdtomato_vanillacontrol/lightsheet/converted/20240114_17_19_35_CAGE442956_ANIMAL1397_STRAINAi9Tdtomato_SEXFEMALE_BEHAVIORVANILLA/
Submitted batch job 103523
/athena/listonlab/scratch/dje4001/lightsheet_scratch/fostrapxai9tdtomato_vanillacontrol/lightsheet/converted/20240114_19_25_36_CAGE4422956_ANIMAL1394_STRAINAi9Tdtomato_SEXFEMALE_BEHAVIORVANILLA/
Submitted batch job 103524
Submitted batch job 103525
