Activate correct environment
This is the input directory: /athena/listonlab/scratch/dje4001/lightsheet_scratch/fostrapxai9tdtomato_watercontrol/lightsheet/destriped/20230406_15_18_13_Cage4278725_Animal01_STRAINFOSTRAPXAI9TDTOMATO_Female_COHORT4_BEHAVIORTMTWATERCONTROL/
This is the output directory: /athena/listonlab/scratch/dje4001/lightsheet_scratch/fostrapxai9tdtomato_watercontrol/lightsheet/stitched/20230406_15_18_13_Cage4278725_Animal01_STRAINFOSTRAPXAI9TDTOMATO_Female_COHORT4_BEHAVIORTMTWATERCONTROL/
This is the input directory: /athena/listonlab/scratch/dje4001/lightsheet_scratch/fostrapxai9tdtomato_watercontrol/lightsheet/destriped/20230406_15_18_13_Cage4278725_Animal01_STRAINFOSTRAPXAI9TDTOMATO_Female_COHORT4_BEHAVIORTMTWATERCONTROL/Ex_647_Em_680/

Time elapsed: 2.0 seconds

[H[2J[3J[H[2J[3J[H[2J[3J[H[2J[3J[H[2J[3J[H[2J[3J[H[2J[3J[H[2J[3J[H[2J[3J[H[2J[3J[H[2J[3J[H[2J[3J[H[2J[3J[H[2J[3J[H[2J[3J[H[2J[3J[H[2J[3J[H[2J[3J[H[2J[3J[H[2J[3J[H[2J[3J[H[2J[3J[H[2J[3J[H[2J[3J[H[2J[3J[H[2J[3J[H[2J[3J[H[2J[3J[H[2J[3J[H[2J[3J[H[2J[3J[H[2J[3J[H[2J[3J[H[2J[3JOPERATION:	Pairwise displacement computation
PHASE:		Initializing...
TIME REMAINING:	0 minutes and 0 seconds
PROGRESS:	0%	::::::::::::::::::::::::::::::::::::::::::::::::::::::::::::::::::::::::::::::::::::::::::::::::::::

OPERATION:	Pairwise displacement computation
PHASE:		Displacement computation 1 of 450
TIME REMAINING:	2020 minutes and 29 seconds
PROGRESS:	0%	::::::::::::::::::::::::::::::::::::::::::::::::::::::::::::::::::::::::::::::::::::::::::::::::::::

OPERATION:	Pairwise displacement computation
PHASE:		Displacement computation 2 of 450
TIME REMAINING:	1511 minutes and 59 seconds
PROGRESS:	0%	::::::::::::::::::::::::::::::::::::::::::::::::::::::::::::::::::::::::::::::::::::::::::::::::::::

OPERATION:	Pairwise displacement computation
PHASE:		Displacement computation 3 of 450
TIME REMAINING:	1383 minutes and 12 seconds
PROGRESS:	0%	::::::::::::::::::::::::::::::::::::::::::::::::::::::::::::::::::::::::::::::::::::::::::::::::::::

OPERATION:	Pairwise displacement computation
PHASE:		Displacement computation 4 of 450
TIME REMAINING:	1276 minutes and 40 seconds
PROGRESS:	0%	::::::::::::::::::::::::::::::::::::::::::::::::::::::::::::::::::::::::::::::::::::::::::::::::::::

OPERATION:	Pairwise displacement computation
PHASE:		Displacement computation 5 of 450
TIME REMAINING:	1235 minutes and 36 seconds
PROGRESS:	1%	*:::::::::::::::::::::::::::::::::::::::::::::::::::::::::::::::::::::::::::::::::::::::::::::::::::

OPERATION:	Pairwise displacement computation
PHASE:		Displacement computation 6 of 450
TIME REMAINING:	1197 minutes and 33 seconds
PROGRESS:	1%	*:::::::::::::::::::::::::::::::::::::::::::::::::::::::::::::::::::::::::::::::::::::::::::::::::::

OPERATION:	Pairwise displacement computation
PHASE:		Displacement computation 7 of 450
TIME REMAINING:	1177 minutes and 6 seconds
PROGRESS:	1%	*:::::::::::::::::::::::::::::::::::::::::::::::::::::::::::::::::::::::::::::::::::::::::::::::::::

OPERATION:	Pairwise displacement computation
PHASE:		Displacement computation 8 of 450
TIME REMAINING:	1028 minutes and 34 seconds
PROGRESS:	1%	*:::::::::::::::::::::::::::::::::::::::::::::::::::::::::::::::::::::::::::::::::::::::::::::::::::

OPERATION:	Pairwise displacement computation
PHASE:		Displacement computation 9 of 450
TIME REMAINING:	1027 minutes and 22 seconds
PROGRESS:	2%	**::::::::::::::::::::::::::::::::::::::::::::::::::::::::::::::::::::::::::::::::::::::::::::::::::

OPERATION:	Pairwise displacement computation
PHASE:		Displacement computation 10 of 450
TIME REMAINING:	923 minutes and 15 seconds
PROGRESS:	2%	**::::::::::::::::::::::::::::::::::::::::::::::::::::::::::::::::::::::::::::::::::::::::::::::::::

OPERATION:	Pairwise displacement computation
PHASE:		Displacement computation 11 of 450
TIME REMAINING:	939 minutes and 51 seconds
PROGRESS:	2%	**::::::::::::::::::::::::::::::::::::::::::::::::::::::::::::::::::::::::::::::::::::::::::::::::::

OPERATION:	Pairwise displacement computation
PHASE:		Displacement computation 12 of 450
TIME REMAINING:	859 minutes and 34 seconds
PROGRESS:	2%	**::::::::::::::::::::::::::::::::::::::::::::::::::::::::::::::::::::::::::::::::::::::::::::::::::

OPERATION:	Pairwise displacement computation
PHASE:		Displacement computation 13 of 450
TIME REMAINING:	874 minutes and 0 seconds
PROGRESS:	2%	**::::::::::::::::::::::::::::::::::::::::::::::::::::::::::::::::::::::::::::::::::::::::::::::::::

OPERATION:	Pairwise displacement computation
PHASE:		Displacement computation 14 of 450
TIME REMAINING:	886 minutes and 31 seconds
PROGRESS:	3%	***:::::::::::::::::::::::::::::::::::::::::::::::::::::::::::::::::::::::::::::::::::::::::::::::::

OPERATION:	Pairwise displacement computation
PHASE:		Displacement computation 15 of 450
TIME REMAINING:	826 minutes and 1 seconds
PROGRESS:	3%	***:::::::::::::::::::::::::::::::::::::::::::::::::::::::::::::::::::::::::::::::::::::::::::::::::

OPERATION:	Pairwise displacement computation
PHASE:		Displacement computation 16 of 450
TIME REMAINING:	838 minutes and 9 seconds
PROGRESS:	3%	***:::::::::::::::::::::::::::::::::::::::::::::::::::::::::::::::::::::::::::::::::::::::::::::::::

OPERATION:	Pairwise displacement computation
PHASE:		Displacement computation 17 of 450
TIME REMAINING:	787 minutes and 2 seconds
PROGRESS:	3%	***:::::::::::::::::::::::::::::::::::::::::::::::::::::::::::::::::::::::::::::::::::::::::::::::::

OPERATION:	Pairwise displacement computation
PHASE:		Displacement computation 18 of 450
TIME REMAINING:	803 minutes and 12 seconds
PROGRESS:	4%	****::::::::::::::::::::::::::::::::::::::::::::::::::::::::::::::::::::::::::::::::::::::::::::::::

OPERATION:	Pairwise displacement computation
PHASE:		Displacement computation 19 of 450
TIME REMAINING:	759 minutes and 32 seconds
PROGRESS:	4%	****::::::::::::::::::::::::::::::::::::::::::::::::::::::::::::::::::::::::::::::::::::::::::::::::

OPERATION:	Pairwise displacement computation
PHASE:		Displacement computation 20 of 450
TIME REMAINING:	775 minutes and 4 seconds
PROGRESS:	4%	****::::::::::::::::::::::::::::::::::::::::::::::::::::::::::::::::::::::::::::::::::::::::::::::::

OPERATION:	Pairwise displacement computation
PHASE:		Displacement computation 21 of 450
TIME REMAINING:	787 minutes and 51 seconds
PROGRESS:	4%	****::::::::::::::::::::::::::::::::::::::::::::::::::::::::::::::::::::::::::::::::::::::::::::::::

OPERATION:	Pairwise displacement computation
PHASE:		Displacement computation 22 of 450
TIME REMAINING:	750 minutes and 37 seconds
PROGRESS:	4%	****::::::::::::::::::::::::::::::::::::::::::::::::::::::::::::::::::::::::::::::::::::::::::::::::

OPERATION:	Pairwise displacement computation
PHASE:		Displacement computation 23 of 450
TIME REMAINING:	762 minutes and 6 seconds
PROGRESS:	5%	*****:::::::::::::::::::::::::::::::::::::::::::::::::::::::::::::::::::::::::::::::::::::::::::::::

OPERATION:	Pairwise displacement computation
PHASE:		Displacement computation 24 of 450
TIME REMAINING:	728 minutes and 55 seconds
PROGRESS:	5%	*****:::::::::::::::::::::::::::::::::::::::::::::::::::::::::::::::::::::::::::::::::::::::::::::::

OPERATION:	Pairwise displacement computation
PHASE:		Displacement computation 25 of 450
TIME REMAINING:	740 minutes and 20 seconds
PROGRESS:	5%	*****:::::::::::::::::::::::::::::::::::::::::::::::::::::::::::::::::::::::::::::::::::::::::::::::

OPERATION:	Pairwise displacement computation
PHASE:		Displacement computation 26 of 450
TIME REMAINING:	710 minutes and 12 seconds
PROGRESS:	5%	*****:::::::::::::::::::::::::::::::::::::::::::::::::::::::::::::::::::::::::::::::::::::::::::::::

OPERATION:	Pairwise displacement computation
PHASE:		Displacement computation 27 of 450
TIME REMAINING:	723 minutes and 1 seconds
PROGRESS:	6%	******::::::::::::::::::::::::::::::::::::::::::::::::::::::::::::::::::::::::::::::::::::::::::::::

OPERATION:	Pairwise displacement computation
PHASE:		Displacement computation 28 of 450
TIME REMAINING:	731 minutes and 58 seconds
PROGRESS:	6%	******::::::::::::::::::::::::::::::::::::::::::::::::::::::::::::::::::::::::::::::::::::::::::::::

OPERATION:	Pairwise displacement computation
PHASE:		Displacement computation 29 of 450
TIME REMAINING:	705 minutes and 3 seconds
PROGRESS:	6%	******::::::::::::::::::::::::::::::::::::::::::::::::::::::::::::::::::::::::::::::::::::::::::::::

OPERATION:	Pairwise displacement computation
PHASE:		Displacement computation 30 of 450
TIME REMAINING:	714 minutes and 28 seconds
PROGRESS:	6%	******::::::::::::::::::::::::::::::::::::::::::::::::::::::::::::::::::::::::::::::::::::::::::::::

OPERATION:	Pairwise displacement computation
PHASE:		Displacement computation 31 of 450
TIME REMAINING:	689 minutes and 59 seconds
PROGRESS:	6%	******::::::::::::::::::::::::::::::::::::::::::::::::::::::::::::::::::::::::::::::::::::::::::::::

OPERATION:	Pairwise displacement computation
PHASE:		Displacement computation 32 of 450
TIME REMAINING:	699 minutes and 3 seconds
PROGRESS:	7%	*******:::::::::::::::::::::::::::::::::::::::::::::::::::::::::::::::::::::::::::::::::::::::::::::

OPERATION:	Pairwise displacement computation
PHASE:		Displacement computation 33 of 450
TIME REMAINING:	67[H[2J[3J[H[2J[3J[H[2J[3J[H[2J[3J[H[2J[3J[H[2J[3J[H[2J[3J[H[2J[3J[H[2J[3J[H[2J[3J[H[2J[3J[H[2J[3J[H[2J[3J[H[2J[3J[H[2J[3J[H[2J[3J[H[2J[3J[H[2J[3J[H[2J[3J[H[2J[3J[H[2J[3J[H[2J[3J[H[2J[3J[H[2J[3J[H[2J[3J[H[2J[3J[H[2J[3J[H[2J[3J[H[2J[3J[H[2J[3J[H[2J[3J[H[2J[3J[H[2J[3J6 minutes and 27 seconds
PROGRESS:	7%	*******:::::::::::::::::::::::::::::::::::::::::::::::::::::::::::::::::::::::::::::::::::::::::::::

OPERATION:	Pairwise displacement computation
PHASE:		Displacement computation 34 of 450
TIME REMAINING:	686 minutes and 11 seconds
PROGRESS:	7%	*******:::::::::::::::::::::::::::::::::::::::::::::::::::::::::::::::::::::::::::::::::::::::::::::

OPERATION:	Pairwise displacement computation
PHASE:		Displacement computation 35 of 450
TIME REMAINING:	692 minutes and 27 seconds
PROGRESS:	7%	*******:::::::::::::::::::::::::::::::::::::::::::::::::::::::::::::::::::::::::::::::::::::::::::::

OPERATION:	Pairwise displacement computation
PHASE:		Displacement computation 36 of 450
TIME REMAINING:	671 minutes and 47 seconds
PROGRESS:	8%	********::::::::::::::::::::::::::::::::::::::::::::::::::::::::::::::::::::::::::::::::::::::::::::

OPERATION:	Pairwise displacement computation
PHASE:		Displacement computation 37 of 450
TIME REMAINING:	679 minutes and 1 seconds
PROGRESS:	8%	********::::::::::::::::::::::::::::::::::::::::::::::::::::::::::::::::::::::::::::::::::::::::::::

OPERATION:	Pairwise displacement computation
PHASE:		Displacement computation 38 of 450
TIME REMAINING:	659 minutes and 33 seconds
PROGRESS:	8%	********::::::::::::::::::::::::::::::::::::::::::::::::::::::::::::::::::::::::::::::::::::::::::::

OPERATION:	Pairwise displacement computation
PHASE:		Displacement computation 39 of 450
TIME REMAINING:	663 minutes and 44 seconds
PROGRESS:	8%	********::::::::::::::::::::::::::::::::::::::::::::::::::::::::::::::::::::::::::::::::::::::::::::

OPERATION:	Pairwise displacement computation
PHASE:		Displacement computation 40 of 450
TIME REMAINING:	645 minutes and 44 seconds
PROGRESS:	8%	********::::::::::::::::::::::::::::::::::::::::::::::::::::::::::::::::::::::::::::::::::::::::::::

OPERATION:	Pairwise displacement computation
PHASE:		Displacement computation 41 of 450
TIME REMAINING:	653 minutes and 4 seconds
PROGRESS:	9%	*********:::::::::::::::::::::::::::::::::::::::::::::::::::::::::::::::::::::::::::::::::::::::::::

OPERATION:	Pairwise displacement computation
PHASE:		Displacement computation 42 of 450
TIME REMAINING:	657 minutes and 39 seconds
PROGRESS:	9%	*********:::::::::::::::::::::::::::::::::::::::::::::::::::::::::::::::::::::::::::::::::::::::::::

OPERATION:	Pairwise displacement computation
PHASE:		Displacement computation 43 of 450
TIME REMAINING:	640 minutes and 47 seconds
PROGRESS:	9%	*********:::::::::::::::::::::::::::::::::::::::::::::::::::::::::::::::::::::::::::::::::::::::::::

OPERATION:	Pairwise displacement computation
PHASE:		Displacement computation 44 of 450
TIME REMAINING:	624 minutes and 50 seconds
PROGRESS:	9%	*********:::::::::::::::::::::::::::::::::::::::::::::::::::::::::::::::::::::::::::::::::::::::::::

OPERATION:	Pairwise displacement computation
PHASE:		Displacement computation 45 of 450
TIME REMAINING:	609 minutes and 36 seconds
PROGRESS:	10%	**********::::::::::::::::::::::::::::::::::::::::::::::::::::::::::::::::::::::::::::::::::::::::::

OPERATION:	Pairwise displacement computation
PHASE:		Displacement computation 46 of 450
TIME REMAINING:	633 minutes and 48 seconds
PROGRESS:	10%	**********::::::::::::::::::::::::::::::::::::::::::::::::::::::::::::::::::::::::::::::::::::::::::

OPERATION:	Pairwise displacement computation
PHASE:		Displacement computation 47 of 450
TIME REMAINING:	640 minutes and 56 seconds
PROGRESS:	10%	**********::::::::::::::::::::::::::::::::::::::::::::::::::::::::::::::::::::::::::::::::::::::::::

OPERATION:	Pairwise displacement computation
PHASE:		Displacement computation 48 of 450
TIME REMAINING:	644 minutes and 35 seconds
PROGRESS:	10%	**********::::::::::::::::::::::::::::::::::::::::::::::::::::::::::::::::::::::::::::::::::::::::::

OPERATION:	Pairwise displacement computation
PHASE:		Displacement computation 49 of 450
TIME REMAINING:	649 minutes and 30 seconds
PROGRESS:	10%	**********::::::::::::::::::::::::::::::::::::::::::::::::::::::::::::::::::::::::::::::::::::::::::

OPERATION:	Pairwise displacement computation
PHASE:		Displacement computation 50 of 450
TIME REMAINING:	653 minutes and 35 seconds
PROGRESS:	11%	***********:::::::::::::::::::::::::::::::::::::::::::::::::::::::::::::::::::::::::::::::::::::::::

OPERATION:	Pairwise displacement computation
PHASE:		Displacement computation 51 of 450
TIME REMAINING:	658 minutes and 21 seconds
PROGRESS:	11%	***********:::::::::::::::::::::::::::::::::::::::::::::::::::::::::::::::::::::::::::::::::::::::::

OPERATION:	Pairwise displacement computation
PHASE:		Displacement computation 52 of 450
TIME REMAINING:	662 minutes and 11 seconds
PROGRESS:	11%	***********:::::::::::::::::::::::::::::::::::::::::::::::::::::::::::::::::::::::::::::::::::::::::

OPERATION:	Pairwise displacement computation
PHASE:		Displacement computation 53 of 450
TIME REMAINING:	648 minutes and 3 seconds
PROGRESS:	11%	***********:::::::::::::::::::::::::::::::::::::::::::::::::::::::::::::::::::::::::::::::::::::::::

OPERATION:	Pairwise displacement computation
PHASE:		Displacement computation 54 of 450
TIME REMAINING:	652 minutes and 40 seconds
PROGRESS:	12%	************::::::::::::::::::::::::::::::::::::::::::::::::::::::::::::::::::::::::::::::::::::::::

OPERATION:	Pairwise displacement computation
PHASE:		Displacement computation 55 of 450
TIME REMAINING:	639 minutes and 10 seconds
PROGRESS:	12%	************::::::::::::::::::::::::::::::::::::::::::::::::::::::::::::::::::::::::::::::::::::::::

OPERATION:	Pairwise displacement computation
PHASE:		Displacement computation 56 of 450
TIME REMAINING:	644 minutes and 42 seconds
PROGRESS:	12%	************::::::::::::::::::::::::::::::::::::::::::::::::::::::::::::::::::::::::::::::::::::::::

OPERATION:	Pairwise displacement computation
PHASE:		Displacement computation 57 of 450
TIME REMAINING:	631 minutes and 47 seconds
PROGRESS:	12%	************::::::::::::::::::::::::::::::::::::::::::::::::::::::::::::::::::::::::::::::::::::::::

OPERATION:	Pairwise displacement computation
PHASE:		Displacement computation 58 of 450
TIME REMAINING:	638 minutes and 0 seconds
PROGRESS:	12%	************::::::::::::::::::::::::::::::::::::::::::::::::::::::::::::::::::::::::::::::::::::::::

OPERATION:	Pairwise displacement computation
PHASE:		Displacement computation 59 of 450
TIME REMAINING:	642 minutes and 3 seconds
PROGRESS:	13%	*************:::::::::::::::::::::::::::::::::::::::::::::::::::::::::::::::::::::::::::::::::::::::

OPERATION:	Pairwise displacement computation
PHASE:		Displacement computation 60 of 450
TIME REMAINING:	629 minutes and 51 seconds
PROGRESS:	13%	*************:::::::::::::::::::::::::::::::::::::::::::::::::::::::::::::::::::::::::::::::::::::::

OPERATION:	Pairwise displacement computation
PHASE:		Displacement computation 61 of 450
TIME REMAINING:	635 minutes and 9 seconds
PROGRESS:	13%	*************:::::::::::::::::::::::::::::::::::::::::::::::::::::::::::::::::::::::::::::::::::::::

OPERATION:	Pairwise displacement computation
PHASE:		Displacement computation 62 of 450
TIME REMAINING:	623 minutes and 18 seconds
PROGRESS:	13%	*************:::::::::::::::::::::::::::::::::::::::::::::::::::::::::::::::::::::::::::::::::::::::

OPERATION:	Pairwise displacement computation
PHASE:		Displacement computation 63 of 450
TIME REMAINING:	626 minutes and 28 seconds
PROGRESS:	14%	**************::::::::::::::::::::::::::::::::::::::::::::::::::::::::::::::::::::::::::::::::::::::

OPERATION:	Pairwise displacement computation
PHASE:		Displacement computation 64 of 450
TIME REMAINING:	615 minutes and 5 seconds
PROGRESS:	14%	**************::::::::::::::::::::::::::::::::::::::::::::::::::::::::::::::::::::::::::::::::::::::

OPERATION:	Pairwise displacement computation
PHASE:		Displacement computation 65 of 450
TIME REMAINING:	621 minutes and 2 seconds
PROGRESS:	14%	**************::::::::::::::::::::::::::::::::::::::::::::::::::::::::::::::::::::::::::::::::::::::

OPERATION:	Pairwise displacement computation
PHASE:		Displacement computation 66 of 450
TIME REMAINING:	624 minutes and 52 seconds
PROGRESS:	14%	**************::::::::[H[2J[3J[H[2J[3J[H[2J[3J[H[2J[3J[H[2J[3J[H[2J[3J[H[2J[3J[H[2J[3J::::::::::::::::::::::::::::::::::::::::::::::::::::::::::::::::::::::::::::::

OPERATION:	Pairwise displacement computation
PHASE:		Displacement computation 67 of 450
TIME REMAINING:	614 minutes and 2 seconds
PROGRESS:	14%	**************::::::::::::::::::::::::::::::::::::::::::::::::::::::::::::::::::::::::::::::::::::::

OPERATION:	Pairwise displacement computation
PHASE:		Displacement computation 68 of 450
TIME REMAINING:	619 minutes and 3 seconds
PROGRESS:	15%	***************:::::::::::::::::::::::::::::::::::::::::::::::::::::::::::::::::::::::::::::::::::::

OPERATION:	Pairwise displacement computation
PHASE:		Displacement computation 69 of 450
TIME REMAINING:	608 minutes and 35 seconds
PROGRESS:	15%	***************:::::::::::::::::::::::::::::::::::::::::::::::::::::::::::::::::::::::::::::::::::::

OPERATION:	Pairwise displacement computation
PHASE:		Displacement computation 70 of 450
TIME REMAINING:	612 minutes and 31 seconds
PROGRESS:	15%	***************:::::::::::::::::::::::::::::::::::::::::::::::::::::::::::::::::::::::::::::::::::::

OPERATION:	Pairwise displacement computation
PHASE:		Displacement computation 71 of 450
TIME REMAINING:	602 minutes and 18 seconds
PROGRESS:	15%	***************:::::::::::::::::::::::::::::::::::::::::::::::::::::::::::::::::::::::::::::::::::::

OPERATION:	Pairwise displacement computation
PHASE:		Displacement computation 72 of 450
TIME REMAINING:	607 minutes and 36 seconds
PROGRESS:	16%	****************::::::::::::::::::::::::::::::::::::::::::::::::::::::::::::::::::::::::::::::::::::

OPERATION:	Pairwise displacement computation
PHASE:		Displacement computation 73 of 450
TIME REMAINING:	610 minutes and 51 seconds
PROGRESS:	16%	****************::::::::::::::::::::::::::::::::::::::::::::::::::::::::::::::::::::::::::::::::::::

OPERATION:	Pairwise displacement computation
PHASE:		Displacement computation 74 of 450
TIME REMAINING:	601 minutes and 5 seconds
PROGRESS:	16%	****************::::::::::::::::::::::::::::::::::::::::::::::::::::::::::::::::::::::::::::::::::::

ERROR: in virtual unsigned char* iomanager::tiff2D::readData(std::string, int&, int&, int&, int&, unsigned char*, const string&): (Cannot open the file.) unable to read tiff file /athena/listonlab/scratch/dje4001/lightsheet_scratch/fostrapxai9tdtomato_watercontrol/lightsheet/destriped/20230406_15_18_13_Cage4278725_Animal01_STRAINFOSTRAPXAI9TDTOMATO_Female_COHORT4_BEHAVIORTMTWATERCONTROL/Ex_647_Em_680//467310/467310_550530/018920.tiff

chmod: cannot access '/athena/listonlab/scratch/dje4001/lightsheet_scratch/fostrapxai9tdtomato_watercontrol/lightsheet/destriped/20230406_15_18_13_Cage4278725_Animal01_STRAINFOSTRAPXAI9TDTOMATO_Female_COHORT4_BEHAVIORTMTWATERCONTROL/Ex_647_Em_680/xml_merging.xml': No such file or directory
copying the xml_displcomp file to all channels
This is the file we are copying: /athena/listonlab/scratch/dje4001/lightsheet_scratch/fostrapxai9tdtomato_watercontrol/lightsheet/destriped/20230406_15_18_13_Cage4278725_Animal01_STRAINFOSTRAPXAI9TDTOMATO_Female_COHORT4_BEHAVIORTMTWATERCONTROL/Ex_647_Em_680/xml_displcomp.xml
This is the place it is going: /athena/listonlab/scratch/dje4001/lightsheet_scratch/fostrapxai9tdtomato_watercontrol/lightsheet/destriped/20230406_15_18_13_Cage4278725_Animal01_STRAINFOSTRAPXAI9TDTOMATO_Female_COHORT4_BEHAVIORTMTWATERCONTROL/Ex_647_Em_680/
rsync: link_stat "/athena/listonlab/scratch/dje4001/lightsheet_scratch/fostrapxai9tdtomato_watercontrol/lightsheet/destriped/20230406_15_18_13_Cage4278725_Animal01_STRAINFOSTRAPXAI9TDTOMATO_Female_COHORT4_BEHAVIORTMTWATERCONTROL/Ex_647_Em_680/xml_displcomp.xml" failed: No such file or directory (2)
rsync error: some files/attrs were not transferred (see previous errors) (code 23) at main.c(1189) [sender=3.1.3]
ERROR: in VirtualVolume::getVolumeFormat(): cannot open xml file at "/athena/listonlab/scratch/dje4001/lightsheet_scratch/fostrapxai9tdtomato_watercontrol/lightsheet/destriped/20230406_15_18_13_Cage4278725_Animal01_STRAINFOSTRAPXAI9TDTOMATO_Female_COHORT4_BEHAVIORTMTWATERCONTROL/Ex_647_Em_680/xml_displcomp.xml"

ERROR: in VirtualVolume::getVolumeFormat(): cannot open xml file at "/athena/listonlab/scratch/dje4001/lightsheet_scratch/fostrapxai9tdtomato_watercontrol/lightsheet/destriped/20230406_15_18_13_Cage4278725_Animal01_STRAINFOSTRAPXAI9TDTOMATO_Female_COHORT4_BEHAVIORTMTWATERCONTROL/Ex_647_Em_680/xml_displproj.xml"

ERROR: in VirtualVolume::getVolumeFormat(): cannot open xml file at "/athena/listonlab/scratch/dje4001/lightsheet_scratch/fostrapxai9tdtomato_watercontrol/lightsheet/destriped/20230406_15_18_13_Cage4278725_Animal01_STRAINFOSTRAPXAI9TDTOMATO_Female_COHORT4_BEHAVIORTMTWATERCONTROL/Ex_647_Em_680/xml_displthres.xml"

/athena/cayuga_0015/scratch/dje4001/TeraStitcher-portable-1.11.10-Linux/teraconverter
/athena/cayuga_0015/scratch/dje4001/TeraStitcher-portable-1.11.10-Linux/teraconverter
ERROR: in VirtualVolume::instance(): path = "/athena/listonlab/scratch/dje4001/lightsheet_scratch/fostrapxai9tdtomato_watercontrol/lightsheet/destriped/20230406_15_18_13_Cage4278725_Animal01_STRAINFOSTRAPXAI9TDTOMATO_Female_COHORT4_BEHAVIORTMTWATERCONTROL/Ex_647_Em_680/xml_placetiles.xml" does not exist

The value for  --info  was not declared. It will be set to no_info by default.
********************************************************************************
2023-10-26 02:46:18.739156  -- Calculation started on  2 - 1 cores.
********************************************************************************
./teraconverter  --sfmt="TIFF (unstitched, 3D)" --dfmt="TIFF (tiled, 3D)" -s="/athena/listonlab/scratch/dje4001/lightsheet_scratch/fostrapxai9tdtomato_watercontrol/lightsheet/destriped/20230406_15_18_13_Cage4278725_Animal01_STRAINFOSTRAPXAI9TDTOMATO_Female_COHORT4_BEHAVIORTMTWATERCONTROL/Ex_647_Em_680/xml_placetiles.xml" -d=/ --info="/athena/cayuga_0015/scratch/dje4001/TeraStitcher-portable-1.11.10-Linux/__dims__.txt"
The value for  --origin=  was not declared. It will be set to /athena/cayuga_0015/scratch/dje4001/TeraStitcher-portable-1.11.10-Linux/__dims__.txt by default.
Origin file is:  /athena/cayuga_0015/scratch/dje4001/TeraStitcher-portable-1.11.10-Linux/__dims__.txt
Traceback (most recent call last):
  File "/athena/listonlab/scratch/dje4001/TeraStitcher-portable-1.11.10-Linux/pyscripts/Parastitcher.py", line 1670, in <module>
    (first_string, list_string, output_name, len_arr, final_string) = create_commands(nprocs-1) # 2017-02-06. Giulio. @ADDED output_name
  File "/athena/listonlab/scratch/dje4001/TeraStitcher-portable-1.11.10-Linux/pyscripts/Parastitcher.py", line 1269, in create_commands
    (input_name, output_name, wb1, wb2, wb3, sfmt, dfmt, iresolutions, max_res, isotropic, max_res_D, params, last_string, height, width, depth, bytes_x_chan, n_chans) = read_params()
  File "/athena/listonlab/scratch/dje4001/TeraStitcher-portable-1.11.10-Linux/pyscripts/Parastitcher.py", line 717, in read_params
    params_from_file = search_for_entry(input_params_in_file,file_in)
  File "/athena/listonlab/scratch/dje4001/TeraStitcher-portable-1.11.10-Linux/pyscripts/Parastitcher.py", line 847, in search_for_entry
    f = open(file_in, 'r')
FileNotFoundError: [Errno 2] No such file or directory: '/athena/cayuga_0015/scratch/dje4001/TeraStitcher-portable-1.11.10-Linux/__dims__.txt'
srun: Job step aborted: Waiting up to 62 seconds for job step to finish.
slurmstepd: error: *** JOB 34522 ON g0002 CANCELLED AT 2023-10-30T16:35:09 ***
slurmstepd: error: *** STEP 34522.0 ON g0002 CANCELLED AT 2023-10-30T16:35:09 ***
