Activate correct environment
This is the input directory: /athena/listonlab/scratch/dje4001/lightsheet_scratch/fostrapxai9tdtomato_watercontrol/lightsheet/destriped/20221223_15_51_52_cage4079848_animal01_female_cohort1_fostrap2xai9tdtomato_watercontrol_0810/
This is the output directory: /athena/listonlab/scratch/dje4001/lightsheet_scratch/fostrapxai9tdtomato_watercontrol/lightsheet/stitched/20221223_15_51_52_cage4079848_animal01_female_cohort1_fostrap2xai9tdtomato_watercontrol_0810/
This is the input directory: /athena/listonlab/scratch/dje4001/lightsheet_scratch/fostrapxai9tdtomato_watercontrol/lightsheet/destriped/20221223_15_51_52_cage4079848_animal01_female_cohort1_fostrap2xai9tdtomato_watercontrol_0810/Ex_488_Em_525/

Time elapsed: 1.0 seconds

ERROR: in VirtualVolume::getVolumeFormat(): cannot open xml file at "/athena/listonlab/scratch/dje4001/lightsheet_scratch/fostrapxai9tdtomato_watercontrol/lightsheet/destriped/20221223_15_51_52_cage4079848_animal01_female_cohort1_fostrap2xai9tdtomato_watercontrol_0810/Ex_488_Em_525xml_import.xml"

chmod: cannot access '/athena/listonlab/scratch/dje4001/lightsheet_scratch/fostrapxai9tdtomato_watercontrol/lightsheet/destriped/20221223_15_51_52_cage4079848_animal01_female_cohort1_fostrap2xai9tdtomato_watercontrol_0810/Ex_488_Em_525xml_merging.xml': No such file or directory
copying the xml_displcomp file to all channels
This is the file we are copying: /athena/listonlab/scratch/dje4001/lightsheet_scratch/fostrapxai9tdtomato_watercontrol/lightsheet/destriped/20221223_15_51_52_cage4079848_animal01_female_cohort1_fostrap2xai9tdtomato_watercontrol_0810/Ex_488_Em_525xml_displcomp.xml
This is the place it is going: /athena/listonlab/scratch/dje4001/lightsheet_scratch/fostrapxai9tdtomato_watercontrol/lightsheet/destriped/20221223_15_51_52_cage4079848_animal01_female_cohort1_fostrap2xai9tdtomato_watercontrol_0810/Ex_488_Em_525/
rsync: link_stat "/athena/listonlab/scratch/dje4001/lightsheet_scratch/fostrapxai9tdtomato_watercontrol/lightsheet/destriped/20221223_15_51_52_cage4079848_animal01_female_cohort1_fostrap2xai9tdtomato_watercontrol_0810/Ex_488_Em_525xml_displcomp.xml" failed: No such file or directory (2)
rsync error: some files/attrs were not transferred (see previous errors) (code 23) at main.c(1189) [sender=3.1.3]
copying the xml_displcomp file to all channels
This is the file we are copying: /athena/listonlab/scratch/dje4001/lightsheet_scratch/fostrapxai9tdtomato_watercontrol/lightsheet/destriped/20221223_15_51_52_cage4079848_animal01_female_cohort1_fostrap2xai9tdtomato_watercontrol_0810/Ex_488_Em_525xml_displcomp.xml
This is the place it is going: /athena/listonlab/scratch/dje4001/lightsheet_scratch/fostrapxai9tdtomato_watercontrol/lightsheet/destriped/20221223_15_51_52_cage4079848_animal01_female_cohort1_fostrap2xai9tdtomato_watercontrol_0810/Ex_647_Em_680/
rsync: link_stat "/athena/listonlab/scratch/dje4001/lightsheet_scratch/fostrapxai9tdtomato_watercontrol/lightsheet/destriped/20221223_15_51_52_cage4079848_animal01_female_cohort1_fostrap2xai9tdtomato_watercontrol_0810/Ex_488_Em_525xml_displcomp.xml" failed: No such file or directory (2)
rsync error: some files/attrs were not transferred (see previous errors) (code 23) at main.c(1189) [sender=3.1.3]
ERROR: in VirtualVolume::getVolumeFormat(): cannot open xml file at "/athena/listonlab/scratch/dje4001/lightsheet_scratch/fostrapxai9tdtomato_watercontrol/lightsheet/destriped/20221223_15_51_52_cage4079848_animal01_female_cohort1_fostrap2xai9tdtomato_watercontrol_0810/Ex_488_Em_525xml_displcomp.xml"

ERROR: in VirtualVolume::getVolumeFormat(): cannot open xml file at "/athena/listonlab/scratch/dje4001/lightsheet_scratch/fostrapxai9tdtomato_watercontrol/lightsheet/destriped/20221223_15_51_52_cage4079848_animal01_female_cohort1_fostrap2xai9tdtomato_watercontrol_0810/Ex_488_Em_525xml_displproj.xml"

ERROR: in VirtualVolume::getVolumeFormat(): cannot open xml file at "/athena/listonlab/scratch/dje4001/lightsheet_scratch/fostrapxai9tdtomato_watercontrol/lightsheet/destriped/20221223_15_51_52_cage4079848_animal01_female_cohort1_fostrap2xai9tdtomato_watercontrol_0810/Ex_488_Em_525xml_displthres.xml"

/athena/cayuga_0015/scratch/dje4001/TeraStitcher-portable-1.11.10-Linux/teraconverter
/athena/cayuga_0015/scratch/dje4001/TeraStitcher-portable-1.11.10-Linux/teraconverter
ERROR: in VirtualVolume::instance(): path = "/athena/listonlab/scratch/dje4001/lightsheet_scratch/fostrapxai9tdtomato_watercontrol/lightsheet/destriped/20221223_15_51_52_cage4079848_animal01_female_cohort1_fostrap2xai9tdtomato_watercontrol_0810/Ex_488_Em_525xml_placetiles.xml" does not exist

The value for  --info  was not declared. It will be set to no_info by default.
********************************************************************************
2023-10-16 20:46:32.535430  -- Calculation started on  2 - 1 cores.
********************************************************************************
./teraconverter  --sfmt="TIFF (unstitched, 3D)" --dfmt="TIFF (tiled, 3D)" -s="/athena/listonlab/scratch/dje4001/lightsheet_scratch/fostrapxai9tdtomato_watercontrol/lightsheet/destriped/20221223_15_51_52_cage4079848_animal01_female_cohort1_fostrap2xai9tdtomato_watercontrol_0810/Ex_488_Em_525xml_placetiles.xml" -d=/ --info="/athena/cayuga_0015/scratch/dje4001/TeraStitcher-portable-1.11.10-Linux/__dims__.txt"
The value for  --origin=  was not declared. It will be set to /athena/cayuga_0015/scratch/dje4001/TeraStitcher-portable-1.11.10-Linux/__dims__.txt by default.
Origin file is:  /athena/cayuga_0015/scratch/dje4001/TeraStitcher-portable-1.11.10-Linux/__dims__.txt
Traceback (most recent call last):
  File "/athena/listonlab/scratch/dje4001/TeraStitcher-portable-1.11.10-Linux/pyscripts/Parastitcher.py", line 1670, in <module>
    (first_string, list_string, output_name, len_arr, final_string) = create_commands(nprocs-1) # 2017-02-06. Giulio. @ADDED output_name
  File "/athena/listonlab/scratch/dje4001/TeraStitcher-portable-1.11.10-Linux/pyscripts/Parastitcher.py", line 1269, in create_commands
    (input_name, output_name, wb1, wb2, wb3, sfmt, dfmt, iresolutions, max_res, isotropic, max_res_D, params, last_string, height, width, depth, bytes_x_chan, n_chans) = read_params()
  File "/athena/listonlab/scratch/dje4001/TeraStitcher-portable-1.11.10-Linux/pyscripts/Parastitcher.py", line 717, in read_params
    params_from_file = search_for_entry(input_params_in_file,file_in)
  File "/athena/listonlab/scratch/dje4001/TeraStitcher-portable-1.11.10-Linux/pyscripts/Parastitcher.py", line 847, in search_for_entry
    f = open(file_in, 'r')
FileNotFoundError: [Errno 2] No such file or directory: '/athena/cayuga_0015/scratch/dje4001/TeraStitcher-portable-1.11.10-Linux/__dims__.txt'
srun: Job step aborted: Waiting up to 62 seconds for job step to finish.
slurmstepd: error: *** JOB 31714 ON g0001 CANCELLED AT 2023-10-17T16:27:17 ***
slurmstepd: error: *** STEP 31714.0 ON g0001 CANCELLED AT 2023-10-17T16:27:17 ***
