Activate correct environment
This is the input directory: /athena/listonlab/scratch/dje4001/lightsheet_scratch/fostrapxai9tdtomato_watercontrol/lightsheet/destriped/20230406_11_57_39_CAGE4278729_ANIMAL03_STRAINFOSTRAPXAI9TDTOMATO_SEXMALE_COHORT4_BEHAVIORTMTWATERCONTROL/
This is the output directory: /athena/listonlab/scratch/dje4001/lightsheet_scratch/fostrapxai9tdtomato_watercontrol/lightsheet/stitched/20230406_11_57_39_CAGE4278729_ANIMAL03_STRAINFOSTRAPXAI9TDTOMATO_SEXMALE_COHORT4_BEHAVIORTMTWATERCONTROL/
This is the input directory: /athena/listonlab/scratch/dje4001/lightsheet_scratch/fostrapxai9tdtomato_watercontrol/lightsheet/destriped/20230406_11_57_39_CAGE4278729_ANIMAL03_STRAINFOSTRAPXAI9TDTOMATO_SEXMALE_COHORT4_BEHAVIORTMTWATERCONTROL/Ex_647_Em_680/

Time elapsed: 1.0 seconds

[H[2J[3J[H[2J[3J[H[2J[3J[H[2J[3J[H[2J[3J[H[2J[3J[H[2J[3J[H[2J[3J[H[2J[3J[H[2J[3J[H[2J[3J[H[2J[3J[H[2J[3J[H[2J[3J[H[2J[3J[H[2J[3J[H[2J[3J[H[2J[3J[H[2J[3J[H[2J[3J[H[2J[3J[H[2J[3J[H[2J[3J[H[2J[3J[H[2J[3J[H[2J[3J[H[2J[3J[H[2J[3J[H[2J[3J[H[2J[3J[H[2J[3J[H[2J[3J[H[2J[3J[H[2J[3JOPERATION:	Pairwise displacement computation
PHASE:		Initializing...
TIME REMAINING:	0 minutes and 0 seconds
PROGRESS:	0%	::::::::::::::::::::::::::::::::::::::::::::::::::::::::::::::::::::::::::::::::::::::::::::::::::::

OPERATION:	Pairwise displacement computation
PHASE:		Displacement computation 1 of 522
TIME REMAINING:	2387 minutes and 55 seconds
PROGRESS:	0%	::::::::::::::::::::::::::::::::::::::::::::::::::::::::::::::::::::::::::::::::::::::::::::::::::::

OPERATION:	Pairwise displacement computation
PHASE:		Displacement computation 2 of 522
TIME REMAINING:	1807 minutes and 0 seconds
PROGRESS:	0%	::::::::::::::::::::::::::::::::::::::::::::::::::::::::::::::::::::::::::::::::::::::::::::::::::::

OPERATION:	Pairwise displacement computation
PHASE:		Displacement computation 3 of 522
TIME REMAINING:	1617 minutes and 33 seconds
PROGRESS:	0%	::::::::::::::::::::::::::::::::::::::::::::::::::::::::::::::::::::::::::::::::::::::::::::::::::::

OPERATION:	Pairwise displacement computation
PHASE:		Displacement computation 4 of 522
TIME REMAINING:	1489 minutes and 15 seconds
PROGRESS:	0%	::::::::::::::::::::::::::::::::::::::::::::::::::::::::::::::::::::::::::::::::::::::::::::::::::::

OPERATION:	Pairwise displacement computation
PHASE:		Displacement computation 5 of 522
TIME REMAINING:	1445 minutes and 52 seconds
PROGRESS:	0%	::::::::::::::::::::::::::::::::::::::::::::::::::::::::::::::::::::::::::::::::::::::::::::::::::::

OPERATION:	Pairwise displacement computation
PHASE:		Displacement computation 6 of 522
TIME REMAINING:	1394 minutes and 38 seconds
PROGRESS:	1%	*:::::::::::::::::::::::::::::::::::::::::::::::::::::::::::::::::::::::::::::::::::::::::::::::::::

OPERATION:	Pairwise displacement computation
PHASE:		Displacement computation 7 of 522
TIME REMAINING:	1368 minutes and 25 seconds
PROGRESS:	1%	*:::::::::::::::::::::::::::::::::::::::::::::::::::::::::::::::::::::::::::::::::::::::::::::::::::

OPERATION:	Pairwise displacement computation
PHASE:		Displacement computation 8 of 522
TIME REMAINING:	1337 minutes and 28 seconds
PROGRESS:	1%	*:::::::::::::::::::::::::::::::::::::::::::::::::::::::::::::::::::::::::::::::::::::::::::::::::::

OPERATION:	Pairwise displacement computation
PHASE:		Displacement computation 9 of 522
TIME REMAINING:	1323 minutes and 21 seconds
PROGRESS:	1%	*:::::::::::::::::::::::::::::::::::::::::::::::::::::::::::::::::::::::::::::::::::::::::::::::::::

OPERATION:	Pairwise displacement computation
PHASE:		Displacement computation 10 of 522
TIME REMAINING:	1188 minutes and 41 seconds
PROGRESS:	1%	*:::::::::::::::::::::::::::::::::::::::::::::::::::::::::::::::::::::::::::::::::::::::::::::::::::

OPERATION:	Pairwise displacement computation
PHASE:		Displacement computation 11 of 522
TIME REMAINING:	1187 minutes and 41 seconds
PROGRESS:	2%	**::::::::::::::::::::::::::::::::::::::::::::::::::::::::::::::::::::::::::::::::::::::::::::::::::

OPERATION:	Pairwise displacement computation
PHASE:		Displacement computation 12 of 522
TIME REMAINING:	1087 minutes and 17 seconds
PROGRESS:	2%	**::::::::::::::::::::::::::::::::::::::::::::::::::::::::::::::::::::::::::::::::::::::::::::::::::

OPERATION:	Pairwise displacement computation
PHASE:		Displacement computation 13 of 522
TIME REMAINING:	1105 minutes and 26 seconds
PROGRESS:	2%	**::::::::::::::::::::::::::::::::::::::::::::::::::::::::::::::::::::::::::::::::::::::::::::::::::

OPERATION:	Pairwise displacement computation
PHASE:		Displacement computation 14 of 522
TIME REMAINING:	1024 minutes and 28 seconds
PROGRESS:	2%	**::::::::::::::::::::::::::::::::::::::::::::::::::::::::::::::::::::::::::::::::::::::::::::::::::

OPERATION:	Pairwise displacement computation
PHASE:		Displacement computation 15 of 522
TIME REMAINING:	1029 minutes and 46 seconds
PROGRESS:	2%	**::::::::::::::::::::::::::::::::::::::::::::::::::::::::::::::::::::::::::::::::::::::::::::::::::

OPERATION:	Pairwise displacement computation
PHASE:		Displacement computation 16 of 522
TIME REMAINING:	964 minutes and 2 seconds
PROGRESS:	3%	***:::::::::::::::::::::::::::::::::::::::::::::::::::::::::::::::::::::::::::::::::::::::::::::::::

OPERATION:	Pairwise displacement computation
PHASE:		Displacement computation 17 of 522
TIME REMAINING:	981 minutes and 46 seconds
PROGRESS:	3%	***:::::::::::::::::::::::::::::::::::::::::::::::::::::::::::::::::::::::::::::::::::::::::::::::::

OPERATION:	Pairwise displacement computation
PHASE:		Displacement computation 18 of 522
TIME REMAINING:	988 minutes and 52 seconds
PROGRESS:	3%	***:::::::::::::::::::::::::::::::::::::::::::::::::::::::::::::::::::::::::::::::::::::::::::::::::

OPERATION:	Pairwise displacement computation
PHASE:		Displacement computation 19 of 522
TIME REMAINING:	934 minutes and 57 seconds
PROGRESS:	3%	***:::::::::::::::::::::::::::::::::::::::::::::::::::::::::::::::::::::::::::::::::::::::::::::::::

OPERATION:	Pairwise displacement computation
PHASE:		Displacement computation 20 of 522
TIME REMAINING:	949 minutes and 37 seconds
PROGRESS:	3%	***:::::::::::::::::::::::::::::::::::::::::::::::::::::::::::::::::::::::::::::::::::::::::::::::::

OPERATION:	Pairwise displacement computation
PHASE:		Displacement computation 21 of 522
TIME REMAINING:	902 minutes and 35 seconds
PROGRESS:	4%	****::::::::::::::::::::::::::::::::::::::::::::::::::::::::::::::::::::::::::::::::::::::::::::::::

OPERATION:	Pairwise displacement computation
PHASE:		Displacement computation 22 of 522
TIME REMAINING:	914 minutes and 46 seconds
PROGRESS:	4%	****::::::::::::::::::::::::::::::::::::::::::::::::::::::::::::::::::::::::::::::::::::::::::::::::

OPERATION:	Pairwise displacement computation
PHASE:		Displacement computation 23 of 522
TIME REMAINING:	873 minutes and 36 seconds
PROGRESS:	4%	****::::::::::::::::::::::::::::::::::::::::::::::::::::::::::::::::::::::::::::::::::::::::::::::::

OPERATION:	Pairwise displacement computation
PHASE:		Displacement computation 24 of 522
TIME REMAINING:	887 minutes and 45 seconds
PROGRESS:	4%	****::::::::::::::::::::::::::::::::::::::::::::::::::::::::::::::::::::::::::::::::::::::::::::::::

OPERATION:	Pairwise displacement computation
PHASE:		Displacement computation 25 of 522
TIME REMAINING:	850 minutes and 31 seconds
PROGRESS:	4%	****::::::::::::::::::::::::::::::::::::::::::::::::::::::::::::::::::::::::::::::::::::::::::::::::

OPERATION:	Pairwise displacement computation
PHASE:		Displacement computation 26 of 522
TIME REMAINING:	861 minutes and 19 seconds
PROGRESS:	4%	****::::::::::::::::::::::::::::::::::::::::::::::::::::::::::::::::::::::::::::::::::::::::::::::::

OPERATION:	Pairwise displacement computation
PHASE:		Displacement computation 27 of 522
TIME REMAINING:	870 minutes and 49 seconds
PROGRESS:	5%	*****:::::::::::::::::::::::::::::::::::::::::::::::::::::::::::::::::::::::::::::::::::::::::::::::

OPERATION:	Pairwise displacement computation
PHASE:		Displacement computation 28 of 522
TIME REMAINING:	838 minutes and 19 seconds
PROGRESS:	5%	*****:::::::::::::::::::::::::::::::::::::::::::::::::::::::::::::::::::::::::::::::::::::::::::::::

OPERATION:	Pairwise displacement computation
PHASE:		Displacement computation 29 of 522
TIME REMAINING:	847 minutes and 10 seconds
PROGRESS:	5%	*****:::::::::::::::::::::::::::::::::::::::::::::::::::::::::::::::::::::::::::::::::::::::::::::::

OPERATION:	Pairwise displacement computation
PHASE:		Displacement computation 30 of 522
TIME REMAINING:	817 minutes and 32 seconds
PROGRESS:	5%	*****:::::::::::::::::::::::::::::::::::::::::::::::::::::::::::::::::::::::::::::::::::::::::::::::

OPERATION:	Pairwise displacement computation
PHASE:		Displacement computation 31 of 522
TIME REMAINING:	825 minutes and 43 seconds
PROGRESS:	5%	*****:::::::::::::::::::::::::::::::::::::::::::::::::::::::::::::::::::::::::::::::::::::::::::::::

OPERATION:	Pairwise displacement computation
PHASE:		Displacement computation 32 of 522
TIME REMAINING:	798 minutes and 32 seconds
PROGRESS:	6%	******::::::::::::::::::::::::::::::::::::::::::::::::::::::::::::::::::::::::::::::::::::::::::::::

OPERATION:	Pairwise displacement computation
PHASE:		Displacement computation 33 of 522
TIME[H[2J[3J[H[2J[3J[H[2J[3J[H[2J[3J[H[2J[3J[H[2J[3J[H[2J[3J[H[2J[3J[H[2J[3J[H[2J[3J[H[2J[3J[H[2J[3J[H[2J[3J[H[2J[3J[H[2J[3J[H[2J[3J[H[2J[3J[H[2J[3J[H[2J[3J[H[2J[3J[H[2J[3J[H[2J[3J[H[2J[3J[H[2J[3J[H[2J[3J[H[2J[3J[H[2J[3J[H[2J[3J[H[2J[3J[H[2J[3J REMAINING:	808 minutes and 34 seconds
PROGRESS:	6%	******::::::::::::::::::::::::::::::::::::::::::::::::::::::::::::::::::::::::::::::::::::::::::::::

OPERATION:	Pairwise displacement computation
PHASE:		Displacement computation 34 of 522
TIME REMAINING:	783 minutes and 25 seconds
PROGRESS:	6%	******::::::::::::::::::::::::::::::::::::::::::::::::::::::::::::::::::::::::::::::::::::::::::::::

OPERATION:	Pairwise displacement computation
PHASE:		Displacement computation 35 of 522
TIME REMAINING:	790 minutes and 19 seconds
PROGRESS:	6%	******::::::::::::::::::::::::::::::::::::::::::::::::::::::::::::::::::::::::::::::::::::::::::::::

OPERATION:	Pairwise displacement computation
PHASE:		Displacement computation 36 of 522
TIME REMAINING:	799 minutes and 52 seconds
PROGRESS:	6%	******::::::::::::::::::::::::::::::::::::::::::::::::::::::::::::::::::::::::::::::::::::::::::::::

OPERATION:	Pairwise displacement computation
PHASE:		Displacement computation 37 of 522
TIME REMAINING:	776 minutes and 39 seconds
PROGRESS:	7%	*******:::::::::::::::::::::::::::::::::::::::::::::::::::::::::::::::::::::::::::::::::::::::::::::

OPERATION:	Pairwise displacement computation
PHASE:		Displacement computation 38 of 522
TIME REMAINING:	781 minutes and 11 seconds
PROGRESS:	7%	*******:::::::::::::::::::::::::::::::::::::::::::::::::::::::::::::::::::::::::::::::::::::::::::::

OPERATION:	Pairwise displacement computation
PHASE:		Displacement computation 39 of 522
TIME REMAINING:	759 minutes and 35 seconds
PROGRESS:	7%	*******:::::::::::::::::::::::::::::::::::::::::::::::::::::::::::::::::::::::::::::::::::::::::::::

OPERATION:	Pairwise displacement computation
PHASE:		Displacement computation 40 of 522
TIME REMAINING:	766 minutes and 22 seconds
PROGRESS:	7%	*******:::::::::::::::::::::::::::::::::::::::::::::::::::::::::::::::::::::::::::::::::::::::::::::

OPERATION:	Pairwise displacement computation
PHASE:		Displacement computation 41 of 522
TIME REMAINING:	746 minutes and 19 seconds
PROGRESS:	7%	*******:::::::::::::::::::::::::::::::::::::::::::::::::::::::::::::::::::::::::::::::::::::::::::::

OPERATION:	Pairwise displacement computation
PHASE:		Displacement computation 42 of 522
TIME REMAINING:	749 minutes and 42 seconds
PROGRESS:	8%	********::::::::::::::::::::::::::::::::::::::::::::::::::::::::::::::::::::::::::::::::::::::::::::

OPERATION:	Pairwise displacement computation
PHASE:		Displacement computation 43 of 522
TIME REMAINING:	730 minutes and 56 seconds
PROGRESS:	8%	********::::::::::::::::::::::::::::::::::::::::::::::::::::::::::::::::::::::::::::::::::::::::::::

OPERATION:	Pairwise displacement computation
PHASE:		Displacement computation 44 of 522
TIME REMAINING:	738 minutes and 43 seconds
PROGRESS:	8%	********::::::::::::::::::::::::::::::::::::::::::::::::::::::::::::::::::::::::::::::::::::::::::::

OPERATION:	Pairwise displacement computation
PHASE:		Displacement computation 45 of 522
TIME REMAINING:	744 minutes and 28 seconds
PROGRESS:	8%	********::::::::::::::::::::::::::::::::::::::::::::::::::::::::::::::::::::::::::::::::::::::::::::

OPERATION:	Pairwise displacement computation
PHASE:		Displacement computation 46 of 522
TIME REMAINING:	726 minutes and 45 seconds
PROGRESS:	8%	********::::::::::::::::::::::::::::::::::::::::::::::::::::::::::::::::::::::::::::::::::::::::::::

OPERATION:	Pairwise displacement computation
PHASE:		Displacement computation 47 of 522
TIME REMAINING:	732 minutes and 12 seconds
PROGRESS:	9%	*********:::::::::::::::::::::::::::::::::::::::::::::::::::::::::::::::::::::::::::::::::::::::::::

OPERATION:	Pairwise displacement computation
PHASE:		Displacement computation 48 of 522
TIME REMAINING:	715 minutes and 36 seconds
PROGRESS:	9%	*********:::::::::::::::::::::::::::::::::::::::::::::::::::::::::::::::::::::::::::::::::::::::::::

OPERATION:	Pairwise displacement computation
PHASE:		Displacement computation 49 of 522
TIME REMAINING:	720 minutes and 7 seconds
PROGRESS:	9%	*********:::::::::::::::::::::::::::::::::::::::::::::::::::::::::::::::::::::::::::::::::::::::::::

OPERATION:	Pairwise displacement computation
PHASE:		Displacement computation 50 of 522
TIME REMAINING:	704 minutes and 13 seconds
PROGRESS:	9%	*********:::::::::::::::::::::::::::::::::::::::::::::::::::::::::::::::::::::::::::::::::::::::::::

OPERATION:	Pairwise displacement computation
PHASE:		Displacement computation 51 of 522
TIME REMAINING:	706 minutes and 11 seconds
PROGRESS:	9%	*********:::::::::::::::::::::::::::::::::::::::::::::::::::::::::::::::::::::::::::::::::::::::::::

OPERATION:	Pairwise displacement computation
PHASE:		Displacement computation 52 of 522
TIME REMAINING:	691 minutes and 17 seconds
PROGRESS:	9%	*********:::::::::::::::::::::::::::::::::::::::::::::::::::::::::::::::::::::::::::::::::::::::::::

OPERATION:	Pairwise displacement computation
PHASE:		Displacement computation 53 of 522
TIME REMAINING:	698 minutes and 37 seconds
PROGRESS:	10%	**********::::::::::::::::::::::::::::::::::::::::::::::::::::::::::::::::::::::::::::::::::::::::::

OPERATION:	Pairwise displacement computation
PHASE:		Displacement computation 54 of 522
TIME REMAINING:	703 minutes and 0 seconds
PROGRESS:	10%	**********::::::::::::::::::::::::::::::::::::::::::::::::::::::::::::::::::::::::::::::::::::::::::

OPERATION:	Pairwise displacement computation
PHASE:		Displacement computation 55 of 522
TIME REMAINING:	688 minutes and 53 seconds
PROGRESS:	10%	**********::::::::::::::::::::::::::::::::::::::::::::::::::::::::::::::::::::::::::::::::::::::::::

OPERATION:	Pairwise displacement computation
PHASE:		Displacement computation 56 of 522
TIME REMAINING:	675 minutes and 8 seconds
PROGRESS:	10%	**********::::::::::::::::::::::::::::::::::::::::::::::::::::::::::::::::::::::::::::::::::::::::::

OPERATION:	Pairwise displacement computation
PHASE:		Displacement computation 57 of 522
TIME REMAINING:	662 minutes and 0 seconds
PROGRESS:	10%	**********::::::::::::::::::::::::::::::::::::::::::::::::::::::::::::::::::::::::::::::::::::::::::

OPERATION:	Pairwise displacement computation
PHASE:		Displacement computation 58 of 522
TIME REMAINING:	649 minutes and 20 seconds
PROGRESS:	11%	***********:::::::::::::::::::::::::::::::::::::::::::::::::::::::::::::::::::::::::::::::::::::::::

OPERATION:	Pairwise displacement computation
PHASE:		Displacement computation 59 of 522
TIME REMAINING:	674 minutes and 37 seconds
PROGRESS:	11%	***********:::::::::::::::::::::::::::::::::::::::::::::::::::::::::::::::::::::::::::::::::::::::::

OPERATION:	Pairwise displacement computation
PHASE:		Displacement computation 60 of 522
TIME REMAINING:	680 minutes and 56 seconds
PROGRESS:	11%	***********:::::::::::::::::::::::::::::::::::::::::::::::::::::::::::::::::::::::::::::::::::::::::

OPERATION:	Pairwise displacement computation
PHASE:		Displacement computation 61 of 522
TIME REMAINING:	686 minutes and 5 seconds
PROGRESS:	11%	***********:::::::::::::::::::::::::::::::::::::::::::::::::::::::::::::::::::::::::::::::::::::::::

OPERATION:	Pairwise displacement computation
PHASE:		Displacement computation 62 of 522
TIME REMAINING:	692 minutes and 6 seconds
PROGRESS:	11%	***********:::::::::::::::::::::::::::::::::::::::::::::::::::::::::::::::::::::::::::::::::::::::::

OPERATION:	Pairwise displacement computation
PHASE:		Displacement computation 63 of 522
TIME REMAINING:	697 minutes and 0 seconds
PROGRESS:	12%	************::::::::::::::::::::::::::::::::::::::::::::::::::::::::::::::::::::::::::::::::::::::::

ERROR: in virtual unsigned char* iomanager::tiff2D::readData(std::string, int&, int&, int&, int&, unsigned char*, const string&): (Cannot open the file.) unable to read tiff file /athena/listonlab/scratch/dje4001/lightsheet_scratch/fostrapxai9tdtomato_watercontrol/lightsheet/destriped/20230406_11_57_39_CAGE4278729_ANIMAL03_STRAINFOSTRAPXAI9TDTOMATO_SEXMALE_COHORT4_BEHAVIORTMTWATERCONTROL/Ex_647_Em_680//524390/524390_444770/022500.tiff

chmod: cannot access '/athena/listonlab/scratch/dje4001/lightsheet_scratch/fostrapxai9tdtomato_watercontrol/lightsheet/destriped/20230406_11_57_39_CAGE4278729_ANIMAL03_STRAINFOSTRAPXAI9TDTOMATO_SEXMALE_COHORT4_BEHAVIORTMTWATERCONTROL/Ex_647_Em_680/xml_merging.xml': No such file or directory
copying the xml_displcomp file to all channels
This is the file we are copying: /athena/listonlab/scratch/dje4001/lightsheet_scratch/fostrapxai9tdtomato_watercontrol/lightsheet/destriped/20230406_11_57_39_CAGE4278729_ANIMAL03_STRAINFOSTRAPXAI9TDTOMATO_SEXMALE_COHORT4_BEHAVIORTMTWATERCONTROL/Ex_647_Em_680/xml_displcomp.xml
This is the place it is going: /athena/listonlab/scratch/dje4001/lightsheet_scratch/fostrapxai9tdtomato_watercontrol/lightsheet/destriped/20230406_11_57_39_CAGE4278729_ANIMAL03_STRAINFOSTRAPXAI9TDTOMATO_SEXMALE_COHORT4_BEHAVIORTMTWATERCONTROL/Ex_647_Em_680/
rsync: link_stat "/athena/listonlab/scratch/dje4001/lightsheet_scratch/fostrapxai9tdtomato_watercontrol/lightsheet/destriped/20230406_11_57_39_CAGE4278729_ANIMAL03_STRAINFOSTRAPXAI9TDTOMATO_SEXMALE_COHORT4_BEHAVIORTMTWATERCONTROL/Ex_647_Em_680/xml_displcomp.xml" failed: No such file or directory (2)
rsync error: some files/attrs were not transferred (see previous errors) (code 23) at main.c(1189) [sender=3.1.3]
ERROR: in VirtualVolume::getVolumeFormat(): cannot open xml file at "/athena/listonlab/scratch/dje4001/lightsheet_scratch/fostrapxai9tdtomato_watercontrol/lightsheet/destriped/20230406_11_57_39_CAGE4278729_ANIMAL03_STRAINFOSTRAPXAI9TDTOMATO_SEXMALE_COHORT4_BEHAVIORTMTWATERCONTROL/Ex_647_Em_680/xml_displcomp.xml"

ERROR: in VirtualVolume::getVolumeFormat(): cannot open xml file at "/athena/listonlab/scratch/dje4001/lightsheet_scratch/fostrapxai9tdtomato_watercontrol/lightsheet/destriped/20230406_11_57_39_CAGE4278729_ANIMAL03_STRAINFOSTRAPXAI9TDTOMATO_SEXMALE_COHORT4_BEHAVIORTMTWATERCONTROL/Ex_647_Em_680/xml_displproj.xml"

ERROR: in VirtualVolume::getVolumeFormat(): cannot open xml file at "/athena/listonlab/scratch/dje4001/lightsheet_scratch/fostrapxai9tdtomato_watercontrol/lightsheet/destriped/20230406_11_57_39_CAGE4278729_ANIMAL03_STRAINFOSTRAPXAI9TDTOMATO_SEXMALE_COHORT4_BEHAVIORTMTWATERCONTROL/Ex_647_Em_680/xml_displthres.xml"

/athena/cayuga_0015/scratch/dje4001/TeraStitcher-portable-1.11.10-Linux/teraconverter
/athena/cayuga_0015/scratch/dje4001/TeraStitcher-portable-1.11.10-Linux/teraconverter
ERROR: in VirtualVolume::instance(): path = "/athena/listonlab/scratch/dje4001/lightsheet_scratch/fostrapxai9tdtomato_watercontrol/lightsheet/destriped/20230406_11_57_39_CAGE4278729_ANIMAL03_STRAINFOSTRAPXAI9TDTOMATO_SEXMALE_COHORT4_BEHAVIORTMTWATERCONTROL/Ex_647_Em_680/xml_placetiles.xml" does not exist

The value for  --info  was not declared. It will be set to no_info by default.
********************************************************************************
2023-10-26 02:05:21.868938  -- Calculation started on  2 - 1 cores.
********************************************************************************
./teraconverter  --sfmt="TIFF (unstitched, 3D)" --dfmt="TIFF (tiled, 3D)" -s="/athena/listonlab/scratch/dje4001/lightsheet_scratch/fostrapxai9tdtomato_watercontrol/lightsheet/destriped/20230406_11_57_39_CAGE4278729_ANIMAL03_STRAINFOSTRAPXAI9TDTOMATO_SEXMALE_COHORT4_BEHAVIORTMTWATERCONTROL/Ex_647_Em_680/xml_placetiles.xml" -d=/ --info="/athena/cayuga_0015/scratch/dje4001/TeraStitcher-portable-1.11.10-Linux/__dims__.txt"
The value for  --origin=  was not declared. It will be set to /athena/cayuga_0015/scratch/dje4001/TeraStitcher-portable-1.11.10-Linux/__dims__.txt by default.
Origin file is:  /athena/cayuga_0015/scratch/dje4001/TeraStitcher-portable-1.11.10-Linux/__dims__.txt
Traceback (most recent call last):
  File "/athena/listonlab/scratch/dje4001/TeraStitcher-portable-1.11.10-Linux/pyscripts/Parastitcher.py", line 1670, in <module>
    (first_string, list_string, output_name, len_arr, final_string) = create_commands(nprocs-1) # 2017-02-06. Giulio. @ADDED output_name
  File "/athena/listonlab/scratch/dje4001/TeraStitcher-portable-1.11.10-Linux/pyscripts/Parastitcher.py", line 1269, in create_commands
    (input_name, output_name, wb1, wb2, wb3, sfmt, dfmt, iresolutions, max_res, isotropic, max_res_D, params, last_string, height, width, depth, bytes_x_chan, n_chans) = read_params()
  File "/athena/listonlab/scratch/dje4001/TeraStitcher-portable-1.11.10-Linux/pyscripts/Parastitcher.py", line 717, in read_params
    params_from_file = search_for_entry(input_params_in_file,file_in)
  File "/athena/listonlab/scratch/dje4001/TeraStitcher-portable-1.11.10-Linux/pyscripts/Parastitcher.py", line 847, in search_for_entry
    f = open(file_in, 'r')
FileNotFoundError: [Errno 2] No such file or directory: '/athena/cayuga_0015/scratch/dje4001/TeraStitcher-portable-1.11.10-Linux/__dims__.txt'
srun: Job step aborted: Waiting up to 62 seconds for job step to finish.
slurmstepd: error: *** JOB 34521 ON g0002 CANCELLED AT 2023-10-30T16:35:11 ***
slurmstepd: error: *** STEP 34521.0 ON g0002 CANCELLED AT 2023-10-30T16:35:11 ***
