Activate correct environment
This is the input directory: /athena/listonlab/scratch/dje4001/lightsheet_scratch/WATERCONTROL/lightsheet/destriped/20221114_21_57_43_Cage4079848_Animal2_VirusFOSCREERXAI9_COHORT1_TMT_WATER_CONTROL/
This is the output directory: /athena/listonlab/scratch/dje4001/lightsheet_scratch/WATERCONTROL/lightsheet/stitched/20221114_21_57_43_Cage4079848_Animal2_VirusFOSCREERXAI9_COHORT1_TMT_WATER_CONTROL/
This is the input directory: /athena/listonlab/scratch/dje4001/lightsheet_scratch/WATERCONTROL/lightsheet/destriped/20221114_21_57_43_Cage4079848_Animal2_VirusFOSCREERXAI9_COHORT1_TMT_WATER_CONTROL/Ex_561_Em_600/

Time elapsed: 0.0 seconds

[H[2J[3J[H[2J[3J[H[2J[3J[H[2J[3J[H[2J[3J[H[2J[3J[H[2J[3J[H[2J[3J[H[2J[3J[H[2J[3J[H[2J[3J[H[2J[3J[H[2J[3J[H[2J[3J[H[2J[3J[H[2J[3J[H[2J[3J[H[2J[3J[H[2J[3J[H[2J[3J[H[2J[3J[H[2J[3J[H[2J[3J[H[2J[3J[H[2J[3J[H[2J[3J[H[2J[3J[H[2J[3J[H[2J[3J[H[2J[3J[H[2J[3J[H[2J[3J[H[2J[3J[H[2J[3JOPERATION:	Pairwise displacement computation
PHASE:		Initializing...
TIME REMAINING:	0 minutes and 0 seconds
PROGRESS:	0%	::::::::::::::::::::::::::::::::::::::::::::::::::::::::::::::::::::::::::::::::::::::::::::::::::::

OPERATION:	Pairwise displacement computation
PHASE:		Displacement computation 1 of 304
TIME REMAINING:	1358 minutes and 27 seconds
PROGRESS:	0%	::::::::::::::::::::::::::::::::::::::::::::::::::::::::::::::::::::::::::::::::::::::::::::::::::::

OPERATION:	Pairwise displacement computation
PHASE:		Displacement computation 2 of 304
TIME REMAINING:	1029 minutes and 19 seconds
PROGRESS:	0%	::::::::::::::::::::::::::::::::::::::::::::::::::::::::::::::::::::::::::::::::::::::::::::::::::::

OPERATION:	Pairwise displacement computation
PHASE:		Displacement computation 3 of 304
TIME REMAINING:	894 minutes and 38 seconds
PROGRESS:	0%	::::::::::::::::::::::::::::::::::::::::::::::::::::::::::::::::::::::::::::::::::::::::::::::::::::

OPERATION:	Pairwise displacement computation
PHASE:		Displacement computation 4 of 304
TIME REMAINING:	825 minutes and 0 seconds
PROGRESS:	1%	*:::::::::::::::::::::::::::::::::::::::::::::::::::::::::::::::::::::::::::::::::::::::::::::::::::

OPERATION:	Pairwise displacement computation
PHASE:		Displacement computation 5 of 304
TIME REMAINING:	783 minutes and 22 seconds
PROGRESS:	1%	*:::::::::::::::::::::::::::::::::::::::::::::::::::::::::::::::::::::::::::::::::::::::::::::::::::

OPERATION:	Pairwise displacement computation
PHASE:		Displacement computation 6 of 304
TIME REMAINING:	758 minutes and 14 seconds
PROGRESS:	1%	*:::::::::::::::::::::::::::::::::::::::::::::::::::::::::::::::::::::::::::::::::::::::::::::::::::

OPERATION:	Pairwise displacement computation
PHASE:		Displacement computation 7 of 304
TIME REMAINING:	744 minutes and 37 seconds
PROGRESS:	2%	**::::::::::::::::::::::::::::::::::::::::::::::::::::::::::::::::::::::::::::::::::::::::::::::::::

OPERATION:	Pairwise displacement computation
PHASE:		Displacement computation 8 of 304
TIME REMAINING:	649 minutes and 21 seconds
PROGRESS:	2%	**::::::::::::::::::::::::::::::::::::::::::::::::::::::::::::::::::::::::::::::::::::::::::::::::::

OPERATION:	Pairwise displacement computation
PHASE:		Displacement computation 9 of 304
TIME REMAINING:	647 minutes and 21 seconds
PROGRESS:	2%	**::::::::::::::::::::::::::::::::::::::::::::::::::::::::::::::::::::::::::::::::::::::::::::::::::

OPERATION:	Pairwise displacement computation
PHASE:		Displacement computation 10 of 304
TIME REMAINING:	580 minutes and 39 seconds
PROGRESS:	3%	***:::::::::::::::::::::::::::::::::::::::::::::::::::::::::::::::::::::::::::::::::::::::::::::::::

OPERATION:	Pairwise displacement computation
PHASE:		Displacement computation 11 of 304
TIME REMAINING:	584 minutes and 40 seconds
PROGRESS:	3%	***:::::::::::::::::::::::::::::::::::::::::::::::::::::::::::::::::::::::::::::::::::::::::::::::::

OPERATION:	Pairwise displacement computation
PHASE:		Displacement computation 12 of 304
TIME REMAINING:	534 minutes and 31 seconds
PROGRESS:	3%	***:::::::::::::::::::::::::::::::::::::::::::::::::::::::::::::::::::::::::::::::::::::::::::::::::

OPERATION:	Pairwise displacement computation
PHASE:		Displacement computation 13 of 304
TIME REMAINING:	546 minutes and 33 seconds
PROGRESS:	4%	****::::::::::::::::::::::::::::::::::::::::::::::::::::::::::::::::::::::::::::::::::::::::::::::::

OPERATION:	Pairwise displacement computation
PHASE:		Displacement computation 14 of 304
TIME REMAINING:	552 minutes and 43 seconds
PROGRESS:	4%	****::::::::::::::::::::::::::::::::::::::::::::::::::::::::::::::::::::::::::::::::::::::::::::::::

OPERATION:	Pairwise displacement computation
PHASE:		Displacement computation 15 of 304
TIME REMAINING:	514 minutes and 5 seconds
PROGRESS:	4%	****::::::::::::::::::::::::::::::::::::::::::::::::::::::::::::::::::::::::::::::::::::::::::::::::

OPERATION:	Pairwise displacement computation
PHASE:		Displacement computation 16 of 304
TIME REMAINING:	521 minutes and 42 seconds
PROGRESS:	5%	*****:::::::::::::::::::::::::::::::::::::::::::::::::::::::::::::::::::::::::::::::::::::::::::::::

OPERATION:	Pairwise displacement computation
PHASE:		Displacement computation 17 of 304
TIME REMAINING:	489 minutes and 35 seconds
PROGRESS:	5%	*****:::::::::::::::::::::::::::::::::::::::::::::::::::::::::::::::::::::::::::::::::::::::::::::::

OPERATION:	Pairwise displacement computation
PHASE:		Displacement computation 18 of 304
TIME REMAINING:	501 minutes and 49 seconds
PROGRESS:	5%	*****:::::::::::::::::::::::::::::::::::::::::::::::::::::::::::::::::::::::::::::::::::::::::::::::

OPERATION:	Pairwise displacement computation
PHASE:		Displacement computation 19 of 304
TIME REMAINING:	474 minutes and 0 seconds
PROGRESS:	6%	******::::::::::::::::::::::::::::::::::::::::::::::::::::::::::::::::::::::::::::::::::::::::::::::

OPERATION:	Pairwise displacement computation
PHASE:		Displacement computation 20 of 304
TIME REMAINING:	484 minutes and 41 seconds
PROGRESS:	6%	******::::::::::::::::::::::::::::::::::::::::::::::::::::::::::::::::::::::::::::::::::::::::::::::

OPERATION:	Pairwise displacement computation
PHASE:		Displacement computation 21 of 304
TIME REMAINING:	488 minutes and 3 seconds
PROGRESS:	6%	******::::::::::::::::::::::::::::::::::::::::::::::::::::::::::::::::::::::::::::::::::::::::::::::

OPERATION:	Pairwise displacement computation
PHASE:		Displacement computation 22 of 304
TIME REMAINING:	464 minutes and 26 seconds
PROGRESS:	7%	*******:::::::::::::::::::::::::::::::::::::::::::::::::::::::::::::::::::::::::::::::::::::::::::::

OPERATION:	Pairwise displacement computation
PHASE:		Displacement computation 23 of 304
TIME REMAINING:	469 minutes and 21 seconds
PROGRESS:	7%	*******:::::::::::::::::::::::::::::::::::::::::::::::::::::::::::::::::::::::::::::::::::::::::::::

OPERATION:	Pairwise displacement computation
PHASE:		Displacement computation 24 of 304
TIME REMAINING:	448 minutes and 11 seconds
PROGRESS:	7%	*******:::::::::::::::::::::::::::::::::::::::::::::::::::::::::::::::::::::::::::::::::::::::::::::

OPERATION:	Pairwise displacement computation
PHASE:		Displacement computation 25 of 304
TIME REMAINING:	451 minutes and 58 seconds
PROGRESS:	8%	********::::::::::::::::::::::::::::::::::::::::::::::::::::::::::::::::::::::::::::::::::::::::::::

OPERATION:	Pairwise displacement computation
PHASE:		Displacement computation 26 of 304
TIME REMAINING:	433 minutes and 13 seconds
PROGRESS:	8%	********::::::::::::::::::::::::::::::::::::::::::::::::::::::::::::::::::::::::::::::::::::::::::::

OPERATION:	Pairwise displacement computation
PHASE:		Displacement computation 27 of 304
TIME REMAINING:	438 minutes and 35 seconds
PROGRESS:	8%	********::::::::::::::::::::::::::::::::::::::::::::::::::::::::::::::::::::::::::::::::::::::::::::

OPERATION:	Pairwise displacement computation
PHASE:		Displacement computation 28 of 304
TIME REMAINING:	440 minutes and 46 seconds
PROGRESS:	9%	*********:::::::::::::::::::::::::::::::::::::::::::::::::::::::::::::::::::::::::::::::::::::::::::

OPERATION:	Pairwise displacement computation
PHASE:		Displacement computation 29 of 304
TIME REMAINING:	424 minutes and 11 seconds
PROGRESS:	9%	*********:::::::::::::::::::::::::::::::::::::::::::::::::::::::::::::::::::::::::::::::::::::::::::

OPERATION:	Pairwise displacement computation
PHASE:		Displacement computation 30 of 304
TIME REMAINING:	426 minutes and 59 seconds
PROGRESS:	9%	*********:::::::::::::::::::::::::::::::::::::::::::::::::::::::::::::::::::::::::::::::::::::::::::

OPERATION:	Pairwise displacement computation
PHASE:		Displacement computation 31 of 304
TIME REMAINING:	411 minutes and 50 seconds
PROGRESS:	10%	**********::::::::::::::::::::::::::::::::::::::::::::::::::::::::::::::::::::::::::::::::::::::::::

OPERATION:	Pairwise displacement computation
PHASE:		Displacement computation 32 of 304
TIME REMAINING:	416 minutes and 21 seconds
PROGRESS:	10%	**********::::::::::::::::::::::::::::::::::::::::::::::::::::::::::::::::::::::::::::::::::::::::::

OPERATION:	Pairwise displacement computation
PHASE:		Displacement computation 33 of 304
TIME REMAINING:	4[H[2J[3J[H[2J[3J[H[2J[3J[H[2J[3J[H[2J[3J[H[2J[3J[H[2J[3J[H[2J[3J[H[2J[3J[H[2J[3J[H[2J[3J[H[2J[3J[H[2J[3J[H[2J[3J[H[2J[3J[H[2J[3J[H[2J[3J[H[2J[3J[H[2J[3J[H[2J[3J[H[2J[3J[H[2J[3J[H[2J[3J[H[2J[3J[H[2J[3J[H[2J[3J[H[2J[3J[H[2J[3J[H[2J[3J[H[2J[3J[H[2J[3J[H[2J[3J[H[2J[3J02 minutes and 23 seconds
PROGRESS:	10%	**********::::::::::::::::::::::::::::::::::::::::::::::::::::::::::::::::::::::::::::::::::::::::::

OPERATION:	Pairwise displacement computation
PHASE:		Displacement computation 34 of 304
TIME REMAINING:	404 minutes and 12 seconds
PROGRESS:	11%	***********:::::::::::::::::::::::::::::::::::::::::::::::::::::::::::::::::::::::::::::::::::::::::

OPERATION:	Pairwise displacement computation
PHASE:		Displacement computation 35 of 304
TIME REMAINING:	406 minutes and 19 seconds
PROGRESS:	11%	***********:::::::::::::::::::::::::::::::::::::::::::::::::::::::::::::::::::::::::::::::::::::::::

OPERATION:	Pairwise displacement computation
PHASE:		Displacement computation 36 of 304
TIME REMAINING:	393 minutes and 41 seconds
PROGRESS:	11%	***********:::::::::::::::::::::::::::::::::::::::::::::::::::::::::::::::::::::::::::::::::::::::::

OPERATION:	Pairwise displacement computation
PHASE:		Displacement computation 37 of 304
TIME REMAINING:	381 minutes and 44 seconds
PROGRESS:	12%	************::::::::::::::::::::::::::::::::::::::::::::::::::::::::::::::::::::::::::::::::::::::::

OPERATION:	Pairwise displacement computation
PHASE:		Displacement computation 38 of 304
TIME REMAINING:	370 minutes and 18 seconds
PROGRESS:	12%	************::::::::::::::::::::::::::::::::::::::::::::::::::::::::::::::::::::::::::::::::::::::::

OPERATION:	Pairwise displacement computation
PHASE:		Displacement computation 39 of 304
TIME REMAINING:	389 minutes and 20 seconds
PROGRESS:	12%	************::::::::::::::::::::::::::::::::::::::::::::::::::::::::::::::::::::::::::::::::::::::::

OPERATION:	Pairwise displacement computation
PHASE:		Displacement computation 40 of 304
TIME REMAINING:	394 minutes and 34 seconds
PROGRESS:	13%	*************:::::::::::::::::::::::::::::::::::::::::::::::::::::::::::::::::::::::::::::::::::::::

OPERATION:	Pairwise displacement computation
PHASE:		Displacement computation 41 of 304
TIME REMAINING:	398 minutes and 14 seconds
PROGRESS:	13%	*************:::::::::::::::::::::::::::::::::::::::::::::::::::::::::::::::::::::::::::::::::::::::

OPERATION:	Pairwise displacement computation
PHASE:		Displacement computation 42 of 304
TIME REMAINING:	402 minutes and 21 seconds
PROGRESS:	13%	*************:::::::::::::::::::::::::::::::::::::::::::::::::::::::::::::::::::::::::::::::::::::::

OPERATION:	Pairwise displacement computation
PHASE:		Displacement computation 43 of 304
TIME REMAINING:	406 minutes and 22 seconds
PROGRESS:	14%	**************::::::::::::::::::::::::::::::::::::::::::::::::::::::::::::::::::::::::::::::::::::::

OPERATION:	Pairwise displacement computation
PHASE:		Displacement computation 44 of 304
TIME REMAINING:	412 minutes and 9 seconds
PROGRESS:	14%	**************::::::::::::::::::::::::::::::::::::::::::::::::::::::::::::::::::::::::::::::::::::::

OPERATION:	Pairwise displacement computation
PHASE:		Displacement computation 45 of 304
TIME REMAINING:	416 minutes and 53 seconds
PROGRESS:	14%	**************::::::::::::::::::::::::::::::::::::::::::::::::::::::::::::::::::::::::::::::::::::::

OPERATION:	Pairwise displacement computation
PHASE:		Displacement computation 46 of 304
TIME REMAINING:	406 minutes and 15 seconds
PROGRESS:	15%	***************:::::::::::::::::::::::::::::::::::::::::::::::::::::::::::::::::::::::::::::::::::::

OPERATION:	Pairwise displacement computation
PHASE:		Displacement computation 47 of 304
TIME REMAINING:	412 minutes and 6 seconds
PROGRESS:	15%	***************:::::::::::::::::::::::::::::::::::::::::::::::::::::::::::::::::::::::::::::::::::::

OPERATION:	Pairwise displacement computation
PHASE:		Displacement computation 48 of 304
TIME REMAINING:	401 minutes and 57 seconds
PROGRESS:	15%	***************:::::::::::::::::::::::::::::::::::::::::::::::::::::::::::::::::::::::::::::::::::::

OPERATION:	Pairwise displacement computation
PHASE:		Displacement computation 49 of 304
TIME REMAINING:	406 minutes and 41 seconds
PROGRESS:	16%	****************::::::::::::::::::::::::::::::::::::::::::::::::::::::::::::::::::::::::::::::::::::

OPERATION:	Pairwise displacement computation
PHASE:		Displacement computation 50 of 304
TIME REMAINING:	397 minutes and 0 seconds
PROGRESS:	16%	****************::::::::::::::::::::::::::::::::::::::::::::::::::::::::::::::::::::::::::::::::::::

OPERATION:	Pairwise displacement computation
PHASE:		Displacement computation 51 of 304
TIME REMAINING:	402 minutes and 4 seconds
PROGRESS:	16%	****************::::::::::::::::::::::::::::::::::::::::::::::::::::::::::::::::::::::::::::::::::::

OPERATION:	Pairwise displacement computation
PHASE:		Displacement computation 52 of 304
TIME REMAINING:	406 minutes and 59 seconds
PROGRESS:	17%	*****************:::::::::::::::::::::::::::::::::::::::::::::::::::::::::::::::::::::::::::::::::::

OPERATION:	Pairwise displacement computation
PHASE:		Displacement computation 53 of 304
TIME REMAINING:	397 minutes and 48 seconds
PROGRESS:	17%	*****************:::::::::::::::::::::::::::::::::::::::::::::::::::::::::::::::::::::::::::::::::::

OPERATION:	Pairwise displacement computation
PHASE:		Displacement computation 54 of 304
TIME REMAINING:	402 minutes and 9 seconds
PROGRESS:	17%	*****************:::::::::::::::::::::::::::::::::::::::::::::::::::::::::::::::::::::::::::::::::::

OPERATION:	Pairwise displacement computation
PHASE:		Displacement computation 55 of 304
TIME REMAINING:	393 minutes and 16 seconds
PROGRESS:	18%	******************::::::::::::::::::::::::::::::::::::::::::::::::::::::::::::::::::::::::::::::::::

OPERATION:	Pairwise displacement computation
PHASE:		Displacement computation 56 of 304
TIME REMAINING:	397 minutes and 23 seconds
PROGRESS:	18%	******************::::::::::::::::::::::::::::::::::::::::::::::::::::::::::::::::::::::::::::::::::

OPERATION:	Pairwise displacement computation
PHASE:		Displacement computation 57 of 304
TIME REMAINING:	388 minutes and 55 seconds
PROGRESS:	18%	******************::::::::::::::::::::::::::::::::::::::::::::::::::::::::::::::::::::::::::::::::::

OPERATION:	Pairwise displacement computation
PHASE:		Displacement computation 58 of 304
TIME REMAINING:	392 minutes and 23 seconds
PROGRESS:	19%	*******************:::::::::::::::::::::::::::::::::::::::::::::::::::::::::::::::::::::::::::::::::

OPERATION:	Pairwise displacement computation
PHASE:		Displacement computation 59 of 304
TIME REMAINING:	395 minutes and 40 seconds
PROGRESS:	19%	*******************:::::::::::::::::::::::::::::::::::::::::::::::::::::::::::::::::::::::::::::::::

OPERATION:	Pairwise displacement computation
PHASE:		Displacement computation 60 of 304
TIME REMAINING:	387 minutes and 33 seconds
PROGRESS:	19%	*******************:::::::::::::::::::::::::::::::::::::::::::::::::::::::::::::::::::::::::::::::::

OPERATION:	Pairwise displacement computation
PHASE:		Displacement computation 61 of 304
TIME REMAINING:	391 minutes and 19 seconds
PROGRESS:	20%	********************::::::::::::::::::::::::::::::::::::::::::::::::::::::::::::::::::::::::::::::::

OPERATION:	Pairwise displacement computation
PHASE:		Displacement computation 62 of 304
TIME REMAINING:	383 minutes and 25 seconds
PROGRESS:	20%	********************::::::::::::::::::::::::::::::::::::::::::::::::::::::::::::::::::::::::::::::::

OPERATION:	Pairwise displacement computation
PHASE:		Displacement computation 63 of 304
TIME REMAINING:	386 minutes and 44 seconds
PROGRESS:	20%	********************::::::::::::::::::::::::::::::::::::::::::::::::::::::::::::::::::::::::::::::::

OPERATION:	Pairwise displacement computation
PHASE:		Displacement computation 64 of 304
TIME REMAINING:	379 minutes and 7 seconds
PROGRESS:	21%	*********************:::::::::::::::::::::::::::::::::::::::::::::::::::::::::::::::::::::::::::::::

OPERATION:	Pairwise displacement computation
PHASE:		Displacement computation 65 of 304
TIME REMAINING:	382 minutes and 46 seconds
PROGRESS:	21%	*********************:::::::::::::::::::::::::::::::::::::::::::::::::::::::::::::::::::::::::::::::

OPERATION:	Pairwise displacement computation
PHASE:		Displacement computation 66 of 304
TIME REMAINING:	385 minutes and 14 seconds
PROGRESS:	21%	*******[H[2J[3J[H[2J[3J[H[2J[3J[H[2J[3J[H[2J[3J[H[2J[3J[H[2J[3J[H[2J[3J[H[2J[3J[H[2J[3J[H[2J[3J[H[2J[3J[H[2J[3J[H[2J[3J[H[2J[3J[H[2J[3J[H[2J[3J[H[2J[3J[H[2J[3J[H[2J[3J[H[2J[3J[H[2J[3J[H[2J[3J[H[2J[3J[H[2J[3J[H[2J[3J[H[2J[3J[H[2J[3J[H[2J[3J[H[2J[3J[H[2J[3J[H[2J[3J[H[2J[3J**************:::::::::::::::::::::::::::::::::::::::::::::::::::::::::::::::::::::::::::::::

OPERATION:	Pairwise displacement computation
PHASE:		Displacement computation 67 of 304
TIME REMAINING:	377 minutes and 57 seconds
PROGRESS:	22%	**********************::::::::::::::::::::::::::::::::::::::::::::::::::::::::::::::::::::::::::::::

OPERATION:	Pairwise displacement computation
PHASE:		Displacement computation 68 of 304
TIME REMAINING:	380 minutes and 32 seconds
PROGRESS:	22%	**********************::::::::::::::::::::::::::::::::::::::::::::::::::::::::::::::::::::::::::::::

OPERATION:	Pairwise displacement computation
PHASE:		Displacement computation 69 of 304
TIME REMAINING:	373 minutes and 30 seconds
PROGRESS:	22%	**********************::::::::::::::::::::::::::::::::::::::::::::::::::::::::::::::::::::::::::::::

OPERATION:	Pairwise displacement computation
PHASE:		Displacement computation 70 of 304
TIME REMAINING:	376 minutes and 17 seconds
PROGRESS:	23%	***********************:::::::::::::::::::::::::::::::::::::::::::::::::::::::::::::::::::::::::::::

OPERATION:	Pairwise displacement computation
PHASE:		Displacement computation 71 of 304
TIME REMAINING:	369 minutes and 27 seconds
PROGRESS:	23%	***********************:::::::::::::::::::::::::::::::::::::::::::::::::::::::::::::::::::::::::::::

OPERATION:	Pairwise displacement computation
PHASE:		Displacement computation 72 of 304
TIME REMAINING:	371 minutes and 21 seconds
PROGRESS:	23%	***********************:::::::::::::::::::::::::::::::::::::::::::::::::::::::::::::::::::::::::::::

OPERATION:	Pairwise displacement computation
PHASE:		Displacement computation 73 of 304
TIME REMAINING:	373 minutes and 23 seconds
PROGRESS:	24%	************************::::::::::::::::::::::::::::::::::::::::::::::::::::::::::::::::::::::::::::

OPERATION:	Pairwise displacement computation
PHASE:		Displacement computation 74 of 304
TIME REMAINING:	366 minutes and 48 seconds
PROGRESS:	24%	************************::::::::::::::::::::::::::::::::::::::::::::::::::::::::::::::::::::::::::::

OPERATION:	Pairwise displacement computation
PHASE:		Displacement computation 75 of 304
TIME REMAINING:	360 minutes and 20 seconds
PROGRESS:	24%	************************::::::::::::::::::::::::::::::::::::::::::::::::::::::::::::::::::::::::::::

OPERATION:	Pairwise displacement computation
PHASE:		Displacement computation 76 of 304
TIME REMAINING:	354 minutes and 6 seconds
PROGRESS:	25%	*************************:::::::::::::::::::::::::::::::::::::::::::::::::::::::::::::::::::::::::::

OPERATION:	Pairwise displacement computation
PHASE:		Displacement computation 77 of 304
TIME REMAINING:	363 minutes and 12 seconds
PROGRESS:	25%	*************************:::::::::::::::::::::::::::::::::::::::::::::::::::::::::::::::::::::::::::

OPERATION:	Pairwise displacement computation
PHASE:		Displacement computation 78 of 304
TIME REMAINING:	364 minutes and 41 seconds
PROGRESS:	25%	*************************:::::::::::::::::::::::::::::::::::::::::::::::::::::::::::::::::::::::::::

OPERATION:	Pairwise displacement computation
PHASE:		Displacement computation 79 of 304
TIME REMAINING:	365 minutes and 38 seconds
PROGRESS:	25%	*************************:::::::::::::::::::::::::::::::::::::::::::::::::::::::::::::::::::::::::::

OPERATION:	Pairwise displacement computation
PHASE:		Displacement computation 80 of 304
TIME REMAINING:	366 minutes and 48 seconds
PROGRESS:	26%	**************************::::::::::::::::::::::::::::::::::::::::::::::::::::::::::::::::::::::::::

OPERATION:	Pairwise displacement computation
PHASE:		Displacement computation 81 of 304
TIME REMAINING:	367 minutes and 40 seconds
PROGRESS:	26%	**************************::::::::::::::::::::::::::::::::::::::::::::::::::::::::::::::::::::::::::

OPERATION:	Pairwise displacement computation
PHASE:		Displacement computation 82 of 304
TIME REMAINING:	369 minutes and 32 seconds
PROGRESS:	26%	**************************::::::::::::::::::::::::::::::::::::::::::::::::::::::::::::::::::::::::::

OPERATION:	Pairwise displacement computation
PHASE:		Displacement computation 83 of 304
TIME REMAINING:	370 minutes and 54 seconds
PROGRESS:	27%	***************************:::::::::::::::::::::::::::::::::::::::::::::::::::::::::::::::::::::::::

OPERATION:	Pairwise displacement computation
PHASE:		Displacement computation 84 of 304
TIME REMAINING:	364 minutes and 52 seconds
PROGRESS:	27%	***************************:::::::::::::::::::::::::::::::::::::::::::::::::::::::::::::::::::::::::

OPERATION:	Pairwise displacement computation
PHASE:		Displacement computation 85 of 304
TIME REMAINING:	366 minutes and 4 seconds
PROGRESS:	27%	***************************:::::::::::::::::::::::::::::::::::::::::::::::::::::::::::::::::::::::::

OPERATION:	Pairwise displacement computation
PHASE:		Displacement computation 86 of 304
TIME REMAINING:	360 minutes and 12 seconds
PROGRESS:	28%	****************************::::::::::::::::::::::::::::::::::::::::::::::::::::::::::::::::::::::::

OPERATION:	Pairwise displacement computation
PHASE:		Displacement computation 87 of 304
TIME REMAINING:	361 minutes and 39 seconds
PROGRESS:	28%	****************************::::::::::::::::::::::::::::::::::::::::::::::::::::::::::::::::::::::::

OPERATION:	Pairwise displacement computation
PHASE:		Displacement computation 88 of 304
TIME REMAINING:	355 minutes and 56 seconds
PROGRESS:	28%	****************************::::::::::::::::::::::::::::::::::::::::::::::::::::::::::::::::::::::::

OPERATION:	Pairwise displacement computation
PHASE:		Displacement computation 89 of 304
TIME REMAINING:	357 minutes and 26 seconds
PROGRESS:	29%	*****************************:::::::::::::::::::::::::::::::::::::::::::::::::::::::::::::::::::::::

OPERATION:	Pairwise displacement computation
PHASE:		Displacement computation 90 of 304
TIME REMAINING:	358 minutes and 7 seconds
PROGRESS:	29%	*****************************:::::::::::::::::::::::::::::::::::::::::::::::::::::::::::::::::::::::

OPERATION:	Pairwise displacement computation
PHASE:		Displacement computation 91 of 304
TIME REMAINING:	352 minutes and 34 seconds
PROGRESS:	29%	*****************************:::::::::::::::::::::::::::::::::::::::::::::::::::::::::::::::::::::::

OPERATION:	Pairwise displacement computation
PHASE:		Displacement computation 92 of 304
TIME REMAINING:	353 minutes and 38 seconds
PROGRESS:	30%	******************************::::::::::::::::::::::::::::::::::::::::::::::::::::::::::::::::::::::

OPERATION:	Pairwise displacement computation
PHASE:		Displacement computation 93 of 304
TIME REMAINING:	348 minutes and 13 seconds
PROGRESS:	30%	******************************::::::::::::::::::::::::::::::::::::::::::::::::::::::::::::::::::::::

OPERATION:	Pairwise displacement computation
PHASE:		Displacement computation 94 of 304
TIME REMAINING:	349 minutes and 35 seconds
PROGRESS:	30%	******************************::::::::::::::::::::::::::::::::::::::::::::::::::::::::::::::::::::::

OPERATION:	Pairwise displacement computation
PHASE:		Displacement computation 95 of 304
TIME REMAINING:	344 minutes and 18 seconds
PROGRESS:	31%	*******************************:::::::::::::::::::::::::::::::::::::::::::::::::::::::::::::::::::::

OPERATION:	Pairwise displacement computation
PHASE:		Displacement computation 96 of 304
TIME REMAINING:	345 minutes and 11 seconds
PROGRESS:	31%	*******************************:::::::::::::::::::::::::::::::::::::::::::::::::::::::::::::::::::::

OPERATION:	Pairwise displacement computation
PHASE:		Displacement computation 97 of 304
TIME REMAINING:	345 minutes and 51 seconds
PROGRESS:	31%	*******************************:::::::::::::::::::::::::::::::::::::::::::::::::::::::::::::::::::::

OPERATION:	Pairwise displacement computation
PHASE:		Displacement computation 98 of 304
TIME REMAINING:	340 minutes and 40 seconds
PROGRESS:	32%	********************************::::::::::::::::::::::::::::::::::::::::::::::::::::::::::::::::::::

OPERATION:	Pairwise displacement computation
PHASE:		Displacement computation 99 of 304
TIME REMAINING:	341 minutes and 50 seconds
PROGRESS:	32%	********************************:::::::::::::::::::[H[2J[3J[H[2J[3J[H[2J[3J[H[2J[3J[H[2J[3J[H[2J[3J[H[2J[3J[H[2J[3J[H[2J[3J[H[2J[3J[H[2J[3J[H[2J[3J[H[2J[3J[H[2J[3J[H[2J[3J[H[2J[3J[H[2J[3J[H[2J[3J[H[2J[3J[H[2J[3J[H[2J[3J[H[2J[3J[H[2J[3J[H[2J[3J[H[2J[3J[H[2J[3J[H[2J[3J[H[2J[3J[H[2J[3J[H[2J[3J[H[2J[3J[H[2J[3J[H[2J[3J:::::::::::::::::::::::::::::::::::::::::::::::::

OPERATION:	Pairwise displacement computation
PHASE:		Displacement computation 100 of 304
TIME REMAINING:	336 minutes and 48 seconds
PROGRESS:	32%	********************************::::::::::::::::::::::::::::::::::::::::::::::::::::::::::::::::::::

OPERATION:	Pairwise displacement computation
PHASE:		Displacement computation 101 of 304
TIME REMAINING:	337 minutes and 45 seconds
PROGRESS:	33%	*********************************:::::::::::::::::::::::::::::::::::::::::::::::::::::::::::::::::::

OPERATION:	Pairwise displacement computation
PHASE:		Displacement computation 102 of 304
TIME REMAINING:	332 minutes and 48 seconds
PROGRESS:	33%	*********************************:::::::::::::::::::::::::::::::::::::::::::::::::::::::::::::::::::

OPERATION:	Pairwise displacement computation
PHASE:		Displacement computation 103 of 304
TIME REMAINING:	334 minutes and 9 seconds
PROGRESS:	33%	*********************************:::::::::::::::::::::::::::::::::::::::::::::::::::::::::::::::::::

OPERATION:	Pairwise displacement computation
PHASE:		Displacement computation 104 of 304
TIME REMAINING:	334 minutes and 36 seconds
PROGRESS:	34%	**********************************::::::::::::::::::::::::::::::::::::::::::::::::::::::::::::::::::

OPERATION:	Pairwise displacement computation
PHASE:		Displacement computation 105 of 304
TIME REMAINING:	329 minutes and 48 seconds
PROGRESS:	34%	**********************************::::::::::::::::::::::::::::::::::::::::::::::::::::::::::::::::::

OPERATION:	Pairwise displacement computation
PHASE:		Displacement computation 106 of 304
TIME REMAINING:	330 minutes and 24 seconds
PROGRESS:	34%	**********************************::::::::::::::::::::::::::::::::::::::::::::::::::::::::::::::::::

OPERATION:	Pairwise displacement computation
PHASE:		Displacement computation 107 of 304
TIME REMAINING:	325 minutes and 41 seconds
PROGRESS:	35%	***********************************:::::::::::::::::::::::::::::::::::::::::::::::::::::::::::::::::

OPERATION:	Pairwise displacement computation
PHASE:		Displacement computation 108 of 304
TIME REMAINING:	326 minutes and 5 seconds
PROGRESS:	35%	***********************************:::::::::::::::::::::::::::::::::::::::::::::::::::::::::::::::::

OPERATION:	Pairwise displacement computation
PHASE:		Displacement computation 109 of 304
TIME REMAINING:	321 minutes and 27 seconds
PROGRESS:	35%	***********************************:::::::::::::::::::::::::::::::::::::::::::::::::::::::::::::::::

OPERATION:	Pairwise displacement computation
PHASE:		Displacement computation 110 of 304
TIME REMAINING:	321 minutes and 50 seconds
PROGRESS:	36%	************************************::::::::::::::::::::::::::::::::::::::::::::::::::::::::::::::::

OPERATION:	Pairwise displacement computation
PHASE:		Displacement computation 111 of 304
TIME REMAINING:	321 minutes and 59 seconds
PROGRESS:	36%	************************************::::::::::::::::::::::::::::::::::::::::::::::::::::::::::::::::

OPERATION:	Pairwise displacement computation
PHASE:		Displacement computation 112 of 304
TIME REMAINING:	317 minutes and 29 seconds
PROGRESS:	36%	************************************::::::::::::::::::::::::::::::::::::::::::::::::::::::::::::::::

OPERATION:	Pairwise displacement computation
PHASE:		Displacement computation 113 of 304
TIME REMAINING:	313 minutes and 3 seconds
PROGRESS:	37%	*************************************:::::::::::::::::::::::::::::::::::::::::::::::::::::::::::::::

OPERATION:	Pairwise displacement computation
PHASE:		Displacement computation 114 of 304
TIME REMAINING:	308 minutes and 41 seconds
PROGRESS:	37%	*************************************:::::::::::::::::::::::::::::::::::::::::::::::::::::::::::::::

OPERATION:	Pairwise displacement computation
PHASE:		Displacement computation 115 of 304
TIME REMAINING:	313 minutes and 16 seconds
PROGRESS:	37%	*************************************:::::::::::::::::::::::::::::::::::::::::::::::::::::::::::::::

OPERATION:	Pairwise displacement computation
PHASE:		Displacement computation 116 of 304
TIME REMAINING:	313 minutes and 37 seconds
PROGRESS:	38%	**************************************::::::::::::::::::::::::::::::::::::::::::::::::::::::::::::::

OPERATION:	Pairwise displacement computation
PHASE:		Displacement computation 117 of 304
TIME REMAINING:	313 minutes and 33 seconds
PROGRESS:	38%	**************************************::::::::::::::::::::::::::::::::::::::::::::::::::::::::::::::

OPERATION:	Pairwise displacement computation
PHASE:		Displacement computation 118 of 304
TIME REMAINING:	313 minutes and 32 seconds
PROGRESS:	38%	**************************************::::::::::::::::::::::::::::::::::::::::::::::::::::::::::::::

OPERATION:	Pairwise displacement computation
PHASE:		Displacement computation 119 of 304
TIME REMAINING:	313 minutes and 26 seconds
PROGRESS:	39%	***************************************:::::::::::::::::::::::::::::::::::::::::::::::::::::::::::::

OPERATION:	Pairwise displacement computation
PHASE:		Displacement computation 120 of 304
TIME REMAINING:	313 minutes and 46 seconds
PROGRESS:	39%	***************************************:::::::::::::::::::::::::::::::::::::::::::::::::::::::::::::

OPERATION:	Pairwise displacement computation
PHASE:		Displacement computation 121 of 304
TIME REMAINING:	313 minutes and 50 seconds
PROGRESS:	39%	***************************************:::::::::::::::::::::::::::::::::::::::::::::::::::::::::::::

OPERATION:	Pairwise displacement computation
PHASE:		Displacement computation 122 of 304
TIME REMAINING:	309 minutes and 35 seconds
PROGRESS:	40%	****************************************::::::::::::::::::::::::::::::::::::::::::::::::::::::::::::

OPERATION:	Pairwise displacement computation
PHASE:		Displacement computation 123 of 304
TIME REMAINING:	309 minutes and 33 seconds
PROGRESS:	40%	****************************************::::::::::::::::::::::::::::::::::::::::::::::::::::::::::::

OPERATION:	Pairwise displacement computation
PHASE:		Displacement computation 124 of 304
TIME REMAINING:	305 minutes and 22 seconds
PROGRESS:	40%	****************************************::::::::::::::::::::::::::::::::::::::::::::::::::::::::::::

OPERATION:	Pairwise displacement computation
PHASE:		Displacement computation 125 of 304
TIME REMAINING:	305 minutes and 31 seconds
PROGRESS:	41%	*****************************************:::::::::::::::::::::::::::::::::::::::::::::::::::::::::::

OPERATION:	Pairwise displacement computation
PHASE:		Displacement computation 126 of 304
TIME REMAINING:	301 minutes and 23 seconds
PROGRESS:	41%	*****************************************:::::::::::::::::::::::::::::::::::::::::::::::::::::::::::

OPERATION:	Pairwise displacement computation
PHASE:		Displacement computation 127 of 304
TIME REMAINING:	301 minutes and 20 seconds
PROGRESS:	41%	*****************************************:::::::::::::::::::::::::::::::::::::::::::::::::::::::::::

OPERATION:	Pairwise displacement computation
PHASE:		Displacement computation 128 of 304
TIME REMAINING:	300 minutes and 56 seconds
PROGRESS:	42%	******************************************::::::::::::::::::::::::::::::::::::::::::::::::::::::::::

OPERATION:	Pairwise displacement computation
PHASE:		Displacement computation 129 of 304
TIME REMAINING:	296 minutes and 54 seconds
PROGRESS:	42%	******************************************::::::::::::::::::::::::::::::::::::::::::::::::::::::::::

OPERATION:	Pairwise displacement computation
PHASE:		Displacement computation 130 of 304
TIME REMAINING:	296 minutes and 58 seconds
PROGRESS:	42%	******************************************::::::::::::::::::::::::::::::::::::::::::::::::::::::::::

OPERATION:	Pairwise displacement computation
PHASE:		Displacement computation 131 of 304
TIME REMAINING:	293 minutes and 2 seconds
PROGRESS:	43%	*******************************************:::::::::::::::::::::::::::::::::::::::::::::::::::::::::

OPERATION:	Pairwise displacement computation
PHASE:		Displacement computation 132 of 304
TIME REMAINING:	292 minutes and 39 seconds
PROGRESS:	43%	*******************************************::::::::::::::::::::[H[2J[3J[H[2J[3J[H[2J[3J[H[2J[3J[H[2J[3J[H[2J[3J[H[2J[3J[H[2J[3J[H[2J[3J[H[2J[3J[H[2J[3J[H[2J[3J[H[2J[3J[H[2J[3J[H[2J[3J[H[2J[3J[H[2J[3J[H[2J[3J[H[2J[3J[H[2J[3J[H[2J[3J[H[2J[3J[H[2J[3J[H[2J[3J[H[2J[3J[H[2J[3J[H[2J[3J[H[2J[3J[H[2J[3J[H[2J[3J[H[2J[3J[H[2J[3J[H[2J[3J:::::::::::::::::::::::::::::::::::::

OPERATION:	Pairwise displacement computation
PHASE:		Displacement computation 133 of 304
TIME REMAINING:	288 minutes and 46 seconds
PROGRESS:	43%	*******************************************:::::::::::::::::::::::::::::::::::::::::::::::::::::::::

OPERATION:	Pairwise displacement computation
PHASE:		Displacement computation 134 of 304
TIME REMAINING:	288 minutes and 24 seconds
PROGRESS:	44%	********************************************::::::::::::::::::::::::::::::::::::::::::::::::::::::::

OPERATION:	Pairwise displacement computation
PHASE:		Displacement computation 135 of 304
TIME REMAINING:	288 minutes and 5 seconds
PROGRESS:	44%	********************************************::::::::::::::::::::::::::::::::::::::::::::::::::::::::

OPERATION:	Pairwise displacement computation
PHASE:		Displacement computation 136 of 304
TIME REMAINING:	284 minutes and 18 seconds
PROGRESS:	44%	********************************************::::::::::::::::::::::::::::::::::::::::::::::::::::::::

OPERATION:	Pairwise displacement computation
PHASE:		Displacement computation 137 of 304
TIME REMAINING:	284 minutes and 1 seconds
PROGRESS:	45%	*********************************************:::::::::::::::::::::::::::::::::::::::::::::::::::::::

OPERATION:	Pairwise displacement computation
PHASE:		Displacement computation 138 of 304
TIME REMAINING:	280 minutes and 17 seconds
PROGRESS:	45%	*********************************************:::::::::::::::::::::::::::::::::::::::::::::::::::::::

OPERATION:	Pairwise displacement computation
PHASE:		Displacement computation 139 of 304
TIME REMAINING:	280 minutes and 5 seconds
PROGRESS:	45%	*********************************************:::::::::::::::::::::::::::::::::::::::::::::::::::::::

OPERATION:	Pairwise displacement computation
PHASE:		Displacement computation 140 of 304
TIME REMAINING:	276 minutes and 25 seconds
PROGRESS:	46%	**********************************************::::::::::::::::::::::::::::::::::::::::::::::::::::::

OPERATION:	Pairwise displacement computation
PHASE:		Displacement computation 141 of 304
TIME REMAINING:	276 minutes and 9 seconds
PROGRESS:	46%	**********************************************::::::::::::::::::::::::::::::::::::::::::::::::::::::

OPERATION:	Pairwise displacement computation
PHASE:		Displacement computation 142 of 304
TIME REMAINING:	275 minutes and 50 seconds
PROGRESS:	46%	**********************************************::::::::::::::::::::::::::::::::::::::::::::::::::::::

OPERATION:	Pairwise displacement computation
PHASE:		Displacement computation 143 of 304
TIME REMAINING:	272 minutes and 14 seconds
PROGRESS:	47%	***********************************************:::::::::::::::::::::::::::::::::::::::::::::::::::::

OPERATION:	Pairwise displacement computation
PHASE:		Displacement computation 144 of 304
TIME REMAINING:	272 minutes and 1 seconds
PROGRESS:	47%	***********************************************:::::::::::::::::::::::::::::::::::::::::::::::::::::

OPERATION:	Pairwise displacement computation
PHASE:		Displacement computation 145 of 304
TIME REMAINING:	268 minutes and 28 seconds
PROGRESS:	47%	***********************************************:::::::::::::::::::::::::::::::::::::::::::::::::::::

OPERATION:	Pairwise displacement computation
PHASE:		Displacement computation 146 of 304
TIME REMAINING:	267 minutes and 53 seconds
PROGRESS:	48%	************************************************::::::::::::::::::::::::::::::::::::::::::::::::::::

OPERATION:	Pairwise displacement computation
PHASE:		Displacement computation 147 of 304
TIME REMAINING:	264 minutes and 23 seconds
PROGRESS:	48%	************************************************::::::::::::::::::::::::::::::::::::::::::::::::::::

OPERATION:	Pairwise displacement computation
PHASE:		Displacement computation 148 of 304
TIME REMAINING:	263 minutes and 44 seconds
PROGRESS:	48%	************************************************::::::::::::::::::::::::::::::::::::::::::::::::::::

OPERATION:	Pairwise displacement computation
PHASE:		Displacement computation 149 of 304
TIME REMAINING:	262 minutes and 57 seconds
PROGRESS:	49%	*************************************************:::::::::::::::::::::::::::::::::::::::::::::::::::

OPERATION:	Pairwise displacement computation
PHASE:		Displacement computation 150 of 304
TIME REMAINING:	259 minutes and 31 seconds
PROGRESS:	49%	*************************************************:::::::::::::::::::::::::::::::::::::::::::::::::::

OPERATION:	Pairwise displacement computation
PHASE:		Displacement computation 151 of 304
TIME REMAINING:	256 minutes and 8 seconds
PROGRESS:	49%	*************************************************:::::::::::::::::::::::::::::::::::::::::::::::::::

OPERATION:	Pairwise displacement computation
PHASE:		Displacement computation 152 of 304
TIME REMAINING:	252 minutes and 49 seconds
PROGRESS:	50%	**************************************************::::::::::::::::::::::::::::::::::::::::::::::::::

OPERATION:	Pairwise displacement computation
PHASE:		Displacement computation 153 of 304
TIME REMAINING:	254 minutes and 28 seconds
PROGRESS:	50%	**************************************************::::::::::::::::::::::::::::::::::::::::::::::::::

OPERATION:	Pairwise displacement computation
PHASE:		Displacement computation 154 of 304
TIME REMAINING:	253 minutes and 43 seconds
PROGRESS:	50%	**************************************************::::::::::::::::::::::::::::::::::::::::::::::::::

OPERATION:	Pairwise displacement computation
PHASE:		Displacement computation 155 of 304
TIME REMAINING:	252 minutes and 45 seconds
PROGRESS:	50%	**************************************************::::::::::::::::::::::::::::::::::::::::::::::::::

OPERATION:	Pairwise displacement computation
PHASE:		Displacement computation 156 of 304
TIME REMAINING:	252 minutes and 2 seconds
PROGRESS:	51%	***************************************************:::::::::::::::::::::::::::::::::::::::::::::::::

OPERATION:	Pairwise displacement computation
PHASE:		Displacement computation 157 of 304
TIME REMAINING:	251 minutes and 6 seconds
PROGRESS:	51%	***************************************************:::::::::::::::::::::::::::::::::::::::::::::::::

OPERATION:	Pairwise displacement computation
PHASE:		Displacement computation 158 of 304
TIME REMAINING:	250 minutes and 16 seconds
PROGRESS:	51%	***************************************************:::::::::::::::::::::::::::::::::::::::::::::::::

OPERATION:	Pairwise displacement computation
PHASE:		Displacement computation 159 of 304
TIME REMAINING:	249 minutes and 25 seconds
PROGRESS:	52%	****************************************************::::::::::::::::::::::::::::::::::::::::::::::::

OPERATION:	Pairwise displacement computation
PHASE:		Displacement computation 160 of 304
TIME REMAINING:	246 minutes and 9 seconds
PROGRESS:	52%	****************************************************::::::::::::::::::::::::::::::::::::::::::::::::

OPERATION:	Pairwise displacement computation
PHASE:		Displacement computation 161 of 304
TIME REMAINING:	245 minutes and 24 seconds
PROGRESS:	52%	****************************************************::::::::::::::::::::::::::::::::::::::::::::::::

OPERATION:	Pairwise displacement computation
PHASE:		Displacement computation 162 of 304
TIME REMAINING:	242 minutes and 12 seconds
PROGRESS:	53%	*****************************************************:::::::::::::::::::::::::::::::::::::::::::::::

OPERATION:	Pairwise displacement computation
PHASE:		Displacement computation 163 of 304
TIME REMAINING:	241 minutes and 31 seconds
PROGRESS:	53%	*****************************************************:::::::::::::::::::::::::::::::::::::::::::::::

OPERATION:	Pairwise displacement computation
PHASE:		Displacement computation 164 of 304
TIME REMAINING:	238 minutes and 22 seconds
PROGRESS:	53%	*****************************************************:::::::::::::::::::::::::::::::::::::::::::::::

OPERATION:	Pairwise displacement computation
PHASE:		Displacement computation 165 of 304
TIME REMAINING:	237 minutes and 36 seconds
PROGRESS:	54%	******************************************************::::::::::::::::::::::::::[H[2J[3J[H[2J[3J[H[2J[3J[H[2J[3J[H[2J[3J[H[2J[3J[H[2J[3J[H[2J[3J[H[2J[3J[H[2J[3J[H[2J[3J[H[2J[3J[H[2J[3J[H[2J[3J[H[2J[3J[H[2J[3J[H[2J[3J[H[2J[3J[H[2J[3J[H[2J[3J[H[2J[3J[H[2J[3J[H[2J[3J[H[2J[3J[H[2J[3J[H[2J[3J[H[2J[3J[H[2J[3J[H[2J[3J[H[2J[3J[H[2J[3J[H[2J[3J[H[2J[3J::::::::::::::::::::

OPERATION:	Pairwise displacement computation
PHASE:		Displacement computation 166 of 304
TIME REMAINING:	236 minutes and 44 seconds
PROGRESS:	54%	******************************************************::::::::::::::::::::::::::::::::::::::::::::::

OPERATION:	Pairwise displacement computation
PHASE:		Displacement computation 167 of 304
TIME REMAINING:	233 minutes and 38 seconds
PROGRESS:	54%	******************************************************::::::::::::::::::::::::::::::::::::::::::::::

OPERATION:	Pairwise displacement computation
PHASE:		Displacement computation 168 of 304
TIME REMAINING:	232 minutes and 49 seconds
PROGRESS:	55%	*******************************************************:::::::::::::::::::::::::::::::::::::::::::::

OPERATION:	Pairwise displacement computation
PHASE:		Displacement computation 169 of 304
TIME REMAINING:	229 minutes and 45 seconds
PROGRESS:	55%	*******************************************************:::::::::::::::::::::::::::::::::::::::::::::

OPERATION:	Pairwise displacement computation
PHASE:		Displacement computation 170 of 304
TIME REMAINING:	229 minutes and 1 seconds
PROGRESS:	55%	*******************************************************:::::::::::::::::::::::::::::::::::::::::::::

OPERATION:	Pairwise displacement computation
PHASE:		Displacement computation 171 of 304
TIME REMAINING:	225 minutes and 59 seconds
PROGRESS:	56%	********************************************************::::::::::::::::::::::::::::::::::::::::::::

OPERATION:	Pairwise displacement computation
PHASE:		Displacement computation 172 of 304
TIME REMAINING:	225 minutes and 6 seconds
PROGRESS:	56%	********************************************************::::::::::::::::::::::::::::::::::::::::::::

OPERATION:	Pairwise displacement computation
PHASE:		Displacement computation 173 of 304
TIME REMAINING:	224 minutes and 12 seconds
PROGRESS:	56%	********************************************************::::::::::::::::::::::::::::::::::::::::::::

OPERATION:	Pairwise displacement computation
PHASE:		Displacement computation 174 of 304
TIME REMAINING:	221 minutes and 14 seconds
PROGRESS:	57%	*********************************************************:::::::::::::::::::::::::::::::::::::::::::

OPERATION:	Pairwise displacement computation
PHASE:		Displacement computation 175 of 304
TIME REMAINING:	220 minutes and 21 seconds
PROGRESS:	57%	*********************************************************:::::::::::::::::::::::::::::::::::::::::::

OPERATION:	Pairwise displacement computation
PHASE:		Displacement computation 176 of 304
TIME REMAINING:	217 minutes and 24 seconds
PROGRESS:	57%	*********************************************************:::::::::::::::::::::::::::::::::::::::::::

OPERATION:	Pairwise displacement computation
PHASE:		Displacement computation 177 of 304
TIME REMAINING:	216 minutes and 29 seconds
PROGRESS:	58%	**********************************************************::::::::::::::::::::::::::::::::::::::::::

OPERATION:	Pairwise displacement computation
PHASE:		Displacement computation 178 of 304
TIME REMAINING:	213 minutes and 35 seconds
PROGRESS:	58%	**********************************************************::::::::::::::::::::::::::::::::::::::::::

OPERATION:	Pairwise displacement computation
PHASE:		Displacement computation 179 of 304
TIME REMAINING:	212 minutes and 43 seconds
PROGRESS:	58%	**********************************************************::::::::::::::::::::::::::::::::::::::::::

OPERATION:	Pairwise displacement computation
PHASE:		Displacement computation 180 of 304
TIME REMAINING:	211 minutes and 48 seconds
PROGRESS:	59%	***********************************************************:::::::::::::::::::::::::::::::::::::::::

OPERATION:	Pairwise displacement computation
PHASE:		Displacement computation 181 of 304
TIME REMAINING:	208 minutes and 56 seconds
PROGRESS:	59%	***********************************************************:::::::::::::::::::::::::::::::::::::::::

OPERATION:	Pairwise displacement computation
PHASE:		Displacement computation 182 of 304
TIME REMAINING:	208 minutes and 2 seconds
PROGRESS:	59%	***********************************************************:::::::::::::::::::::::::::::::::::::::::

OPERATION:	Pairwise displacement computation
PHASE:		Displacement computation 183 of 304
TIME REMAINING:	205 minutes and 12 seconds
PROGRESS:	60%	************************************************************::::::::::::::::::::::::::::::::::::::::

OPERATION:	Pairwise displacement computation
PHASE:		Displacement computation 184 of 304
TIME REMAINING:	204 minutes and 13 seconds
PROGRESS:	60%	************************************************************::::::::::::::::::::::::::::::::::::::::

OPERATION:	Pairwise displacement computation
PHASE:		Displacement computation 185 of 304
TIME REMAINING:	201 minutes and 25 seconds
PROGRESS:	60%	************************************************************::::::::::::::::::::::::::::::::::::::::

OPERATION:	Pairwise displacement computation
PHASE:		Displacement computation 186 of 304
TIME REMAINING:	200 minutes and 23 seconds
PROGRESS:	61%	*************************************************************:::::::::::::::::::::::::::::::::::::::

OPERATION:	Pairwise displacement computation
PHASE:		Displacement computation 187 of 304
TIME REMAINING:	199 minutes and 18 seconds
PROGRESS:	61%	*************************************************************:::::::::::::::::::::::::::::::::::::::

OPERATION:	Pairwise displacement computation
PHASE:		Displacement computation 188 of 304
TIME REMAINING:	196 minutes and 33 seconds
PROGRESS:	61%	*************************************************************:::::::::::::::::::::::::::::::::::::::

OPERATION:	Pairwise displacement computation
PHASE:		Displacement computation 189 of 304
TIME REMAINING:	193 minutes and 50 seconds
PROGRESS:	62%	**************************************************************::::::::::::::::::::::::::::::::::::::

OPERATION:	Pairwise displacement computation
PHASE:		Displacement computation 190 of 304
TIME REMAINING:	191 minutes and 9 seconds
PROGRESS:	62%	**************************************************************::::::::::::::::::::::::::::::::::::::

OPERATION:	Pairwise displacement computation
PHASE:		Displacement computation 191 of 304
TIME REMAINING:	191 minutes and 38 seconds
PROGRESS:	62%	**************************************************************::::::::::::::::::::::::::::::::::::::

OPERATION:	Pairwise displacement computation
PHASE:		Displacement computation 192 of 304
TIME REMAINING:	190 minutes and 29 seconds
PROGRESS:	63%	***************************************************************:::::::::::::::::::::::::::::::::::::

OPERATION:	Pairwise displacement computation
PHASE:		Displacement computation 193 of 304
TIME REMAINING:	189 minutes and 17 seconds
PROGRESS:	63%	***************************************************************:::::::::::::::::::::::::::::::::::::

OPERATION:	Pairwise displacement computation
PHASE:		Displacement computation 194 of 304
TIME REMAINING:	188 minutes and 15 seconds
PROGRESS:	63%	***************************************************************:::::::::::::::::::::::::::::::::::::

OPERATION:	Pairwise displacement computation
PHASE:		Displacement computation 195 of 304
TIME REMAINING:	187 minutes and 8 seconds
PROGRESS:	64%	****************************************************************::::::::::::::::::::::::::::::::::::

OPERATION:	Pairwise displacement computation
PHASE:		Displacement computation 196 of 304
TIME REMAINING:	186 minutes and 4 seconds
PROGRESS:	64%	****************************************************************::::::::::::::::::::::::::::::::::::

OPERATION:	Pairwise displacement computation
PHASE:		Displacement computation 197 of 304
TIME REMAINING:	184 minutes and 49 seconds
PROGRESS:	64%	****************************************************************::::::::::::::::::::::::::::::::::::

OPERATION:	Pairwise displacement computation
PHASE:		Displacement computation 198 of 304
TIME REMAINING:	182 minutes and 10 seconds
PROGRESS:	65%	*****************************************************************:::::::::::::::::::::::::::::[H[2J[3J[H[2J[3J[H[2J[3J[H[2J[3J[H[2J[3J[H[2J[3J[H[2J[3J[H[2J[3J[H[2J[3J[H[2J[3J[H[2J[3J[H[2J[3J[H[2J[3J[H[2J[3J[H[2J[3J[H[2J[3J[H[2J[3J[H[2J[3J[H[2J[3J[H[2J[3J[H[2J[3J[H[2J[3J[H[2J[3J[H[2J[3J[H[2J[3J[H[2J[3J[H[2J[3J[H[2J[3J[H[2J[3J[H[2J[3J[H[2J[3J[H[2J[3J[H[2J[3J[H[2J[3J::::::

OPERATION:	Pairwise displacement computation
PHASE:		Displacement computation 199 of 304
TIME REMAINING:	180 minutes and 56 seconds
PROGRESS:	65%	*****************************************************************:::::::::::::::::::::::::::::::::::

OPERATION:	Pairwise displacement computation
PHASE:		Displacement computation 200 of 304
TIME REMAINING:	178 minutes and 19 seconds
PROGRESS:	65%	*****************************************************************:::::::::::::::::::::::::::::::::::

OPERATION:	Pairwise displacement computation
PHASE:		Displacement computation 201 of 304
TIME REMAINING:	177 minutes and 7 seconds
PROGRESS:	66%	******************************************************************::::::::::::::::::::::::::::::::::

OPERATION:	Pairwise displacement computation
PHASE:		Displacement computation 202 of 304
TIME REMAINING:	174 minutes and 33 seconds
PROGRESS:	66%	******************************************************************::::::::::::::::::::::::::::::::::

OPERATION:	Pairwise displacement computation
PHASE:		Displacement computation 203 of 304
TIME REMAINING:	173 minutes and 20 seconds
PROGRESS:	66%	******************************************************************::::::::::::::::::::::::::::::::::

OPERATION:	Pairwise displacement computation
PHASE:		Displacement computation 204 of 304
TIME REMAINING:	172 minutes and 3 seconds
PROGRESS:	67%	*******************************************************************:::::::::::::::::::::::::::::::::

OPERATION:	Pairwise displacement computation
PHASE:		Displacement computation 205 of 304
TIME REMAINING:	169 minutes and 30 seconds
PROGRESS:	67%	*******************************************************************:::::::::::::::::::::::::::::::::

OPERATION:	Pairwise displacement computation
PHASE:		Displacement computation 206 of 304
TIME REMAINING:	168 minutes and 14 seconds
PROGRESS:	67%	*******************************************************************:::::::::::::::::::::::::::::::::

OPERATION:	Pairwise displacement computation
PHASE:		Displacement computation 207 of 304
TIME REMAINING:	165 minutes and 44 seconds
PROGRESS:	68%	********************************************************************::::::::::::::::::::::::::::::::

OPERATION:	Pairwise displacement computation
PHASE:		Displacement computation 208 of 304
TIME REMAINING:	164 minutes and 28 seconds
PROGRESS:	68%	********************************************************************::::::::::::::::::::::::::::::::

OPERATION:	Pairwise displacement computation
PHASE:		Displacement computation 209 of 304
TIME REMAINING:	161 minutes and 59 seconds
PROGRESS:	68%	********************************************************************::::::::::::::::::::::::::::::::

OPERATION:	Pairwise displacement computation
PHASE:		Displacement computation 210 of 304
TIME REMAINING:	160 minutes and 47 seconds
PROGRESS:	69%	*********************************************************************:::::::::::::::::::::::::::::::

OPERATION:	Pairwise displacement computation
PHASE:		Displacement computation 211 of 304
TIME REMAINING:	159 minutes and 31 seconds
PROGRESS:	69%	*********************************************************************:::::::::::::::::::::::::::::::

OPERATION:	Pairwise displacement computation
PHASE:		Displacement computation 212 of 304
TIME REMAINING:	157 minutes and 3 seconds
PROGRESS:	69%	*********************************************************************:::::::::::::::::::::::::::::::

OPERATION:	Pairwise displacement computation
PHASE:		Displacement computation 213 of 304
TIME REMAINING:	155 minutes and 52 seconds
PROGRESS:	70%	**********************************************************************::::::::::::::::::::::::::::::

OPERATION:	Pairwise displacement computation
PHASE:		Displacement computation 214 of 304
TIME REMAINING:	153 minutes and 26 seconds
PROGRESS:	70%	**********************************************************************::::::::::::::::::::::::::::::

OPERATION:	Pairwise displacement computation
PHASE:		Displacement computation 215 of 304
TIME REMAINING:	152 minutes and 8 seconds
PROGRESS:	70%	**********************************************************************::::::::::::::::::::::::::::::

OPERATION:	Pairwise displacement computation
PHASE:		Displacement computation 216 of 304
TIME REMAINING:	149 minutes and 44 seconds
PROGRESS:	71%	***********************************************************************:::::::::::::::::::::::::::::

OPERATION:	Pairwise displacement computation
PHASE:		Displacement computation 217 of 304
TIME REMAINING:	148 minutes and 30 seconds
PROGRESS:	71%	***********************************************************************:::::::::::::::::::::::::::::

OPERATION:	Pairwise displacement computation
PHASE:		Displacement computation 218 of 304
TIME REMAINING:	147 minutes and 11 seconds
PROGRESS:	71%	***********************************************************************:::::::::::::::::::::::::::::

OPERATION:	Pairwise displacement computation
PHASE:		Displacement computation 219 of 304
TIME REMAINING:	144 minutes and 48 seconds
PROGRESS:	72%	************************************************************************::::::::::::::::::::::::::::

OPERATION:	Pairwise displacement computation
PHASE:		Displacement computation 220 of 304
TIME REMAINING:	143 minutes and 30 seconds
PROGRESS:	72%	************************************************************************::::::::::::::::::::::::::::

OPERATION:	Pairwise displacement computation
PHASE:		Displacement computation 221 of 304
TIME REMAINING:	141 minutes and 9 seconds
PROGRESS:	72%	************************************************************************::::::::::::::::::::::::::::

OPERATION:	Pairwise displacement computation
PHASE:		Displacement computation 222 of 304
TIME REMAINING:	139 minutes and 53 seconds
PROGRESS:	73%	*************************************************************************:::::::::::::::::::::::::::

OPERATION:	Pairwise displacement computation
PHASE:		Displacement computation 223 of 304
TIME REMAINING:	137 minutes and 34 seconds
PROGRESS:	73%	*************************************************************************:::::::::::::::::::::::::::

OPERATION:	Pairwise displacement computation
PHASE:		Displacement computation 224 of 304
TIME REMAINING:	136 minutes and 13 seconds
PROGRESS:	73%	*************************************************************************:::::::::::::::::::::::::::

OPERATION:	Pairwise displacement computation
PHASE:		Displacement computation 225 of 304
TIME REMAINING:	134 minutes and 50 seconds
PROGRESS:	74%	**************************************************************************::::::::::::::::::::::::::

OPERATION:	Pairwise displacement computation
PHASE:		Displacement computation 226 of 304
TIME REMAINING:	132 minutes and 32 seconds
PROGRESS:	74%	**************************************************************************::::::::::::::::::::::::::

OPERATION:	Pairwise displacement computation
PHASE:		Displacement computation 227 of 304
TIME REMAINING:	130 minutes and 16 seconds
PROGRESS:	74%	**************************************************************************::::::::::::::::::::::::::

OPERATION:	Pairwise displacement computation
PHASE:		Displacement computation 228 of 304
TIME REMAINING:	128 minutes and 1 seconds
PROGRESS:	75%	***************************************************************************:::::::::::::::::::::::::

OPERATION:	Pairwise displacement computation
PHASE:		Displacement computation 229 of 304
TIME REMAINING:	127 minutes and 31 seconds
PROGRESS:	75%	***************************************************************************:::::::::::::::::::::::::

OPERATION:	Pairwise displacement computation
PHASE:		Displacement computation 230 of 304
TIME REMAINING:	126 minutes and 8 seconds
PROGRESS:	75%	***************************************************************************:::::::::::::::::::::::::

OPERATION:	Pairwise displacement computation
PHASE:		Displacement computation 231 of 304
TIME REMAINING:	124 minutes and 45 seconds
PROGRESS:	75%	***************************************************************************:::::::::::::::::::::::::

OPERATI[H[2J[3J[H[2J[3J[H[2J[3J[H[2J[3J[H[2J[3J[H[2J[3J[H[2J[3J[H[2J[3J[H[2J[3J[H[2J[3J[H[2J[3J[H[2J[3J[H[2J[3J[H[2J[3J[H[2J[3J[H[2J[3J[H[2J[3J[H[2J[3J[H[2J[3J[H[2J[3J[H[2J[3J[H[2J[3J[H[2J[3J[H[2J[3J[H[2J[3J[H[2J[3J[H[2J[3J[H[2J[3J[H[2J[3J[H[2J[3J[H[2J[3J[H[2J[3J[H[2J[3JON:	Pairwise displacement computation
PHASE:		Displacement computation 232 of 304
TIME REMAINING:	123 minutes and 22 seconds
PROGRESS:	76%	****************************************************************************::::::::::::::::::::::::

OPERATION:	Pairwise displacement computation
PHASE:		Displacement computation 233 of 304
TIME REMAINING:	121 minutes and 56 seconds
PROGRESS:	76%	****************************************************************************::::::::::::::::::::::::

OPERATION:	Pairwise displacement computation
PHASE:		Displacement computation 234 of 304
TIME REMAINING:	120 minutes and 33 seconds
PROGRESS:	76%	****************************************************************************::::::::::::::::::::::::

OPERATION:	Pairwise displacement computation
PHASE:		Displacement computation 235 of 304
TIME REMAINING:	119 minutes and 6 seconds
PROGRESS:	77%	*****************************************************************************:::::::::::::::::::::::

OPERATION:	Pairwise displacement computation
PHASE:		Displacement computation 236 of 304
TIME REMAINING:	116 minutes and 53 seconds
PROGRESS:	77%	*****************************************************************************:::::::::::::::::::::::

OPERATION:	Pairwise displacement computation
PHASE:		Displacement computation 237 of 304
TIME REMAINING:	115 minutes and 25 seconds
PROGRESS:	77%	*****************************************************************************:::::::::::::::::::::::

OPERATION:	Pairwise displacement computation
PHASE:		Displacement computation 238 of 304
TIME REMAINING:	113 minutes and 13 seconds
PROGRESS:	78%	******************************************************************************::::::::::::::::::::::

OPERATION:	Pairwise displacement computation
PHASE:		Displacement computation 239 of 304
TIME REMAINING:	111 minutes and 45 seconds
PROGRESS:	78%	******************************************************************************::::::::::::::::::::::

OPERATION:	Pairwise displacement computation
PHASE:		Displacement computation 240 of 304
TIME REMAINING:	109 minutes and 34 seconds
PROGRESS:	78%	******************************************************************************::::::::::::::::::::::

OPERATION:	Pairwise displacement computation
PHASE:		Displacement computation 241 of 304
TIME REMAINING:	108 minutes and 7 seconds
PROGRESS:	79%	*******************************************************************************:::::::::::::::::::::

OPERATION:	Pairwise displacement computation
PHASE:		Displacement computation 242 of 304
TIME REMAINING:	106 minutes and 40 seconds
PROGRESS:	79%	*******************************************************************************:::::::::::::::::::::

OPERATION:	Pairwise displacement computation
PHASE:		Displacement computation 243 of 304
TIME REMAINING:	104 minutes and 31 seconds
PROGRESS:	79%	*******************************************************************************:::::::::::::::::::::

OPERATION:	Pairwise displacement computation
PHASE:		Displacement computation 244 of 304
TIME REMAINING:	103 minutes and 3 seconds
PROGRESS:	80%	********************************************************************************::::::::::::::::::::

OPERATION:	Pairwise displacement computation
PHASE:		Displacement computation 245 of 304
TIME REMAINING:	100 minutes and 55 seconds
PROGRESS:	80%	********************************************************************************::::::::::::::::::::

OPERATION:	Pairwise displacement computation
PHASE:		Displacement computation 246 of 304
TIME REMAINING:	99 minutes and 25 seconds
PROGRESS:	80%	********************************************************************************::::::::::::::::::::

OPERATION:	Pairwise displacement computation
PHASE:		Displacement computation 247 of 304
TIME REMAINING:	97 minutes and 19 seconds
PROGRESS:	81%	*********************************************************************************:::::::::::::::::::

OPERATION:	Pairwise displacement computation
PHASE:		Displacement computation 248 of 304
TIME REMAINING:	95 minutes and 50 seconds
PROGRESS:	81%	*********************************************************************************:::::::::::::::::::

OPERATION:	Pairwise displacement computation
PHASE:		Displacement computation 249 of 304
TIME REMAINING:	94 minutes and 22 seconds
PROGRESS:	81%	*********************************************************************************:::::::::::::::::::

OPERATION:	Pairwise displacement computation
PHASE:		Displacement computation 250 of 304
TIME REMAINING:	92 minutes and 17 seconds
PROGRESS:	82%	**********************************************************************************::::::::::::::::::

OPERATION:	Pairwise displacement computation
PHASE:		Displacement computation 251 of 304
TIME REMAINING:	90 minutes and 49 seconds
PROGRESS:	82%	**********************************************************************************::::::::::::::::::

OPERATION:	Pairwise displacement computation
PHASE:		Displacement computation 252 of 304
TIME REMAINING:	88 minutes and 46 seconds
PROGRESS:	82%	**********************************************************************************::::::::::::::::::

OPERATION:	Pairwise displacement computation
PHASE:		Displacement computation 253 of 304
TIME REMAINING:	87 minutes and 14 seconds
PROGRESS:	83%	***********************************************************************************:::::::::::::::::

OPERATION:	Pairwise displacement computation
PHASE:		Displacement computation 254 of 304
TIME REMAINING:	85 minutes and 11 seconds
PROGRESS:	83%	***********************************************************************************:::::::::::::::::

OPERATION:	Pairwise displacement computation
PHASE:		Displacement computation 255 of 304
TIME REMAINING:	83 minutes and 41 seconds
PROGRESS:	83%	***********************************************************************************:::::::::::::::::

OPERATION:	Pairwise displacement computation
PHASE:		Displacement computation 256 of 304
TIME REMAINING:	82 minutes and 9 seconds
PROGRESS:	84%	************************************************************************************::::::::::::::::

OPERATION:	Pairwise displacement computation
PHASE:		Displacement computation 257 of 304
TIME REMAINING:	80 minutes and 7 seconds
PROGRESS:	84%	************************************************************************************::::::::::::::::

OPERATION:	Pairwise displacement computation
PHASE:		Displacement computation 258 of 304
TIME REMAINING:	78 minutes and 35 seconds
PROGRESS:	84%	************************************************************************************::::::::::::::::

OPERATION:	Pairwise displacement computation
PHASE:		Displacement computation 259 of 304
TIME REMAINING:	76 minutes and 35 seconds
PROGRESS:	85%	*************************************************************************************:::::::::::::::

OPERATION:	Pairwise displacement computation
PHASE:		Displacement computation 260 of 304
TIME REMAINING:	75 minutes and 2 seconds
PROGRESS:	85%	*************************************************************************************:::::::::::::::

OPERATION:	Pairwise displacement computation
PHASE:		Displacement computation 261 of 304
TIME REMAINING:	73 minutes and 3 seconds
PROGRESS:	85%	*************************************************************************************:::::::::::::::

OPERATION:	Pairwise displacement computation
PHASE:		Displacement computation 262 of 304
TIME REMAINING:	71 minutes and 30 seconds
PROGRESS:	86%	**************************************************************************************::::::::::::::

OPERATION:	Pairwise displacement computation
PHASE:		Displacement computation 263 of 304
TIME REMAINING:	69 minutes and 56 seconds
PROGRESS:	86%	**************************************************************************************::::::::::::::

OPERATION:	Pairwise displacement computation
PHASE:		Displacement computation 264 of 304
TIME REMAINING:	67 minutes and 58 seconds
PROGRESS:	86%	**************************************************************************************::::::::::::::

OPERATION:	Pairwise displacement computat[H[2J[3J[H[2J[3J[H[2J[3J[H[2J[3J[H[2J[3J[H[2J[3J[H[2J[3J[H[2J[3J[H[2J[3J[H[2J[3J[H[2J[3J[H[2J[3J[H[2J[3J[H[2J[3J[H[2J[3J[H[2J[3J[H[2J[3J[H[2J[3J[H[2J[3J[H[2J[3J[H[2J[3J[H[2J[3J[H[2J[3J[H[2J[3J[H[2J[3J[H[2J[3J[H[2J[3J[H[2J[3J[H[2J[3J[H[2J[3J[H[2J[3J[H[2J[3J[H[2J[3Jion
PHASE:		Displacement computation 265 of 304
TIME REMAINING:	66 minutes and 1 seconds
PROGRESS:	87%	***************************************************************************************:::::::::::::

OPERATION:	Pairwise displacement computation
PHASE:		Displacement computation 266 of 304
TIME REMAINING:	64 minutes and 5 seconds
PROGRESS:	87%	***************************************************************************************:::::::::::::

OPERATION:	Pairwise displacement computation
PHASE:		Displacement computation 267 of 304
TIME REMAINING:	62 minutes and 54 seconds
PROGRESS:	87%	***************************************************************************************:::::::::::::

OPERATION:	Pairwise displacement computation
PHASE:		Displacement computation 268 of 304
TIME REMAINING:	61 minutes and 19 seconds
PROGRESS:	88%	****************************************************************************************::::::::::::

OPERATION:	Pairwise displacement computation
PHASE:		Displacement computation 269 of 304
TIME REMAINING:	59 minutes and 47 seconds
PROGRESS:	88%	****************************************************************************************::::::::::::

OPERATION:	Pairwise displacement computation
PHASE:		Displacement computation 270 of 304
TIME REMAINING:	58 minutes and 12 seconds
PROGRESS:	88%	****************************************************************************************::::::::::::

OPERATION:	Pairwise displacement computation
PHASE:		Displacement computation 271 of 304
TIME REMAINING:	56 minutes and 37 seconds
PROGRESS:	89%	*****************************************************************************************:::::::::::

OPERATION:	Pairwise displacement computation
PHASE:		Displacement computation 272 of 304
TIME REMAINING:	55 minutes and 2 seconds
PROGRESS:	89%	*****************************************************************************************:::::::::::

OPERATION:	Pairwise displacement computation
PHASE:		Displacement computation 273 of 304
TIME REMAINING:	53 minutes and 27 seconds
PROGRESS:	89%	*****************************************************************************************:::::::::::

OPERATION:	Pairwise displacement computation
PHASE:		Displacement computation 274 of 304
TIME REMAINING:	51 minutes and 33 seconds
PROGRESS:	90%	******************************************************************************************::::::::::

OPERATION:	Pairwise displacement computation
PHASE:		Displacement computation 275 of 304
TIME REMAINING:	49 minutes and 56 seconds
PROGRESS:	90%	******************************************************************************************::::::::::

OPERATION:	Pairwise displacement computation
PHASE:		Displacement computation 276 of 304
TIME REMAINING:	48 minutes and 2 seconds
PROGRESS:	90%	******************************************************************************************::::::::::

OPERATION:	Pairwise displacement computation
PHASE:		Displacement computation 277 of 304
TIME REMAINING:	46 minutes and 25 seconds
PROGRESS:	91%	*******************************************************************************************:::::::::

OPERATION:	Pairwise displacement computation
PHASE:		Displacement computation 278 of 304
TIME REMAINING:	44 minutes and 32 seconds
PROGRESS:	91%	*******************************************************************************************:::::::::

OPERATION:	Pairwise displacement computation
PHASE:		Displacement computation 279 of 304
TIME REMAINING:	42 minutes and 55 seconds
PROGRESS:	91%	*******************************************************************************************:::::::::

OPERATION:	Pairwise displacement computation
PHASE:		Displacement computation 280 of 304
TIME REMAINING:	41 minutes and 18 seconds
PROGRESS:	92%	********************************************************************************************::::::::

OPERATION:	Pairwise displacement computation
PHASE:		Displacement computation 281 of 304
TIME REMAINING:	39 minutes and 26 seconds
PROGRESS:	92%	********************************************************************************************::::::::

OPERATION:	Pairwise displacement computation
PHASE:		Displacement computation 282 of 304
TIME REMAINING:	37 minutes and 48 seconds
PROGRESS:	92%	********************************************************************************************::::::::

OPERATION:	Pairwise displacement computation
PHASE:		Displacement computation 283 of 304
TIME REMAINING:	35 minutes and 57 seconds
PROGRESS:	93%	*********************************************************************************************:::::::

OPERATION:	Pairwise displacement computation
PHASE:		Displacement computation 284 of 304
TIME REMAINING:	34 minutes and 19 seconds
PROGRESS:	93%	*********************************************************************************************:::::::

OPERATION:	Pairwise displacement computation
PHASE:		Displacement computation 285 of 304
TIME REMAINING:	32 minutes and 30 seconds
PROGRESS:	93%	*********************************************************************************************:::::::

OPERATION:	Pairwise displacement computation
PHASE:		Displacement computation 286 of 304
TIME REMAINING:	30 minutes and 51 seconds
PROGRESS:	94%	**********************************************************************************************::::::

OPERATION:	Pairwise displacement computation
PHASE:		Displacement computation 287 of 304
TIME REMAINING:	29 minutes and 12 seconds
PROGRESS:	94%	**********************************************************************************************::::::

OPERATION:	Pairwise displacement computation
PHASE:		Displacement computation 288 of 304
TIME REMAINING:	27 minutes and 23 seconds
PROGRESS:	94%	**********************************************************************************************::::::

OPERATION:	Pairwise displacement computation
PHASE:		Displacement computation 289 of 304
TIME REMAINING:	25 minutes and 44 seconds
PROGRESS:	95%	***********************************************************************************************:::::

OPERATION:	Pairwise displacement computation
PHASE:		Displacement computation 290 of 304
TIME REMAINING:	23 minutes and 56 seconds
PROGRESS:	95%	***********************************************************************************************:::::

OPERATION:	Pairwise displacement computation
PHASE:		Displacement computation 291 of 304
TIME REMAINING:	22 minutes and 17 seconds
PROGRESS:	95%	***********************************************************************************************:::::

OPERATION:	Pairwise displacement computation
PHASE:		Displacement computation 292 of 304
TIME REMAINING:	20 minutes and 30 seconds
PROGRESS:	96%	************************************************************************************************::::

OPERATION:	Pairwise displacement computation
PHASE:		Displacement computation 293 of 304
TIME REMAINING:	18 minutes and 50 seconds
PROGRESS:	96%	************************************************************************************************::::

OPERATION:	Pairwise displacement computation
PHASE:		Displacement computation 294 of 304
TIME REMAINING:	17 minutes and 10 seconds
PROGRESS:	96%	************************************************************************************************::::

OPERATION:	Pairwise displacement computation
PHASE:		Displacement computation 295 of 304
TIME REMAINING:	15 minutes and 23 seconds
PROGRESS:	97%	*************************************************************************************************:::

OPERATION:	Pairwise displacement computation
PHASE:		Displacement computation 296 of 304
TIME REMAINING:	13 minutes and 43 seconds
PROGRESS:	97%	*************************************************************************************************:::

OPERATION:	Pairwise displacement computation
PHASE:		Displacement computation 297 of 304
TIME REMAINING:	11 minutes and 57 seconds
PROGRESS:	97%	*************************************************************************************************:::

OPERATION:	Pairwise displacement computation
PHASE:		Displacement computation 298 of 3[H[2J[3J[H[2J[3J[H[2J[3J[H[2J[3J[H[2J[3J[H[2J[3J[H[2J[3J04
TIME REMAINING:	10 minutes and 16 seconds
PROGRESS:	98%	**************************************************************************************************::

OPERATION:	Pairwise displacement computation
PHASE:		Displacement computation 299 of 304
TIME REMAINING:	8 minutes and 32 seconds
PROGRESS:	98%	**************************************************************************************************::

OPERATION:	Pairwise displacement computation
PHASE:		Displacement computation 300 of 304
TIME REMAINING:	6 minutes and 50 seconds
PROGRESS:	98%	**************************************************************************************************::

OPERATION:	Pairwise displacement computation
PHASE:		Displacement computation 301 of 304
TIME REMAINING:	5 minutes and 8 seconds
PROGRESS:	99%	***************************************************************************************************:

OPERATION:	Pairwise displacement computation
PHASE:		Displacement computation 302 of 304
TIME REMAINING:	3 minutes and 25 seconds
PROGRESS:	99%	***************************************************************************************************:

OPERATION:	Pairwise displacement computation
PHASE:		Displacement computation 303 of 304
TIME REMAINING:	1 minutes and 42 seconds
PROGRESS:	99%	***************************************************************************************************:

OPERATION:	Pairwise displacement computation
PHASE:		Displacement computation 304 of 304
TIME REMAINING:	0 minutes and 0 seconds
PROGRESS:	100%	****************************************************************************************************

OPERATION:	Pairwise displacement computation
PHASE:		Ended!
TIME REMAINING:	0 minutes and 0 seconds
PROGRESS:	100%	****************************************************************************************************


Time elapsed: 30958.0 seconds

chmod: cannot access '/athena/listonlab/scratch/dje4001/lightsheet_scratch/WATERCONTROL/lightsheet/destriped/20221114_21_57_43_Cage4079848_Animal2_VirusFOSCREERXAI9_COHORT1_TMT_WATER_CONTROL/Ex_561_Em_600/xml_merging.xml': No such file or directory
copying the xml_displcomp file to all channels
This is the file we are copying: /athena/listonlab/scratch/dje4001/lightsheet_scratch/WATERCONTROL/lightsheet/destriped/20221114_21_57_43_Cage4079848_Animal2_VirusFOSCREERXAI9_COHORT1_TMT_WATER_CONTROL/Ex_561_Em_600/xml_displcomp.xml
This is the place it is going: /athena/listonlab/scratch/dje4001/lightsheet_scratch/WATERCONTROL/lightsheet/destriped/20221114_21_57_43_Cage4079848_Animal2_VirusFOSCREERXAI9_COHORT1_TMT_WATER_CONTROL/Ex_561_Em_600/
copying the xml_displcomp file to all channels
This is the file we are copying: /athena/listonlab/scratch/dje4001/lightsheet_scratch/WATERCONTROL/lightsheet/destriped/20221114_21_57_43_Cage4079848_Animal2_VirusFOSCREERXAI9_COHORT1_TMT_WATER_CONTROL/Ex_561_Em_600/xml_displcomp.xml
This is the place it is going: /athena/listonlab/scratch/dje4001/lightsheet_scratch/WATERCONTROL/lightsheet/destriped/20221114_21_57_43_Cage4079848_Animal2_VirusFOSCREERXAI9_COHORT1_TMT_WATER_CONTROL/Ex_647_Em_680/

Time elapsed: 0.0 seconds


Time elapsed: 0.0 seconds


Time elapsed: 0.0 seconds

srun: error: Unable to create step for job 18399: Memory required by task is not available
slurmstepd: error: *** JOB 18399 ON g0003 CANCELLED AT 2023-09-20T13:29:19 ***
