Traceback (most recent call last):
  File "/home/fs01/dje4001/lightsheet_cluster/./replaceempty.py", line 6, in <module>
    import numpy as np
ModuleNotFoundError: No module named 'numpy'
/athena/listonlab/scratch/dje4001/lightsheet_scratch/WATERCONTROL/lightsheet/raw/20221114_21_57_43_Cage4079848_Animal2_VirusFOSCREERXAI9_COHORT1_TMT_WATER_CONTROL/
Submitted batch job 14879
/athena/listonlab/scratch/dje4001/lightsheet_scratch/WATERCONTROL/lightsheet/raw/20221223_15_51_52_cage4079848_animal01_female_cohort1_fostrap2xai9tdtomato_watercontrol_0810/
Submitted batch job 14880
/athena/listonlab/scratch/dje4001/lightsheet_scratch/WATERCONTROL/lightsheet/raw/20230329_12_57_21_CAGE4278767_ANIMAL01_STRAINFOSTRAPXAI9TDTOMATO_COHORT04_BEHAVIORTMTWATERCONTROL/
Submitted batch job 14881
/athena/listonlab/scratch/dje4001/lightsheet_scratch/WATERCONTROL/lightsheet/raw/20230401_15_40_33_CAGE4278728_ANIMAL02_STRAINFOSTRAPXAI9TDTOMATO_COHORT04_BEHAVIORTMTWATERCONTROL/
Submitted batch job 14882
/athena/listonlab/scratch/dje4001/lightsheet_scratch/WATERCONTROL/lightsheet/raw/20230404_15_20_53_CAGE4278764_ANIMAL02_STRAINFOSTRAPXAI9TDTOMATO_SEXFEMALE_COHORT4_BEHAVIORTMTWATERCONTROL/
Submitted batch job 14883
/athena/listonlab/scratch/dje4001/lightsheet_scratch/WATERCONTROL/lightsheet/raw/20230404_18_29_43_CAGE4278767_ANIMAL04_STRAINFOSTRAPXAI9TDTOMATO_SEXMALE_COHORT4_BEHAVIORTMTWATERCONTROL/
Submitted batch job 14884
/athena/listonlab/scratch/dje4001/lightsheet_scratch/WATERCONTROL/lightsheet/raw/20230406_11_57_39_CAGE4278729_ANIMAL03_STRAINFOSTRAPXAI9TDTOMATO_SEXMALE_COHORT4_BEHAVIORTMTWATERCONTROL/
Submitted batch job 14885
/athena/listonlab/scratch/dje4001/lightsheet_scratch/WATERCONTROL/lightsheet/raw/20230406_15_18_13_Cage4278725_Animal01_STRAINFOSTRAPXAI9TDTOMATO_Female_COHORT4_BEHAVIORTMTWATERCONTROL/
Submitted batch job 14886
/athena/listonlab/scratch/dje4001/lightsheet_scratch/WATERCONTROL/lightsheet/raw/20230406_18_13_45_Cage4278729_Animal02_STRAINFOSTRAPXAI9TDTOMATO_Male_COHORT4_BEHAVIORTMTWATERCONTROL/
Submitted batch job 14887
/athena/listonlab/scratch/dje4001/lightsheet_scratch/WATERCONTROL/lightsheet/raw/20230415_11_13_38_Cage4278767_Animal03_STRAINFOSTRAPXAI9TDTOMATO_Male_Cohort4_BEHAVIORTMTWATERCONTROL/
Submitted batch job 14888
/athena/listonlab/scratch/dje4001/lightsheet_scratch/WATERCONTROL/lightsheet/raw/20230415_13_58_29_Cage4278725_Animal02_STRAINFOSTRAPXAI9TDTOMATO_Female_Cohort4_BEHAVIORTMTWATERCONTROL/
Submitted batch job 14889
/athena/listonlab/scratch/dje4001/lightsheet_scratch/WATERCONTROL/lightsheet/raw/20230415_16_38_19_Cage4278728_Animal01_STRAINFOSTRAPXAI9TDTOMATO_Male_Cohort4_BEHAVIORTMTWATERCONTROL/
Submitted batch job 14890
/athena/listonlab/scratch/dje4001/lightsheet_scratch/WATERCONTROL/lightsheet/raw/20230416_11_13_58_Cage4278767_Animal02_STRAINFOSTRAPXAI9TDTOMATO_Male_Cohort4_BEHAVIORTMTWATERCONTROL/
Submitted batch job 14891
/athena/listonlab/scratch/dje4001/lightsheet_scratch/WATERCONTROL/lightsheet/raw/20230416_13_35_15_Cage4278725_Animal03_STRAINFOSTRAPXAI9TDTOMATO_Female_Cohort4_BEHAVIORTMTWATERCONTROL/
Submitted batch job 14892
/athena/listonlab/scratch/dje4001/lightsheet_scratch/WATERCONTROL/lightsheet/raw/20230416_16_35_42_Cage4278764_Animal01_STRAINFOSTRAPXAI9TDTOMATO_Female_Cohort4_BEHAVIORTMTWATERCONTROL/
Submitted batch job 14893
/athena/listonlab/scratch/dje4001/lightsheet_scratch/WATERCONTROL/lightsheet/raw/20230418_15_11_38_Cage4278729_Animal01_STRAINFOSTRAPXAI9TDTOMATO_Male_Cohort4_BEHAVIORTMTWATERCONTROL/
Submitted batch job 14894
/athena/listonlab/scratch/dje4001/lightsheet_scratch/WATERCONTROL/lightsheet/raw/20230418_18_02_16_Cage4278728_Animal03_STRAINFOSTRAPXAI9TDTOMATO_Male_Cohort4_BEHAVIORTMTWATERCONTROL/
Submitted batch job 14895
/athena/listonlab/scratch/dje4001/lightsheet_scratch/WATERCONTROL/lightsheet/raw/20230513_13_13_01_Cage3976687_Animal2_FosTRAP2XAI9tdtomato_Female_Cohort1_TMTWaterControl/
Submitted batch job 14896
/athena/listonlab/scratch/dje4001/lightsheet_scratch/WATERCONTROL/lightsheet/raw/20230513_18_26_52_Cage3976644_Animal3_FosCreERxAi9_Female_Cohort1_TMTWATERCONTROL/
Submitted batch job 14897
/athena/listonlab/scratch/dje4001/lightsheet_scratch/WATERCONTROL/lightsheet/raw/20230520_09_40_36_Cage3976687_Animal4_FosTRAP2XAi9Tdtomato_Female_Cohort1_TMTWaterControl/
Submitted batch job 14898
/athena/listonlab/scratch/dje4001/lightsheet_scratch/WATERCONTROL/lightsheet/raw/20230601_16_08_39_Cage4079848_Animal3_FosCreERxAi9_Female_Cohort1_TMTWaterControl/
Submitted batch job 14899
/athena/listonlab/scratch/dje4001/lightsheet_scratch/WATERCONTROL/lightsheet/raw/20230605_10_44_58_Cage3976645_Animal2_FosCreERxAi9tdtomato_Male_Cohort1_TMTWaterControl/
Submitted batch job 14900
/athena/listonlab/scratch/dje4001/lightsheet_scratch/WATERCONTROL/lightsheet/raw/20230605_13_04_37_Cage3976687_Animal3_FosTRAP2xAi9Tdtomato_Female_Cohort1_TMTWaterControl/
Submitted batch job 14901
/athena/listonlab/scratch/dje4001/lightsheet_scratch/WATERCONTROL/lightsheet/raw/20230606_10_45_06_Cage4079848_Animal5_FosCreERxAi9_Female_Cohort1_TMTWaterControl/
Submitted batch job 14902
/athena/listonlab/scratch/dje4001/lightsheet_scratch/WATERCONTROL/lightsheet/raw/20230606_14_05_11_Cage3976645_Animal1_FosCreERxAi9_Male_Cohort1_TMTWaterControl/
Submitted batch job 14903
/athena/listonlab/scratch/dje4001/lightsheet_scratch/WATERCONTROL/lightsheet/raw/20230606_19_17_54_Cage4079848_Animal4_FosCreERxAi9_Female_Cohort1_TMTWaterControl/
Submitted batch job 14904
Submitted batch job 14905
